<?xml version="1.0" encoding="UTF-8"?>
<coverage generated="1640842075263" clover="3.2.0">
  <project timestamp="1640842075263" name="All files">
    <metrics statements="291" coveredstatements="116" conditionals="74" coveredconditionals="27" methods="124" coveredmethods="40" elements="489" coveredelements="183" complexity="0" loc="291" ncloc="291" packages="5" files="20" classes="20"/>
    <package name="client.src.Overview">
      <metrics statements="2" coveredstatements="1" conditionals="0" coveredconditionals="0" methods="1" coveredmethods="0"/>
      <file name="Practice.js" path="/Users/bonnieowens/Desktop/FEC/client/src/Overview/Practice.js">
        <metrics statements="2" coveredstatements="1" conditionals="0" coveredconditionals="0" methods="1" coveredmethods="0"/>
        <line num="4" count="1" type="stmt"/>
        <line num="5" count="0" type="stmt"/>
      </file>
    </package>
    <package name="client.src.Q&A">
      <metrics statements="106" coveredstatements="5" conditionals="28" coveredconditionals="0" methods="49" coveredmethods="0"/>
      <file name="AddAnswerModal.jsx" path="/Users/bonnieowens/Desktop/FEC/client/src/Q&A/AddAnswerModal.jsx">
        <metrics statements="43" coveredstatements="1" conditionals="14" coveredconditionals="0" methods="16" coveredmethods="0"/>
        <line num="3" count="1" type="stmt"/>
        <line num="4" count="0" type="stmt"/>
        <line num="5" count="0" type="stmt"/>
        <line num="6" count="0" type="stmt"/>
        <line num="10" count="0" type="stmt"/>
        <line num="11" count="0" type="cond" truecount="0" falsecount="2"/>
        <line num="12" count="0" type="stmt"/>
        <line num="16" count="0" type="stmt"/>
        <line num="17" count="0" type="stmt"/>
        <line num="20" count="0" type="stmt"/>
        <line num="21" count="0" type="stmt"/>
        <line num="22" count="0" type="stmt"/>
        <line num="25" count="0" type="stmt"/>
        <line num="26" count="0" type="stmt"/>
        <line num="27" count="0" type="stmt"/>
        <line num="28" count="0" type="stmt"/>
        <line num="31" count="0" type="stmt"/>
        <line num="32" count="0" type="stmt"/>
        <line num="35" count="0" type="stmt"/>
        <line num="36" count="0" type="stmt"/>
        <line num="39" count="0" type="cond" truecount="0" falsecount="2"/>
        <line num="40" count="0" type="stmt"/>
        <line num="42" count="0" type="stmt"/>
        <line num="45" count="0" type="stmt"/>
        <line num="46" count="0" type="stmt"/>
        <line num="47" count="0" type="stmt"/>
        <line num="50" count="0" type="stmt"/>
        <line num="53" count="0" type="cond" truecount="0" falsecount="2"/>
        <line num="54" count="0" type="stmt"/>
        <line num="55" count="0" type="stmt"/>
        <line num="56" count="0" type="stmt"/>
        <line num="60" count="0" type="stmt"/>
        <line num="61" count="0" type="stmt"/>
        <line num="65" count="0" type="stmt"/>
        <line num="66" count="0" type="stmt"/>
        <line num="72" count="0" type="stmt"/>
        <line num="73" count="0" type="stmt"/>
        <line num="74" count="0" type="stmt"/>
        <line num="77" count="0" type="stmt"/>
        <line num="78" count="0" type="stmt"/>
        <line num="79" count="0" type="stmt"/>
        <line num="80" count="0" type="stmt"/>
        <line num="83" count="0" type="stmt"/>
      </file>
      <file name="AddQuestions.jsx" path="/Users/bonnieowens/Desktop/FEC/client/src/Q&A/AddQuestions.jsx">
        <metrics statements="3" coveredstatements="1" conditionals="0" coveredconditionals="0" methods="2" coveredmethods="0"/>
        <line num="3" count="1" type="stmt"/>
        <line num="5" count="0" type="stmt"/>
        <line num="8" count="0" type="stmt"/>
      </file>
      <file name="IndividualQuestion.jsx" path="/Users/bonnieowens/Desktop/FEC/client/src/Q&A/IndividualQuestion.jsx">
        <metrics statements="31" coveredstatements="1" conditionals="12" coveredconditionals="0" methods="13" coveredmethods="0"/>
        <line num="4" count="1" type="stmt"/>
        <line num="5" count="0" type="stmt"/>
        <line num="6" count="0" type="stmt"/>
        <line num="11" count="0" type="stmt"/>
        <line num="13" count="0" type="cond" truecount="0" falsecount="2"/>
        <line num="14" count="0" type="stmt"/>
        <line num="18" count="0" type="stmt"/>
        <line num="19" count="0" type="stmt"/>
        <line num="22" count="0" type="stmt"/>
        <line num="23" count="0" type="stmt"/>
        <line num="24" count="0" type="stmt"/>
        <line num="27" count="0" type="stmt"/>
        <line num="28" count="0" type="stmt"/>
        <line num="30" count="0" type="stmt"/>
        <line num="34" count="0" type="stmt"/>
        <line num="36" count="0" type="cond" truecount="0" falsecount="2"/>
        <line num="37" count="0" type="stmt"/>
        <line num="38" count="0" type="stmt"/>
        <line num="39" count="0" type="stmt"/>
        <line num="44" count="0" type="stmt"/>
        <line num="45" count="0" type="stmt"/>
        <line num="46" count="0" type="stmt"/>
        <line num="47" count="0" type="stmt"/>
        <line num="52" count="0" type="cond" truecount="0" falsecount="2"/>
        <line num="53" count="0" type="stmt"/>
        <line num="58" count="0" type="stmt"/>
        <line num="61" count="0" type="stmt"/>
        <line num="63" count="0" type="stmt"/>
        <line num="66" count="0" type="stmt"/>
        <line num="69" count="0" type="stmt"/>
        <line num="78" count="0" type="stmt"/>
      </file>
      <file name="QandA.jsx" path="/Users/bonnieowens/Desktop/FEC/client/src/Q&A/QandA.jsx">
        <metrics statements="24" coveredstatements="0" conditionals="2" coveredconditionals="0" methods="15" coveredmethods="0"/>
        <line num="14" count="0" type="stmt"/>
        <line num="15" count="0" type="stmt"/>
        <line num="22" count="0" type="stmt"/>
        <line num="32" count="0" type="stmt"/>
        <line num="33" count="0" type="stmt"/>
        <line num="34" count="0" type="stmt"/>
        <line num="39" count="0" type="stmt"/>
        <line num="42" count="0" type="cond" truecount="0" falsecount="2"/>
        <line num="43" count="0" type="stmt"/>
        <line num="53" count="0" type="stmt"/>
        <line num="54" count="0" type="stmt"/>
        <line num="59" count="0" type="stmt"/>
        <line num="60" count="0" type="stmt"/>
        <line num="61" count="0" type="stmt"/>
        <line num="70" count="0" type="stmt"/>
        <line num="71" count="0" type="stmt"/>
        <line num="72" count="0" type="stmt"/>
        <line num="78" count="0" type="stmt"/>
        <line num="79" count="0" type="stmt"/>
        <line num="80" count="0" type="stmt"/>
        <line num="87" count="0" type="stmt"/>
        <line num="91" count="0" type="stmt"/>
        <line num="94" count="0" type="stmt"/>
        <line num="95" count="0" type="stmt"/>
      </file>
      <file name="SearchQuestions.jsx" path="/Users/bonnieowens/Desktop/FEC/client/src/Q&A/SearchQuestions.jsx">
        <metrics statements="5" coveredstatements="2" conditionals="0" coveredconditionals="0" methods="3" coveredmethods="0"/>
        <line num="4" count="1" type="stmt"/>
        <line num="5" count="0" type="stmt"/>
        <line num="8" count="1" type="stmt"/>
        <line num="10" count="0" type="stmt"/>
        <line num="14" count="0" type="stmt"/>
      </file>
    </package>
    <package name="client.src.Ratings">
      <metrics statements="128" coveredstatements="77" conditionals="46" coveredconditionals="27" methods="47" coveredmethods="30"/>
      <file name="AddReview.jsx" path="/Users/bonnieowens/Desktop/FEC/client/src/Ratings/AddReview.jsx">
        <metrics statements="10" coveredstatements="5" conditionals="2" coveredconditionals="2" methods="5" coveredmethods="2"/>
        <line num="6" count="1" type="stmt"/>
        <line num="7" count="10" type="stmt"/>
        <line num="10" count="18" type="cond" truecount="2" falsecount="0"/>
        <line num="12" count="10" type="stmt"/>
        <line num="13" count="0" type="stmt"/>
        <line num="14" count="0" type="stmt"/>
        <line num="15" count="0" type="stmt"/>
        <line num="18" count="10" type="stmt"/>
        <line num="20" count="0" type="stmt"/>
        <line num="25" count="0" type="stmt"/>
      </file>
      <file name="ImageModal.jsx" path="/Users/bonnieowens/Desktop/FEC/client/src/Ratings/ImageModal.jsx">
        <metrics statements="8" coveredstatements="8" conditionals="0" coveredconditionals="0" methods="4" coveredmethods="4"/>
        <line num="4" count="1" type="stmt"/>
        <line num="5" count="18" type="stmt"/>
        <line num="6" count="18" type="stmt"/>
        <line num="7" count="18" type="stmt"/>
        <line num="9" count="16" type="stmt"/>
        <line num="10" count="1" type="stmt"/>
        <line num="11" count="1" type="stmt"/>
        <line num="15" count="1" type="stmt"/>
      </file>
      <file name="NewReview.jsx" path="/Users/bonnieowens/Desktop/FEC/client/src/Ratings/NewReview.jsx">
        <metrics statements="59" coveredstatements="21" conditionals="18" coveredconditionals="3" methods="17" coveredmethods="7"/>
        <line num="6" count="1" type="stmt"/>
        <line num="7" count="10" type="stmt"/>
        <line num="14" count="10" type="stmt"/>
        <line num="16" count="50" type="stmt"/>
        <line num="17" count="0" type="stmt"/>
        <line num="18" count="0" type="stmt"/>
        <line num="19" count="0" type="stmt"/>
        <line num="21" count="0" type="stmt"/>
        <line num="22" count="0" type="stmt"/>
        <line num="24" count="0" type="stmt"/>
        <line num="25" count="0" type="stmt"/>
        <line num="26" count="0" type="stmt"/>
        <line num="32" count="1" type="stmt"/>
        <line num="33" count="1" type="stmt"/>
        <line num="34" count="18" type="stmt"/>
        <line num="42" count="18" type="stmt"/>
        <line num="43" count="18" type="stmt"/>
        <line num="44" count="0" type="stmt"/>
        <line num="45" count="0" type="stmt"/>
        <line num="46" count="0" type="stmt"/>
        <line num="48" count="18" type="stmt"/>
        <line num="53" count="0" type="stmt"/>
        <line num="54" count="0" type="stmt"/>
        <line num="55" count="0" type="stmt"/>
        <line num="56" count="0" type="stmt"/>
        <line num="57" count="0" type="stmt"/>
        <line num="63" count="1" type="stmt"/>
        <line num="64" count="1" type="stmt"/>
        <line num="65" count="10" type="stmt"/>
        <line num="68" count="0" type="stmt"/>
        <line num="69" count="0" type="stmt"/>
        <line num="70" count="0" type="stmt"/>
        <line num="71" count="0" type="stmt"/>
        <line num="72" count="0" type="cond" truecount="0" falsecount="2"/>
        <line num="73" count="0" type="stmt"/>
        <line num="74" count="0" type="stmt"/>
        <line num="82" count="1" type="stmt"/>
        <line num="83" count="10" type="stmt"/>
        <line num="84" count="10" type="stmt"/>
        <line num="88" count="0" type="stmt"/>
        <line num="94" count="1" type="stmt"/>
        <line num="95" count="10" type="stmt"/>
        <line num="96" count="10" type="cond" truecount="2" falsecount="0"/>
        <line num="97" count="10" type="stmt"/>
        <line num="116" count="18" type="stmt"/>
        <line num="148" count="0" type="stmt"/>
        <line num="149" count="0" type="cond" truecount="0" falsecount="2"/>
        <line num="150" count="0" type="stmt"/>
        <line num="151" count="0" type="stmt"/>
        <line num="152" count="0" type="stmt"/>
        <line num="153" count="0" type="stmt"/>
        <line num="155" count="0" type="cond" truecount="0" falsecount="8"/>
        <line num="157" count="0" type="cond" truecount="0" falsecount="2"/>
        <line num="159" count="0" type="stmt"/>
        <line num="169" count="0" type="stmt"/>
        <line num="170" count="0" type="stmt"/>
        <line num="171" count="0" type="stmt"/>
        <line num="174" count="0" type="stmt"/>
        <line num="185" count="0" type="stmt"/>
      </file>
      <file name="ProductBreakdown.jsx" path="/Users/bonnieowens/Desktop/FEC/client/src/Ratings/ProductBreakdown.jsx">
        <metrics statements="2" coveredstatements="2" conditionals="0" coveredconditionals="0" methods="1" coveredmethods="1"/>
        <line num="3" count="1" type="stmt"/>
        <line num="4" count="10" type="stmt"/>
      </file>
      <file name="RatingBreakdown.jsx" path="/Users/bonnieowens/Desktop/FEC/client/src/Ratings/RatingBreakdown.jsx">
        <metrics statements="2" coveredstatements="2" conditionals="0" coveredconditionals="0" methods="1" coveredmethods="1"/>
        <line num="3" count="1" type="stmt"/>
        <line num="4" count="10" type="stmt"/>
      </file>
      <file name="RatingContainer.jsx" path="/Users/bonnieowens/Desktop/FEC/client/src/Ratings/RatingContainer.jsx">
        <metrics statements="18" coveredstatements="14" conditionals="4" coveredconditionals="2" methods="9" coveredmethods="7"/>
        <line num="11" count="4" type="stmt"/>
        <line num="12" count="4" type="stmt"/>
        <line num="19" count="4" type="stmt"/>
        <line num="23" count="0" type="stmt"/>
        <line num="24" count="0" type="stmt"/>
        <line num="28" count="0" type="stmt"/>
        <line num="36" count="2" type="cond" truecount="1" falsecount="1"/>
        <line num="37" count="2" type="stmt"/>
        <line num="41" count="0" type="stmt"/>
        <line num="48" count="4" type="stmt"/>
        <line num="58" count="4" type="stmt"/>
        <line num="59" count="4" type="stmt"/>
        <line num="60" count="4" type="cond" truecount="1" falsecount="1"/>
        <line num="61" count="4" type="stmt"/>
        <line num="69" count="4" type="stmt"/>
        <line num="70" count="4" type="stmt"/>
        <line num="84" count="4" type="stmt"/>
        <line num="88" count="10" type="stmt"/>
      </file>
      <file name="ReviewTile.jsx" path="/Users/bonnieowens/Desktop/FEC/client/src/Ratings/ReviewTile.jsx">
        <metrics statements="16" coveredstatements="12" conditionals="12" coveredconditionals="11" methods="6" coveredmethods="4"/>
        <line num="6" count="1" type="stmt"/>
        <line num="7" count="16" type="stmt"/>
        <line num="10" count="48" type="stmt"/>
        <line num="15" count="32" type="stmt"/>
        <line num="24" count="1" type="stmt"/>
        <line num="25" count="16" type="cond" truecount="2" falsecount="0"/>
        <line num="26" count="16" type="cond" truecount="2" falsecount="0"/>
        <line num="27" count="16" type="cond" truecount="2" falsecount="0"/>
        <line num="28" count="6" type="stmt"/>
        <line num="33" count="0" type="stmt"/>
        <line num="34" count="0" type="stmt"/>
        <line num="35" count="0" type="stmt"/>
        <line num="40" count="10" type="stmt"/>
        <line num="43" count="16" type="cond" truecount="1" falsecount="1"/>
        <line num="45" count="16" type="stmt"/>
        <line num="73" count="0" type="stmt"/>
      </file>
      <file name="ReviewsList.jsx" path="/Users/bonnieowens/Desktop/FEC/client/src/Ratings/ReviewsList.jsx">
        <metrics statements="11" coveredstatements="11" conditionals="10" coveredconditionals="9" methods="3" coveredmethods="3"/>
        <line num="8" count="1" type="stmt"/>
        <line num="10" count="10" type="cond" truecount="4" falsecount="0"/>
        <line num="11" count="10" type="cond" truecount="2" falsecount="0"/>
        <line num="12" count="10" type="stmt"/>
        <line num="16" count="10" type="stmt"/>
        <line num="21" count="16" type="stmt"/>
        <line num="48" count="1" type="stmt"/>
        <line num="49" count="16" type="stmt"/>
        <line num="63" count="16" type="stmt"/>
        <line num="64" count="16" type="stmt"/>
        <line num="65" count="16" type="cond" truecount="1" falsecount="1"/>
      </file>
      <file name="SortReviews.jsx" path="/Users/bonnieowens/Desktop/FEC/client/src/Ratings/SortReviews.jsx">
        <metrics statements="2" coveredstatements="2" conditionals="0" coveredconditionals="0" methods="1" coveredmethods="1"/>
        <line num="3" count="1" type="stmt"/>
        <line num="4" count="6" type="stmt"/>
      </file>
    </package>
    <package name="client.src.Related">
      <metrics statements="39" coveredstatements="17" conditionals="0" coveredconditionals="0" methods="25" coveredmethods="8"/>
      <file name="Card.jsx" path="/Users/bonnieowens/Desktop/FEC/client/src/Related/Card.jsx">
        <metrics statements="2" coveredstatements="0" conditionals="0" coveredconditionals="0" methods="2" coveredmethods="0"/>
        <line num="9" count="0" type="stmt"/>
        <line num="13" count="0" type="stmt"/>
      </file>
      <file name="OutfitList.jsx" path="/Users/bonnieowens/Desktop/FEC/client/src/Related/OutfitList.jsx">
        <metrics statements="11" coveredstatements="7" conditionals="0" coveredconditionals="0" methods="7" coveredmethods="4"/>
        <line num="14" count="2" type="stmt"/>
        <line num="15" count="2" type="stmt"/>
        <line num="22" count="2" type="stmt"/>
        <line num="26" count="2" type="stmt"/>
        <line num="27" count="2" type="stmt"/>
        <line num="28" count="2" type="stmt"/>
        <line num="31" count="0" type="stmt"/>
        <line num="33" count="0" type="stmt"/>
        <line num="36" count="0" type="stmt"/>
        <line num="41" count="2" type="stmt"/>
        <line num="47" count="0" type="stmt"/>
      </file>
      <file name="RelatedList.jsx" path="/Users/bonnieowens/Desktop/FEC/client/src/Related/RelatedList.jsx">
        <metrics statements="26" coveredstatements="10" conditionals="0" coveredconditionals="0" methods="16" coveredmethods="4"/>
        <line num="14" count="2" type="stmt"/>
        <line num="15" count="2" type="stmt"/>
        <line num="31" count="2" type="stmt"/>
        <line num="34" count="2" type="stmt"/>
        <line num="35" count="0" type="stmt"/>
        <line num="36" count="0" type="stmt"/>
        <line num="37" count="0" type="stmt"/>
        <line num="42" count="2" type="stmt"/>
        <line num="43" count="0" type="stmt"/>
        <line num="45" count="0" type="stmt"/>
        <line num="49" count="2" type="stmt"/>
        <line num="50" count="0" type="stmt"/>
        <line num="51" count="0" type="stmt"/>
        <line num="52" count="0" type="stmt"/>
        <line num="54" count="0" type="stmt"/>
        <line num="58" count="2" type="stmt"/>
        <line num="59" count="2" type="stmt"/>
        <line num="60" count="2" type="stmt"/>
        <line num="62" count="0" type="stmt"/>
        <line num="63" count="0" type="stmt"/>
        <line num="65" count="0" type="stmt"/>
        <line num="66" count="0" type="stmt"/>
        <line num="69" count="0" type="stmt"/>
        <line num="72" count="0" type="stmt"/>
        <line num="77" count="2" type="stmt"/>
        <line num="83" count="0" type="stmt"/>
      </file>
    </package>
    <package name="server.routes">
      <metrics statements="16" coveredstatements="16" conditionals="0" coveredconditionals="0" methods="2" coveredmethods="2"/>
      <file name="RelatedFakeData.js" path="/Users/bonnieowens/Desktop/FEC/server/routes/RelatedFakeData.js">
        <metrics statements="10" coveredstatements="10" conditionals="0" coveredconditionals="0" methods="0" coveredmethods="0"/>
        <line num="1" count="1" type="stmt"/>
        <line num="58" count="1" type="stmt"/>
        <line num="261" count="1" type="stmt"/>
        <line num="267" count="1" type="stmt"/>
        <line num="399" count="1" type="stmt"/>
        <line num="1643" count="1" type="stmt"/>
        <line num="1644" count="1" type="stmt"/>
        <line num="1645" count="1" type="stmt"/>
        <line num="1646" count="1" type="stmt"/>
        <line num="1647" count="1" type="stmt"/>
      </file>
      <file name="ReviewsfakeData.js" path="/Users/bonnieowens/Desktop/FEC/server/routes/ReviewsfakeData.js">
        <metrics statements="6" coveredstatements="6" conditionals="0" coveredconditionals="0" methods="2" coveredmethods="2"/>
        <line num="1" count="255" type="stmt"/>
        <line num="2" count="10" type="stmt"/>
        <line num="4" count="1" type="stmt"/>
        <line num="148" count="1" type="stmt"/>
        <line num="174" count="1" type="stmt"/>
        <line num="175" count="1" type="stmt"/>
      </file>
    </package>
  </project>
</coverage>
