{"/home/yytt77/HackReactor/FEC/client/src/Overview/Practice.js": {"path":"/home/yytt77/HackReactor/FEC/client/src/Overview/Practice.js","statementMap":{"0":{"start":{"line":4,"column":15},"end":{"line":6,"column":1}},"1":{"start":{"line":5,"column":2},"end":{"line":5,"column":77}}},"fnMap":{"0":{"name":"(anonymous_0)","decl":{"start":{"line":4,"column":15},"end":{"line":4,"column":16}},"loc":{"start":{"line":4,"column":26},"end":{"line":6,"column":1}},"line":4}},"branchMap":{},"s":{"0":1,"1":0},"f":{"0":0},"b":{},"_coverageSchema":"1a1c01bbd47fc00a2c39e90264f33305004495a9","hash":"8864979afb65a59fcfc078b9ab015ca829e64131"}
,"/home/yytt77/HackReactor/FEC/client/src/Q&A/AddQuestions.jsx": {"path":"/home/yytt77/HackReactor/FEC/client/src/Q&A/AddQuestions.jsx","statementMap":{"0":{"start":{"line":3,"column":21},"end":{"line":15,"column":1}},"1":{"start":{"line":5,"column":2},"end":{"line":14,"column":3}},"2":{"start":{"line":8,"column":8},"end":{"line":11,"column":14}}},"fnMap":{"0":{"name":"(anonymous_0)","decl":{"start":{"line":3,"column":21},"end":{"line":3,"column":22}},"loc":{"start":{"line":3,"column":32},"end":{"line":15,"column":1}},"line":3},"1":{"name":"(anonymous_1)","decl":{"start":{"line":7,"column":26},"end":{"line":7,"column":27}},"loc":{"start":{"line":8,"column":8},"end":{"line":11,"column":14}},"line":8}},"branchMap":{},"s":{"0":1,"1":0,"2":0},"f":{"0":0,"1":0},"b":{},"_coverageSchema":"1a1c01bbd47fc00a2c39e90264f33305004495a9","hash":"a0f8ddd40adb19ba8b9e96e5129215f172436e43"}
,"/home/yytt77/HackReactor/FEC/client/src/Q&A/AnswerModal.jsx": {"path":"/home/yytt77/HackReactor/FEC/client/src/Q&A/AnswerModal.jsx","statementMap":{"0":{"start":{"line":3,"column":20},"end":{"line":92,"column":1}},"1":{"start":{"line":4,"column":32},"end":{"line":4,"column":47}},"2":{"start":{"line":5,"column":26},"end":{"line":5,"column":37}},"3":{"start":{"line":6,"column":26},"end":{"line":6,"column":41}},"4":{"start":{"line":10,"column":21},"end":{"line":14,"column":3}},"5":{"start":{"line":11,"column":4},"end":{"line":13,"column":5}},"6":{"start":{"line":12,"column":6},"end":{"line":12,"column":84}},"7":{"start":{"line":12,"column":36},"end":{"line":12,"column":57}},"8":{"start":{"line":16,"column":26},"end":{"line":18,"column":3}},"9":{"start":{"line":17,"column":4},"end":{"line":17,"column":78}},"10":{"start":{"line":17,"column":34},"end":{"line":17,"column":51}},"11":{"start":{"line":20,"column":26},"end":{"line":23,"column":3}},"12":{"start":{"line":21,"column":4},"end":{"line":21,"column":22}},"13":{"start":{"line":22,"column":4},"end":{"line":22,"column":15}},"14":{"start":{"line":25,"column":15},"end":{"line":70,"column":3}},"15":{"start":{"line":26,"column":17},"end":{"line":26,"column":19}},"16":{"start":{"line":27,"column":4},"end":{"line":29,"column":5}},"17":{"start":{"line":28,"column":6},"end":{"line":28,"column":43}},"18":{"start":{"line":31,"column":4},"end":{"line":33,"column":7}},"19":{"start":{"line":32,"column":6},"end":{"line":32,"column":59}},"20":{"start":{"line":35,"column":4},"end":{"line":37,"column":7}},"21":{"start":{"line":36,"column":6},"end":{"line":36,"column":88}},"22":{"start":{"line":39,"column":4},"end":{"line":43,"column":5}},"23":{"start":{"line":40,"column":22},"end":{"line":40,"column":40}},"24":{"start":{"line":42,"column":22},"end":{"line":42,"column":28}},"25":{"start":{"line":45,"column":19},"end":{"line":48,"column":5}},"26":{"start":{"line":46,"column":6},"end":{"line":46,"column":24}},"27":{"start":{"line":47,"column":6},"end":{"line":47,"column":38}},"28":{"start":{"line":50,"column":20},"end":{"line":58,"column":5}},"29":{"start":{"line":53,"column":6},"end":{"line":57,"column":7}},"30":{"start":{"line":54,"column":30},"end":{"line":54,"column":60}},"31":{"start":{"line":55,"column":8},"end":{"line":55,"column":45}},"32":{"start":{"line":56,"column":8},"end":{"line":56,"column":32}},"33":{"start":{"line":60,"column":4},"end":{"line":69,"column":5}},"34":{"start":{"line":61,"column":6},"end":{"line":68,"column":12}},"35":{"start":{"line":65,"column":12},"end":{"line":65,"column":74}},"36":{"start":{"line":66,"column":158},"end":{"line":66,"column":185}},"37":{"start":{"line":72,"column":24},"end":{"line":75,"column":3}},"38":{"start":{"line":73,"column":4},"end":{"line":73,"column":21}},"39":{"start":{"line":74,"column":4},"end":{"line":74,"column":39}},"40":{"start":{"line":77,"column":24},"end":{"line":81,"column":3}},"41":{"start":{"line":78,"column":15},"end":{"line":78,"column":29}},"42":{"start":{"line":79,"column":24},"end":{"line":79,"column":54}},"43":{"start":{"line":80,"column":4},"end":{"line":80,"column":79}},"44":{"start":{"line":83,"column":2},"end":{"line":90,"column":3}}},"fnMap":{"0":{"name":"(anonymous_0)","decl":{"start":{"line":3,"column":20},"end":{"line":3,"column":21}},"loc":{"start":{"line":3,"column":68},"end":{"line":92,"column":1}},"line":3},"1":{"name":"(anonymous_1)","decl":{"start":{"line":10,"column":21},"end":{"line":10,"column":22}},"loc":{"start":{"line":10,"column":27},"end":{"line":14,"column":3}},"line":10},"2":{"name":"(anonymous_2)","decl":{"start":{"line":12,"column":30},"end":{"line":12,"column":31}},"loc":{"start":{"line":12,"column":36},"end":{"line":12,"column":57}},"line":12},"3":{"name":"(anonymous_3)","decl":{"start":{"line":16,"column":26},"end":{"line":16,"column":27}},"loc":{"start":{"line":16,"column":32},"end":{"line":18,"column":3}},"line":16},"4":{"name":"(anonymous_4)","decl":{"start":{"line":17,"column":28},"end":{"line":17,"column":29}},"loc":{"start":{"line":17,"column":34},"end":{"line":17,"column":51}},"line":17},"5":{"name":"(anonymous_5)","decl":{"start":{"line":20,"column":26},"end":{"line":20,"column":27}},"loc":{"start":{"line":20,"column":32},"end":{"line":23,"column":3}},"line":20},"6":{"name":"(anonymous_6)","decl":{"start":{"line":25,"column":15},"end":{"line":25,"column":16}},"loc":{"start":{"line":25,"column":43},"end":{"line":70,"column":3}},"line":25},"7":{"name":"(anonymous_7)","decl":{"start":{"line":31,"column":16},"end":{"line":31,"column":17}},"loc":{"start":{"line":31,"column":31},"end":{"line":33,"column":5}},"line":31},"8":{"name":"(anonymous_8)","decl":{"start":{"line":35,"column":16},"end":{"line":35,"column":17}},"loc":{"start":{"line":35,"column":31},"end":{"line":37,"column":5}},"line":35},"9":{"name":"(anonymous_9)","decl":{"start":{"line":45,"column":19},"end":{"line":45,"column":20}},"loc":{"start":{"line":45,"column":26},"end":{"line":48,"column":5}},"line":45},"10":{"name":"(anonymous_10)","decl":{"start":{"line":50,"column":20},"end":{"line":50,"column":21}},"loc":{"start":{"line":50,"column":37},"end":{"line":58,"column":5}},"line":50},"11":{"name":"(anonymous_11)","decl":{"start":{"line":60,"column":25},"end":{"line":60,"column":26}},"loc":{"start":{"line":61,"column":6},"end":{"line":68,"column":12}},"line":61},"12":{"name":"(anonymous_12)","decl":{"start":{"line":64,"column":35},"end":{"line":64,"column":36}},"loc":{"start":{"line":65,"column":12},"end":{"line":65,"column":74}},"line":65},"13":{"name":"(anonymous_13)","decl":{"start":{"line":66,"column":151},"end":{"line":66,"column":152}},"loc":{"start":{"line":66,"column":158},"end":{"line":66,"column":185}},"line":66},"14":{"name":"(anonymous_14)","decl":{"start":{"line":72,"column":24},"end":{"line":72,"column":25}},"loc":{"start":{"line":72,"column":36},"end":{"line":75,"column":3}},"line":72},"15":{"name":"(anonymous_15)","decl":{"start":{"line":77,"column":24},"end":{"line":77,"column":25}},"loc":{"start":{"line":77,"column":34},"end":{"line":81,"column":3}},"line":77}},"branchMap":{"0":{"loc":{"start":{"line":11,"column":4},"end":{"line":13,"column":5}},"type":"if","locations":[{"start":{"line":11,"column":4},"end":{"line":13,"column":5}},{"start":{},"end":{}}],"line":11},"1":{"loc":{"start":{"line":39,"column":4},"end":{"line":43,"column":5}},"type":"if","locations":[{"start":{"line":39,"column":4},"end":{"line":43,"column":5}},{"start":{"line":41,"column":11},"end":{"line":43,"column":5}}],"line":39},"2":{"loc":{"start":{"line":53,"column":6},"end":{"line":57,"column":7}},"type":"if","locations":[{"start":{"line":53,"column":6},"end":{"line":57,"column":7}},{"start":{},"end":{}}],"line":53},"3":{"loc":{"start":{"line":63,"column":9},"end":{"line":65,"column":80}},"type":"cond-expr","locations":[{"start":{"line":64,"column":10},"end":{"line":65,"column":75}},{"start":{"line":65,"column":78},"end":{"line":65,"column":80}}],"line":63},"4":{"loc":{"start":{"line":86,"column":11},"end":{"line":86,"column":76}},"type":"cond-expr","locations":[{"start":{"line":86,"column":43},"end":{"line":86,"column":61}},{"start":{"line":86,"column":64},"end":{"line":86,"column":76}}],"line":86},"5":{"loc":{"start":{"line":86,"column":11},"end":{"line":86,"column":40}},"type":"binary-expr","locations":[{"start":{"line":86,"column":11},"end":{"line":86,"column":28}},{"start":{"line":86,"column":32},"end":{"line":86,"column":40}}],"line":86},"6":{"loc":{"start":{"line":88,"column":9},"end":{"line":88,"column":61}},"type":"cond-expr","locations":[{"start":{"line":88,"column":29},"end":{"line":88,"column":41}},{"start":{"line":88,"column":44},"end":{"line":88,"column":61}}],"line":88}},"s":{"0":1,"1":0,"2":0,"3":0,"4":0,"5":0,"6":0,"7":0,"8":0,"9":0,"10":0,"11":0,"12":0,"13":0,"14":0,"15":0,"16":0,"17":0,"18":0,"19":0,"20":0,"21":0,"22":0,"23":0,"24":0,"25":0,"26":0,"27":0,"28":0,"29":0,"30":0,"31":0,"32":0,"33":0,"34":0,"35":0,"36":0,"37":0,"38":0,"39":0,"40":0,"41":0,"42":0,"43":0,"44":0},"f":{"0":0,"1":0,"2":0,"3":0,"4":0,"5":0,"6":0,"7":0,"8":0,"9":0,"10":0,"11":0,"12":0,"13":0,"14":0,"15":0},"b":{"0":[0,0],"1":[0,0],"2":[0,0],"3":[0,0],"4":[0,0],"5":[0,0],"6":[0,0]},"_coverageSchema":"1a1c01bbd47fc00a2c39e90264f33305004495a9","hash":"cbe130a65a437a42f035488958c0915e0da73a98"}
,"/home/yytt77/HackReactor/FEC/client/src/Q&A/AskNewQuestion.jsx": {"path":"/home/yytt77/HackReactor/FEC/client/src/Q&A/AskNewQuestion.jsx","statementMap":{"0":{"start":{"line":4,"column":23},"end":{"line":125,"column":1}},"1":{"start":{"line":6,"column":26},"end":{"line":6,"column":37}},"2":{"start":{"line":7,"column":34},"end":{"line":7,"column":46}},"3":{"start":{"line":8,"column":34},"end":{"line":8,"column":46}},"4":{"start":{"line":9,"column":28},"end":{"line":9,"column":40}},"5":{"start":{"line":10,"column":28},"end":{"line":10,"column":40}},"6":{"start":{"line":11,"column":38},"end":{"line":11,"column":50}},"7":{"start":{"line":12,"column":36},"end":{"line":12,"column":48}},"8":{"start":{"line":13,"column":44},"end":{"line":13,"column":56}},"9":{"start":{"line":15,"column":31},"end":{"line":20,"column":3}},"10":{"start":{"line":17,"column":26},"end":{"line":17,"column":40}},"11":{"start":{"line":18,"column":4},"end":{"line":18,"column":33}},"12":{"start":{"line":19,"column":4},"end":{"line":19,"column":36}},"13":{"start":{"line":22,"column":31},"end":{"line":24,"column":3}},"14":{"start":{"line":23,"column":4},"end":{"line":23,"column":32}},"15":{"start":{"line":26,"column":28},"end":{"line":28,"column":3}},"16":{"start":{"line":27,"column":4},"end":{"line":27,"column":29}},"17":{"start":{"line":30,"column":19},"end":{"line":62,"column":3}},"18":{"start":{"line":31,"column":21},"end":{"line":31,"column":23}},"19":{"start":{"line":32,"column":20},"end":{"line":32,"column":22}},"20":{"start":{"line":33,"column":24},"end":{"line":33,"column":26}},"21":{"start":{"line":34,"column":4},"end":{"line":36,"column":5}},"22":{"start":{"line":35,"column":6},"end":{"line":35,"column":79}},"23":{"start":{"line":37,"column":4},"end":{"line":42,"column":5}},"24":{"start":{"line":38,"column":6},"end":{"line":38,"column":48}},"25":{"start":{"line":40,"column":9},"end":{"line":42,"column":5}},"26":{"start":{"line":41,"column":6},"end":{"line":41,"column":23}},"27":{"start":{"line":43,"column":4},"end":{"line":48,"column":5}},"28":{"start":{"line":44,"column":6},"end":{"line":44,"column":52}},"29":{"start":{"line":46,"column":9},"end":{"line":48,"column":5}},"30":{"start":{"line":47,"column":6},"end":{"line":47,"column":27}},"31":{"start":{"line":49,"column":4},"end":{"line":52,"column":5}},"32":{"start":{"line":50,"column":6},"end":{"line":50,"column":38}},"33":{"start":{"line":51,"column":6},"end":{"line":51,"column":19}},"34":{"start":{"line":53,"column":4},"end":{"line":56,"column":5}},"35":{"start":{"line":54,"column":6},"end":{"line":54,"column":30}},"36":{"start":{"line":55,"column":6},"end":{"line":55,"column":19}},"37":{"start":{"line":57,"column":4},"end":{"line":60,"column":5}},"38":{"start":{"line":58,"column":6},"end":{"line":58,"column":32}},"39":{"start":{"line":59,"column":6},"end":{"line":59,"column":19}},"40":{"start":{"line":61,"column":4},"end":{"line":61,"column":16}},"41":{"start":{"line":64,"column":19},"end":{"line":73,"column":3}},"42":{"start":{"line":65,"column":13},"end":{"line":65,"column":29}},"43":{"start":{"line":66,"column":20},"end":{"line":66,"column":30}},"44":{"start":{"line":67,"column":4},"end":{"line":72,"column":5}},"45":{"start":{"line":69,"column":6},"end":{"line":69,"column":107}},"46":{"start":{"line":71,"column":6},"end":{"line":71,"column":25}},"47":{"start":{"line":75,"column":28},"end":{"line":81,"column":3}},"48":{"start":{"line":76,"column":4},"end":{"line":76,"column":23}},"49":{"start":{"line":77,"column":15},"end":{"line":77,"column":32}},"50":{"start":{"line":78,"column":21},"end":{"line":78,"column":46}},"51":{"start":{"line":83,"column":2},"end":{"line":124,"column":9}},"52":{"start":{"line":90,"column":101},"end":{"line":90,"column":124}},"53":{"start":{"line":99,"column":96},"end":{"line":99,"column":119}},"54":{"start":{"line":107,"column":93},"end":{"line":107,"column":113}},"55":{"start":{"line":115,"column":111},"end":{"line":115,"column":131}},"56":{"start":{"line":119,"column":57},"end":{"line":119,"column":75}},"57":{"start":{"line":121,"column":53},"end":{"line":121,"column":76}}},"fnMap":{"0":{"name":"(anonymous_0)","decl":{"start":{"line":4,"column":23},"end":{"line":4,"column":24}},"loc":{"start":{"line":4,"column":34},"end":{"line":125,"column":1}},"line":4},"1":{"name":"(anonymous_1)","decl":{"start":{"line":15,"column":31},"end":{"line":15,"column":32}},"loc":{"start":{"line":15,"column":38},"end":{"line":20,"column":3}},"line":15},"2":{"name":"(anonymous_2)","decl":{"start":{"line":22,"column":31},"end":{"line":22,"column":32}},"loc":{"start":{"line":22,"column":38},"end":{"line":24,"column":3}},"line":22},"3":{"name":"(anonymous_3)","decl":{"start":{"line":26,"column":28},"end":{"line":26,"column":29}},"loc":{"start":{"line":26,"column":35},"end":{"line":28,"column":3}},"line":26},"4":{"name":"(anonymous_4)","decl":{"start":{"line":30,"column":19},"end":{"line":30,"column":20}},"loc":{"start":{"line":30,"column":25},"end":{"line":62,"column":3}},"line":30},"5":{"name":"(anonymous_5)","decl":{"start":{"line":64,"column":19},"end":{"line":64,"column":20}},"loc":{"start":{"line":64,"column":33},"end":{"line":73,"column":3}},"line":64},"6":{"name":"(anonymous_6)","decl":{"start":{"line":75,"column":28},"end":{"line":75,"column":29}},"loc":{"start":{"line":75,"column":35},"end":{"line":81,"column":3}},"line":75},"7":{"name":"(anonymous_7)","decl":{"start":{"line":90,"column":94},"end":{"line":90,"column":95}},"loc":{"start":{"line":90,"column":101},"end":{"line":90,"column":124}},"line":90},"8":{"name":"(anonymous_8)","decl":{"start":{"line":99,"column":89},"end":{"line":99,"column":90}},"loc":{"start":{"line":99,"column":96},"end":{"line":99,"column":119}},"line":99},"9":{"name":"(anonymous_9)","decl":{"start":{"line":107,"column":86},"end":{"line":107,"column":87}},"loc":{"start":{"line":107,"column":93},"end":{"line":107,"column":113}},"line":107},"10":{"name":"(anonymous_10)","decl":{"start":{"line":115,"column":106},"end":{"line":115,"column":107}},"loc":{"start":{"line":115,"column":111},"end":{"line":115,"column":131}},"line":115},"11":{"name":"(anonymous_11)","decl":{"start":{"line":119,"column":50},"end":{"line":119,"column":51}},"loc":{"start":{"line":119,"column":57},"end":{"line":119,"column":75}},"line":119},"12":{"name":"(anonymous_12)","decl":{"start":{"line":121,"column":47},"end":{"line":121,"column":48}},"loc":{"start":{"line":121,"column":53},"end":{"line":121,"column":76}},"line":121}},"branchMap":{"0":{"loc":{"start":{"line":34,"column":4},"end":{"line":36,"column":5}},"type":"if","locations":[{"start":{"line":34,"column":4},"end":{"line":36,"column":5}},{"start":{},"end":{}}],"line":34},"1":{"loc":{"start":{"line":37,"column":4},"end":{"line":42,"column":5}},"type":"if","locations":[{"start":{"line":37,"column":4},"end":{"line":42,"column":5}},{"start":{"line":40,"column":9},"end":{"line":42,"column":5}}],"line":37},"2":{"loc":{"start":{"line":40,"column":9},"end":{"line":42,"column":5}},"type":"if","locations":[{"start":{"line":40,"column":9},"end":{"line":42,"column":5}},{"start":{},"end":{}}],"line":40},"3":{"loc":{"start":{"line":43,"column":4},"end":{"line":48,"column":5}},"type":"if","locations":[{"start":{"line":43,"column":4},"end":{"line":48,"column":5}},{"start":{"line":46,"column":9},"end":{"line":48,"column":5}}],"line":43},"4":{"loc":{"start":{"line":46,"column":9},"end":{"line":48,"column":5}},"type":"if","locations":[{"start":{"line":46,"column":9},"end":{"line":48,"column":5}},{"start":{},"end":{}}],"line":46},"5":{"loc":{"start":{"line":49,"column":4},"end":{"line":52,"column":5}},"type":"if","locations":[{"start":{"line":49,"column":4},"end":{"line":52,"column":5}},{"start":{},"end":{}}],"line":49},"6":{"loc":{"start":{"line":53,"column":4},"end":{"line":56,"column":5}},"type":"if","locations":[{"start":{"line":53,"column":4},"end":{"line":56,"column":5}},{"start":{},"end":{}}],"line":53},"7":{"loc":{"start":{"line":57,"column":4},"end":{"line":60,"column":5}},"type":"if","locations":[{"start":{"line":57,"column":4},"end":{"line":60,"column":5}},{"start":{},"end":{}}],"line":57},"8":{"loc":{"start":{"line":67,"column":4},"end":{"line":72,"column":5}},"type":"if","locations":[{"start":{"line":67,"column":4},"end":{"line":72,"column":5}},{"start":{"line":70,"column":11},"end":{"line":72,"column":5}}],"line":67},"9":{"loc":{"start":{"line":83,"column":9},"end":{"line":124,"column":8}},"type":"cond-expr","locations":[{"start":{"line":84,"column":4},"end":{"line":123,"column":10}},{"start":{"line":124,"column":6},"end":{"line":124,"column":8}}],"line":83},"10":{"loc":{"start":{"line":88,"column":13},"end":{"line":88,"column":110}},"type":"cond-expr","locations":[{"start":{"line":88,"column":47},"end":{"line":88,"column":76}},{"start":{"line":88,"column":79},"end":{"line":88,"column":110}}],"line":88},"11":{"loc":{"start":{"line":94,"column":13},"end":{"line":94,"column":97}},"type":"cond-expr","locations":[{"start":{"line":94,"column":29},"end":{"line":94,"column":90}},{"start":{"line":94,"column":93},"end":{"line":94,"column":97}}],"line":94},"12":{"loc":{"start":{"line":101,"column":13},"end":{"line":101,"column":89}},"type":"cond-expr","locations":[{"start":{"line":101,"column":25},"end":{"line":101,"column":82}},{"start":{"line":101,"column":85},"end":{"line":101,"column":89}}],"line":101},"13":{"loc":{"start":{"line":109,"column":13},"end":{"line":109,"column":91}},"type":"cond-expr","locations":[{"start":{"line":109,"column":26},"end":{"line":109,"column":84}},{"start":{"line":109,"column":87},"end":{"line":109,"column":91}}],"line":109},"14":{"loc":{"start":{"line":111,"column":14},"end":{"line":116,"column":29}},"type":"cond-expr","locations":[{"start":{"line":112,"column":16},"end":{"line":116,"column":22}},{"start":{"line":116,"column":25},"end":{"line":116,"column":29}}],"line":111}},"s":{"0":1,"1":0,"2":0,"3":0,"4":0,"5":0,"6":0,"7":0,"8":0,"9":0,"10":0,"11":0,"12":0,"13":0,"14":0,"15":0,"16":0,"17":0,"18":0,"19":0,"20":0,"21":0,"22":0,"23":0,"24":0,"25":0,"26":0,"27":0,"28":0,"29":0,"30":0,"31":0,"32":0,"33":0,"34":0,"35":0,"36":0,"37":0,"38":0,"39":0,"40":0,"41":0,"42":0,"43":0,"44":0,"45":0,"46":0,"47":0,"48":0,"49":0,"50":0,"51":0,"52":0,"53":0,"54":0,"55":0,"56":0,"57":0},"f":{"0":0,"1":0,"2":0,"3":0,"4":0,"5":0,"6":0,"7":0,"8":0,"9":0,"10":0,"11":0,"12":0},"b":{"0":[0,0],"1":[0,0],"2":[0,0],"3":[0,0],"4":[0,0],"5":[0,0],"6":[0,0],"7":[0,0],"8":[0,0],"9":[0,0],"10":[0,0],"11":[0,0],"12":[0,0],"13":[0,0],"14":[0,0]},"_coverageSchema":"1a1c01bbd47fc00a2c39e90264f33305004495a9","hash":"43c4194f6e89aa218d876c7cf50eb24b5057106b"}
,"/home/yytt77/HackReactor/FEC/client/src/Q&A/IndividualQuestion.jsx": {"path":"/home/yytt77/HackReactor/FEC/client/src/Q&A/IndividualQuestion.jsx","statementMap":{"0":{"start":{"line":5,"column":27},"end":{"line":89,"column":1}},"1":{"start":{"line":6,"column":32},"end":{"line":6,"column":47}},"2":{"start":{"line":7,"column":48},"end":{"line":7,"column":59}},"3":{"start":{"line":8,"column":40},"end":{"line":8,"column":55}},"4":{"start":{"line":9,"column":40},"end":{"line":9,"column":55}},"5":{"start":{"line":10,"column":42},"end":{"line":10,"column":54}},"6":{"start":{"line":11,"column":38},"end":{"line":11,"column":49}},"7":{"start":{"line":16,"column":21},"end":{"line":21,"column":3}},"8":{"start":{"line":18,"column":4},"end":{"line":20,"column":5}},"9":{"start":{"line":19,"column":6},"end":{"line":19,"column":87}},"10":{"start":{"line":19,"column":36},"end":{"line":19,"column":53}},"11":{"start":{"line":23,"column":26},"end":{"line":25,"column":3}},"12":{"start":{"line":24,"column":4},"end":{"line":24,"column":83}},"13":{"start":{"line":24,"column":34},"end":{"line":24,"column":53}},"14":{"start":{"line":27,"column":28},"end":{"line":30,"column":3}},"15":{"start":{"line":28,"column":4},"end":{"line":28,"column":22}},"16":{"start":{"line":29,"column":4},"end":{"line":29,"column":26}},"17":{"start":{"line":32,"column":26},"end":{"line":37,"column":3}},"18":{"start":{"line":33,"column":4},"end":{"line":33,"column":44}},"19":{"start":{"line":35,"column":6},"end":{"line":35,"column":23}},"20":{"start":{"line":39,"column":18},"end":{"line":47,"column":3}},"21":{"start":{"line":41,"column":4},"end":{"line":45,"column":5}},"22":{"start":{"line":42,"column":28},"end":{"line":42,"column":58}},"23":{"start":{"line":43,"column":6},"end":{"line":43,"column":43}},"24":{"start":{"line":44,"column":6},"end":{"line":44,"column":40}},"25":{"start":{"line":49,"column":15},"end":{"line":79,"column":3}},"26":{"start":{"line":50,"column":19},"end":{"line":50,"column":33}},"27":{"start":{"line":51,"column":4},"end":{"line":53,"column":7}},"28":{"start":{"line":52,"column":6},"end":{"line":52,"column":71}},"29":{"start":{"line":55,"column":4},"end":{"line":62,"column":5}},"30":{"start":{"line":56,"column":24},"end":{"line":56,"column":58}},"31":{"start":{"line":61,"column":24},"end":{"line":61,"column":32}},"32":{"start":{"line":64,"column":4},"end":{"line":78,"column":5}},"33":{"start":{"line":66,"column":8},"end":{"line":76,"column":14}},"34":{"start":{"line":69,"column":142},"end":{"line":69,"column":181}},"35":{"start":{"line":69,"column":284},"end":{"line":69,"column":305}},"36":{"start":{"line":69,"column":306},"end":{"line":69,"column":332}},"37":{"start":{"line":69,"column":333},"end":{"line":69,"column":368}},"38":{"start":{"line":73,"column":125},"end":{"line":73,"column":147}},"39":{"start":{"line":81,"column":2},"end":{"line":88,"column":3}},"40":{"start":{"line":85,"column":31},"end":{"line":85,"column":52}},"41":{"start":{"line":85,"column":53},"end":{"line":85,"column":80}}},"fnMap":{"0":{"name":"(anonymous_0)","decl":{"start":{"line":5,"column":27},"end":{"line":5,"column":28}},"loc":{"start":{"line":5,"column":38},"end":{"line":89,"column":1}},"line":5},"1":{"name":"(anonymous_1)","decl":{"start":{"line":16,"column":21},"end":{"line":16,"column":22}},"loc":{"start":{"line":16,"column":32},"end":{"line":21,"column":3}},"line":16},"2":{"name":"(anonymous_2)","decl":{"start":{"line":19,"column":30},"end":{"line":19,"column":31}},"loc":{"start":{"line":19,"column":36},"end":{"line":19,"column":53}},"line":19},"3":{"name":"(anonymous_3)","decl":{"start":{"line":23,"column":26},"end":{"line":23,"column":27}},"loc":{"start":{"line":23,"column":32},"end":{"line":25,"column":3}},"line":23},"4":{"name":"(anonymous_4)","decl":{"start":{"line":24,"column":28},"end":{"line":24,"column":29}},"loc":{"start":{"line":24,"column":34},"end":{"line":24,"column":53}},"line":24},"5":{"name":"(anonymous_5)","decl":{"start":{"line":27,"column":28},"end":{"line":27,"column":29}},"loc":{"start":{"line":27,"column":34},"end":{"line":30,"column":3}},"line":27},"6":{"name":"(anonymous_6)","decl":{"start":{"line":32,"column":26},"end":{"line":32,"column":27}},"loc":{"start":{"line":32,"column":40},"end":{"line":37,"column":3}},"line":32},"7":{"name":"(anonymous_7)","decl":{"start":{"line":39,"column":18},"end":{"line":39,"column":19}},"loc":{"start":{"line":39,"column":44},"end":{"line":47,"column":3}},"line":39},"8":{"name":"(anonymous_8)","decl":{"start":{"line":49,"column":15},"end":{"line":49,"column":16}},"loc":{"start":{"line":49,"column":39},"end":{"line":79,"column":3}},"line":49},"9":{"name":"(anonymous_9)","decl":{"start":{"line":51,"column":18},"end":{"line":51,"column":19}},"loc":{"start":{"line":51,"column":33},"end":{"line":53,"column":5}},"line":51},"10":{"name":"(anonymous_10)","decl":{"start":{"line":65,"column":24},"end":{"line":65,"column":25}},"loc":{"start":{"line":66,"column":8},"end":{"line":76,"column":14}},"line":66},"11":{"name":"(anonymous_11)","decl":{"start":{"line":69,"column":135},"end":{"line":69,"column":136}},"loc":{"start":{"line":69,"column":142},"end":{"line":69,"column":181}},"line":69},"12":{"name":"(anonymous_12)","decl":{"start":{"line":69,"column":277},"end":{"line":69,"column":278}},"loc":{"start":{"line":69,"column":283},"end":{"line":69,"column":369}},"line":69},"13":{"name":"(anonymous_13)","decl":{"start":{"line":73,"column":118},"end":{"line":73,"column":119}},"loc":{"start":{"line":73,"column":125},"end":{"line":73,"column":147}},"line":73},"14":{"name":"(anonymous_14)","decl":{"start":{"line":85,"column":24},"end":{"line":85,"column":25}},"loc":{"start":{"line":85,"column":30},"end":{"line":85,"column":81}},"line":85}},"branchMap":{"0":{"loc":{"start":{"line":18,"column":4},"end":{"line":20,"column":5}},"type":"if","locations":[{"start":{"line":18,"column":4},"end":{"line":20,"column":5}},{"start":{},"end":{}}],"line":18},"1":{"loc":{"start":{"line":41,"column":4},"end":{"line":45,"column":5}},"type":"if","locations":[{"start":{"line":41,"column":4},"end":{"line":45,"column":5}},{"start":{},"end":{}}],"line":41},"2":{"loc":{"start":{"line":55,"column":4},"end":{"line":62,"column":5}},"type":"if","locations":[{"start":{"line":55,"column":4},"end":{"line":62,"column":5}},{"start":{"line":58,"column":11},"end":{"line":62,"column":5}}],"line":55},"3":{"loc":{"start":{"line":83,"column":7},"end":{"line":83,"column":109}},"type":"cond-expr","locations":[{"start":{"line":83,"column":78},"end":{"line":83,"column":95}},{"start":{"line":83,"column":98},"end":{"line":83,"column":109}}],"line":83},"4":{"loc":{"start":{"line":83,"column":7},"end":{"line":83,"column":76}},"type":"binary-expr","locations":[{"start":{"line":83,"column":7},"end":{"line":83,"column":46}},{"start":{"line":83,"column":50},"end":{"line":83,"column":76}}],"line":83},"5":{"loc":{"start":{"line":84,"column":7},"end":{"line":84,"column":65}},"type":"cond-expr","locations":[{"start":{"line":84,"column":28},"end":{"line":84,"column":45}},{"start":{"line":84,"column":48},"end":{"line":84,"column":65}}],"line":84}},"s":{"0":1,"1":0,"2":0,"3":0,"4":0,"5":0,"6":0,"7":0,"8":0,"9":0,"10":0,"11":0,"12":0,"13":0,"14":0,"15":0,"16":0,"17":0,"18":0,"19":0,"20":0,"21":0,"22":0,"23":0,"24":0,"25":0,"26":0,"27":0,"28":0,"29":0,"30":0,"31":0,"32":0,"33":0,"34":0,"35":0,"36":0,"37":0,"38":0,"39":0,"40":0,"41":0},"f":{"0":0,"1":0,"2":0,"3":0,"4":0,"5":0,"6":0,"7":0,"8":0,"9":0,"10":0,"11":0,"12":0,"13":0,"14":0},"b":{"0":[0,0],"1":[0,0],"2":[0,0],"3":[0,0],"4":[0,0],"5":[0,0]},"_coverageSchema":"1a1c01bbd47fc00a2c39e90264f33305004495a9","hash":"de7ffa96ba52884697f3090ede6b05941bdddf2b"}
,"/home/yytt77/HackReactor/FEC/client/src/Q&A/QandA.jsx": {"path":"/home/yytt77/HackReactor/FEC/client/src/Q&A/QandA.jsx","statementMap":{"0":{"start":{"line":14,"column":4},"end":{"line":14,"column":17}},"1":{"start":{"line":15,"column":4},"end":{"line":21,"column":6}},"2":{"start":{"line":22,"column":4},"end":{"line":22,"column":61}},"3":{"start":{"line":32,"column":4},"end":{"line":32,"column":37}},"4":{"start":{"line":33,"column":15},"end":{"line":33,"column":19}},"5":{"start":{"line":34,"column":4},"end":{"line":49,"column":6}},"6":{"start":{"line":39,"column":19},"end":{"line":39,"column":31}},"7":{"start":{"line":42,"column":6},"end":{"line":48,"column":7}},"8":{"start":{"line":43,"column":8},"end":{"line":47,"column":10}},"9":{"start":{"line":53,"column":15},"end":{"line":53,"column":19}},"10":{"start":{"line":54,"column":4},"end":{"line":66,"column":6}},"11":{"start":{"line":59,"column":21},"end":{"line":59,"column":33}},"12":{"start":{"line":60,"column":6},"end":{"line":60,"column":38}},"13":{"start":{"line":61,"column":6},"end":{"line":65,"column":8}},"14":{"start":{"line":70,"column":15},"end":{"line":70,"column":45}},"15":{"start":{"line":71,"column":4},"end":{"line":71,"column":26}},"16":{"start":{"line":72,"column":4},"end":{"line":74,"column":6}},"17":{"start":{"line":78,"column":15},"end":{"line":78,"column":43}},"18":{"start":{"line":79,"column":4},"end":{"line":79,"column":24}},"19":{"start":{"line":80,"column":4},"end":{"line":82,"column":6}},"20":{"start":{"line":86,"column":15},"end":{"line":86,"column":19}},"21":{"start":{"line":87,"column":21},"end":{"line":87,"column":39}},"22":{"start":{"line":88,"column":4},"end":{"line":88,"column":47}},"23":{"start":{"line":90,"column":4},"end":{"line":121,"column":5}},"24":{"start":{"line":91,"column":6},"end":{"line":105,"column":8}},"25":{"start":{"line":101,"column":8},"end":{"line":101,"column":32}},"26":{"start":{"line":104,"column":8},"end":{"line":104,"column":27}},"27":{"start":{"line":107,"column":6},"end":{"line":120,"column":8}},"28":{"start":{"line":116,"column":8},"end":{"line":116,"column":32}},"29":{"start":{"line":119,"column":8},"end":{"line":119,"column":27}},"30":{"start":{"line":125,"column":4},"end":{"line":125,"column":30}},"31":{"start":{"line":129,"column":4},"end":{"line":136,"column":7}},"32":{"start":{"line":132,"column":77},"end":{"line":132,"column":91}},"33":{"start":{"line":133,"column":87},"end":{"line":133,"column":110}},"34":{"start":{"line":133,"column":136},"end":{"line":133,"column":157}},"35":{"start":{"line":134,"column":139},"end":{"line":134,"column":161}}},"fnMap":{"0":{"name":"(anonymous_0)","decl":{"start":{"line":13,"column":2},"end":{"line":13,"column":3}},"loc":{"start":{"line":13,"column":21},"end":{"line":23,"column":3}},"line":13},"1":{"name":"(anonymous_1)","decl":{"start":{"line":26,"column":2},"end":{"line":26,"column":3}},"loc":{"start":{"line":26,"column":16},"end":{"line":28,"column":3}},"line":26},"2":{"name":"(anonymous_2)","decl":{"start":{"line":31,"column":2},"end":{"line":31,"column":3}},"loc":{"start":{"line":31,"column":27},"end":{"line":50,"column":3}},"line":31},"3":{"name":"(anonymous_3)","decl":{"start":{"line":38,"column":10},"end":{"line":38,"column":11}},"loc":{"start":{"line":38,"column":23},"end":{"line":49,"column":5}},"line":38},"4":{"name":"(anonymous_4)","decl":{"start":{"line":45,"column":11},"end":{"line":45,"column":12}},"loc":{"start":{"line":45,"column":17},"end":{"line":47,"column":9}},"line":45},"5":{"name":"(anonymous_5)","decl":{"start":{"line":52,"column":2},"end":{"line":52,"column":3}},"loc":{"start":{"line":52,"column":23},"end":{"line":67,"column":3}},"line":52},"6":{"name":"(anonymous_6)","decl":{"start":{"line":58,"column":10},"end":{"line":58,"column":11}},"loc":{"start":{"line":58,"column":23},"end":{"line":66,"column":5}},"line":58},"7":{"name":"(anonymous_7)","decl":{"start":{"line":63,"column":9},"end":{"line":63,"column":10}},"loc":{"start":{"line":63,"column":15},"end":{"line":65,"column":7}},"line":63},"8":{"name":"(anonymous_8)","decl":{"start":{"line":69,"column":2},"end":{"line":69,"column":3}},"loc":{"start":{"line":69,"column":30},"end":{"line":75,"column":3}},"line":69},"9":{"name":"(anonymous_9)","decl":{"start":{"line":77,"column":2},"end":{"line":77,"column":3}},"loc":{"start":{"line":77,"column":26},"end":{"line":83,"column":3}},"line":77},"10":{"name":"(anonymous_10)","decl":{"start":{"line":85,"column":2},"end":{"line":85,"column":3}},"loc":{"start":{"line":85,"column":23},"end":{"line":122,"column":3}},"line":85},"11":{"name":"(anonymous_11)","decl":{"start":{"line":100,"column":12},"end":{"line":100,"column":13}},"loc":{"start":{"line":100,"column":25},"end":{"line":102,"column":7}},"line":100},"12":{"name":"(anonymous_12)","decl":{"start":{"line":103,"column":13},"end":{"line":103,"column":14}},"loc":{"start":{"line":103,"column":22},"end":{"line":105,"column":7}},"line":103},"13":{"name":"(anonymous_13)","decl":{"start":{"line":115,"column":12},"end":{"line":115,"column":13}},"loc":{"start":{"line":115,"column":25},"end":{"line":117,"column":7}},"line":115},"14":{"name":"(anonymous_14)","decl":{"start":{"line":118,"column":13},"end":{"line":118,"column":14}},"loc":{"start":{"line":118,"column":22},"end":{"line":120,"column":7}},"line":118},"15":{"name":"(anonymous_15)","decl":{"start":{"line":124,"column":2},"end":{"line":124,"column":3}},"loc":{"start":{"line":124,"column":23},"end":{"line":126,"column":3}},"line":124},"16":{"name":"(anonymous_16)","decl":{"start":{"line":128,"column":2},"end":{"line":128,"column":3}},"loc":{"start":{"line":128,"column":11},"end":{"line":138,"column":3}},"line":128},"17":{"name":"(anonymous_17)","decl":{"start":{"line":132,"column":70},"end":{"line":132,"column":71}},"loc":{"start":{"line":132,"column":77},"end":{"line":132,"column":91}},"line":132},"18":{"name":"(anonymous_18)","decl":{"start":{"line":133,"column":80},"end":{"line":133,"column":81}},"loc":{"start":{"line":133,"column":87},"end":{"line":133,"column":110}},"line":133},"19":{"name":"(anonymous_19)","decl":{"start":{"line":133,"column":129},"end":{"line":133,"column":130}},"loc":{"start":{"line":133,"column":136},"end":{"line":133,"column":157}},"line":133},"20":{"name":"(anonymous_20)","decl":{"start":{"line":134,"column":132},"end":{"line":134,"column":133}},"loc":{"start":{"line":134,"column":139},"end":{"line":134,"column":161}},"line":134}},"branchMap":{"0":{"loc":{"start":{"line":42,"column":6},"end":{"line":48,"column":7}},"type":"if","locations":[{"start":{"line":42,"column":6},"end":{"line":48,"column":7}},{"start":{},"end":{}}],"line":42},"1":{"loc":{"start":{"line":90,"column":4},"end":{"line":121,"column":5}},"type":"if","locations":[{"start":{"line":90,"column":4},"end":{"line":121,"column":5}},{"start":{"line":106,"column":11},"end":{"line":121,"column":5}}],"line":90}},"s":{"0":0,"1":0,"2":0,"3":0,"4":0,"5":0,"6":0,"7":0,"8":0,"9":0,"10":0,"11":0,"12":0,"13":0,"14":0,"15":0,"16":0,"17":0,"18":0,"19":0,"20":0,"21":0,"22":0,"23":0,"24":0,"25":0,"26":0,"27":0,"28":0,"29":0,"30":0,"31":0,"32":0,"33":0,"34":0,"35":0},"f":{"0":0,"1":0,"2":0,"3":0,"4":0,"5":0,"6":0,"7":0,"8":0,"9":0,"10":0,"11":0,"12":0,"13":0,"14":0,"15":0,"16":0,"17":0,"18":0,"19":0,"20":0},"b":{"0":[0,0],"1":[0,0]},"_coverageSchema":"1a1c01bbd47fc00a2c39e90264f33305004495a9","hash":"6361c2c5b983a3ab31752ceec96e2e4f9aeb25e2"}
,"/home/yytt77/HackReactor/FEC/client/src/Q&A/SearchQuestions.jsx": {"path":"/home/yytt77/HackReactor/FEC/client/src/Q&A/SearchQuestions.jsx","statementMap":{"0":{"start":{"line":4,"column":21},"end":{"line":6,"column":1}},"1":{"start":{"line":5,"column":2},"end":{"line":5,"column":31}},"2":{"start":{"line":8,"column":23},"end":{"line":19,"column":1}},"3":{"start":{"line":10,"column":2},"end":{"line":18,"column":3}},"4":{"start":{"line":14,"column":118},"end":{"line":14,"column":140}}},"fnMap":{"0":{"name":"(anonymous_0)","decl":{"start":{"line":4,"column":21},"end":{"line":4,"column":22}},"loc":{"start":{"line":4,"column":35},"end":{"line":6,"column":1}},"line":4},"1":{"name":"(anonymous_1)","decl":{"start":{"line":8,"column":23},"end":{"line":8,"column":24}},"loc":{"start":{"line":8,"column":34},"end":{"line":19,"column":1}},"line":8},"2":{"name":"(anonymous_2)","decl":{"start":{"line":14,"column":111},"end":{"line":14,"column":112}},"loc":{"start":{"line":14,"column":118},"end":{"line":14,"column":140}},"line":14}},"branchMap":{},"s":{"0":1,"1":0,"2":1,"3":0,"4":0},"f":{"0":0,"1":0,"2":0},"b":{},"_coverageSchema":"1a1c01bbd47fc00a2c39e90264f33305004495a9","hash":"1da02eae90def8274dd6cbf638808a677aad66e7"}
,"/home/yytt77/HackReactor/FEC/client/src/Ratings/AddReview.jsx": {"path":"/home/yytt77/HackReactor/FEC/client/src/Ratings/AddReview.jsx","statementMap":{"0":{"start":{"line":6,"column":17},"end":{"line":34,"column":1}},"1":{"start":{"line":7,"column":30},"end":{"line":7,"column":46}},"2":{"start":{"line":10,"column":14},"end":{"line":10,"column":108}},"3":{"start":{"line":10,"column":75},"end":{"line":10,"column":107}},"4":{"start":{"line":12,"column":21},"end":{"line":16,"column":3}},"5":{"start":{"line":13,"column":4},"end":{"line":13,"column":24}},"6":{"start":{"line":14,"column":4},"end":{"line":14,"column":25}},"7":{"start":{"line":15,"column":4},"end":{"line":15,"column":23}},"8":{"start":{"line":18,"column":2},"end":{"line":33,"column":3}},"9":{"start":{"line":20,"column":6},"end":{"line":20,"column":25}},"10":{"start":{"line":25,"column":12},"end":{"line":25,"column":27}}},"fnMap":{"0":{"name":"(anonymous_0)","decl":{"start":{"line":6,"column":17},"end":{"line":6,"column":18}},"loc":{"start":{"line":6,"column":97},"end":{"line":34,"column":1}},"line":6},"1":{"name":"(anonymous_1)","decl":{"start":{"line":10,"column":67},"end":{"line":10,"column":68}},"loc":{"start":{"line":10,"column":75},"end":{"line":10,"column":107}},"line":10},"2":{"name":"(anonymous_2)","decl":{"start":{"line":12,"column":21},"end":{"line":12,"column":22}},"loc":{"start":{"line":12,"column":28},"end":{"line":16,"column":3}},"line":12},"3":{"name":"(anonymous_3)","decl":{"start":{"line":19,"column":21},"end":{"line":19,"column":22}},"loc":{"start":{"line":19,"column":28},"end":{"line":21,"column":5}},"line":19},"4":{"name":"(anonymous_4)","decl":{"start":{"line":24,"column":43},"end":{"line":24,"column":44}},"loc":{"start":{"line":24,"column":50},"end":{"line":26,"column":11}},"line":24}},"branchMap":{"0":{"loc":{"start":{"line":10,"column":14},"end":{"line":10,"column":108}},"type":"binary-expr","locations":[{"start":{"line":10,"column":14},"end":{"line":10,"column":30}},{"start":{"line":10,"column":34},"end":{"line":10,"column":108}}],"line":10}},"s":{"0":1,"1":4,"2":4,"3":0,"4":4,"5":0,"6":0,"7":0,"8":4,"9":0,"10":0},"f":{"0":4,"1":0,"2":0,"3":0,"4":0},"b":{"0":[4,0]},"_coverageSchema":"1a1c01bbd47fc00a2c39e90264f33305004495a9","hash":"b836e1b1df41dfa728208becaad6e2f3a281de9b"}
,"/home/yytt77/HackReactor/FEC/client/src/Ratings/ImageModal.jsx": {"path":"/home/yytt77/HackReactor/FEC/client/src/Ratings/ImageModal.jsx","statementMap":{"0":{"start":{"line":4,"column":12},"end":{"line":32,"column":1}},"1":{"start":{"line":5,"column":26},"end":{"line":5,"column":40}},"2":{"start":{"line":6,"column":30},"end":{"line":6,"column":46}},"3":{"start":{"line":7,"column":2},"end":{"line":31,"column":3}},"4":{"start":{"line":9,"column":27},"end":{"line":12,"column":15}},"5":{"start":{"line":10,"column":8},"end":{"line":10,"column":30}},"6":{"start":{"line":11,"column":8},"end":{"line":11,"column":27}},"7":{"start":{"line":15,"column":49},"end":{"line":15,"column":67}}},"fnMap":{"0":{"name":"(anonymous_0)","decl":{"start":{"line":4,"column":12},"end":{"line":4,"column":13}},"loc":{"start":{"line":4,"column":26},"end":{"line":32,"column":1}},"line":4},"1":{"name":"(anonymous_1)","decl":{"start":{"line":9,"column":18},"end":{"line":9,"column":19}},"loc":{"start":{"line":9,"column":27},"end":{"line":12,"column":15}},"line":9},"2":{"name":"(anonymous_2)","decl":{"start":{"line":9,"column":144},"end":{"line":9,"column":145}},"loc":{"start":{"line":9,"column":151},"end":{"line":12,"column":7}},"line":9},"3":{"name":"(anonymous_3)","decl":{"start":{"line":15,"column":43},"end":{"line":15,"column":44}},"loc":{"start":{"line":15,"column":49},"end":{"line":15,"column":67}},"line":15}},"branchMap":{},"s":{"0":1,"1":0,"2":0,"3":0,"4":0,"5":0,"6":0,"7":0},"f":{"0":0,"1":0,"2":0,"3":0},"b":{},"_coverageSchema":"1a1c01bbd47fc00a2c39e90264f33305004495a9","hash":"8679852341dc26b9e0cd2a716dc93d886255e57f"}
,"/home/yytt77/HackReactor/FEC/client/src/Ratings/NewReview.jsx": {"path":"/home/yytt77/HackReactor/FEC/client/src/Ratings/NewReview.jsx","statementMap":{"0":{"start":{"line":6,"column":12},"end":{"line":30,"column":1}},"1":{"start":{"line":7,"column":16},"end":{"line":13,"column":3}},"2":{"start":{"line":14,"column":2},"end":{"line":29,"column":3}},"3":{"start":{"line":16,"column":38},"end":{"line":27,"column":23}},"4":{"start":{"line":17,"column":17},"end":{"line":17,"column":28}},"5":{"start":{"line":18,"column":8},"end":{"line":20,"column":9}},"6":{"start":{"line":18,"column":21},"end":{"line":18,"column":22}},"7":{"start":{"line":19,"column":10},"end":{"line":19,"column":68}},"8":{"start":{"line":21,"column":8},"end":{"line":23,"column":9}},"9":{"start":{"line":21,"column":21},"end":{"line":21,"column":37}},"10":{"start":{"line":22,"column":10},"end":{"line":22,"column":68}},"11":{"start":{"line":24,"column":8},"end":{"line":24,"column":29}},"12":{"start":{"line":25,"column":8},"end":{"line":25,"column":70}},"13":{"start":{"line":26,"column":8},"end":{"line":26,"column":34}},"14":{"start":{"line":32,"column":22},"end":{"line":32,"column":24}},"15":{"start":{"line":33,"column":16},"end":{"line":53,"column":1}},"16":{"start":{"line":34,"column":30},"end":{"line":34,"column":44}},"17":{"start":{"line":35,"column":23},"end":{"line":39,"column":3}},"18":{"start":{"line":36,"column":14},"end":{"line":36,"column":36}},"19":{"start":{"line":37,"column":4},"end":{"line":37,"column":39}},"20":{"start":{"line":38,"column":4},"end":{"line":38,"column":47}},"21":{"start":{"line":40,"column":2},"end":{"line":52,"column":3}},"22":{"start":{"line":45,"column":76},"end":{"line":45,"column":93}},"23":{"start":{"line":46,"column":76},"end":{"line":46,"column":93}},"24":{"start":{"line":47,"column":76},"end":{"line":47,"column":93}},"25":{"start":{"line":48,"column":76},"end":{"line":48,"column":93}},"26":{"start":{"line":49,"column":76},"end":{"line":49,"column":93}},"27":{"start":{"line":55,"column":13},"end":{"line":55,"column":15}},"28":{"start":{"line":57,"column":18},"end":{"line":75,"column":1}},"29":{"start":{"line":58,"column":2},"end":{"line":74,"column":3}},"30":{"start":{"line":61,"column":24},"end":{"line":61,"column":72}},"31":{"start":{"line":64,"column":8},"end":{"line":64,"column":30}},"32":{"start":{"line":65,"column":18},"end":{"line":65,"column":78}},"33":{"start":{"line":66,"column":8},"end":{"line":66,"column":42}},"34":{"start":{"line":67,"column":8},"end":{"line":70,"column":9}},"35":{"start":{"line":68,"column":10},"end":{"line":68,"column":34}},"36":{"start":{"line":69,"column":10},"end":{"line":69,"column":55}},"37":{"start":{"line":77,"column":17},"end":{"line":87,"column":1}},"38":{"start":{"line":78,"column":26},"end":{"line":78,"column":37}},"39":{"start":{"line":79,"column":2},"end":{"line":86,"column":9}},"40":{"start":{"line":83,"column":6},"end":{"line":83,"column":37}},"41":{"start":{"line":89,"column":16},"end":{"line":186,"column":1}},"42":{"start":{"line":90,"column":18},"end":{"line":90,"column":23}},"43":{"start":{"line":91,"column":2},"end":{"line":91,"column":40}},"44":{"start":{"line":91,"column":29},"end":{"line":91,"column":40}},"45":{"start":{"line":92,"column":2},"end":{"line":185,"column":8}},"46":{"start":{"line":111,"column":25},"end":{"line":111,"column":102}},"47":{"start":{"line":143,"column":25},"end":{"line":143,"column":64}},"48":{"start":{"line":144,"column":26},"end":{"line":144,"column":72}},"49":{"start":{"line":145,"column":24},"end":{"line":145,"column":43}},"50":{"start":{"line":146,"column":21},"end":{"line":146,"column":42}},"51":{"start":{"line":147,"column":22},"end":{"line":147,"column":39}},"52":{"start":{"line":148,"column":21},"end":{"line":148,"column":41}},"53":{"start":{"line":150,"column":10},"end":{"line":181,"column":11}},"54":{"start":{"line":152,"column":12},"end":{"line":167,"column":13}},"55":{"start":{"line":154,"column":16},"end":{"line":163,"column":24}},"56":{"start":{"line":164,"column":14},"end":{"line":164,"column":45}},"57":{"start":{"line":165,"column":14},"end":{"line":165,"column":52}},"58":{"start":{"line":166,"column":14},"end":{"line":166,"column":31}},"59":{"start":{"line":169,"column":23},"end":{"line":179,"column":13}},"60":{"start":{"line":180,"column":12},"end":{"line":180,"column":30}}},"fnMap":{"0":{"name":"(anonymous_0)","decl":{"start":{"line":6,"column":12},"end":{"line":6,"column":13}},"loc":{"start":{"line":6,"column":23},"end":{"line":30,"column":1}},"line":6},"1":{"name":"(anonymous_1)","decl":{"start":{"line":16,"column":25},"end":{"line":16,"column":26}},"loc":{"start":{"line":16,"column":38},"end":{"line":27,"column":23}},"line":16},"2":{"name":"(anonymous_2)","decl":{"start":{"line":16,"column":90},"end":{"line":16,"column":91}},"loc":{"start":{"line":16,"column":97},"end":{"line":27,"column":7}},"line":16},"3":{"name":"(anonymous_3)","decl":{"start":{"line":33,"column":16},"end":{"line":33,"column":17}},"loc":{"start":{"line":33,"column":46},"end":{"line":53,"column":1}},"line":33},"4":{"name":"(anonymous_4)","decl":{"start":{"line":35,"column":23},"end":{"line":35,"column":24}},"loc":{"start":{"line":35,"column":35},"end":{"line":39,"column":3}},"line":35},"5":{"name":"(anonymous_5)","decl":{"start":{"line":45,"column":69},"end":{"line":45,"column":70}},"loc":{"start":{"line":45,"column":76},"end":{"line":45,"column":93}},"line":45},"6":{"name":"(anonymous_6)","decl":{"start":{"line":46,"column":69},"end":{"line":46,"column":70}},"loc":{"start":{"line":46,"column":76},"end":{"line":46,"column":93}},"line":46},"7":{"name":"(anonymous_7)","decl":{"start":{"line":47,"column":69},"end":{"line":47,"column":70}},"loc":{"start":{"line":47,"column":76},"end":{"line":47,"column":93}},"line":47},"8":{"name":"(anonymous_8)","decl":{"start":{"line":48,"column":69},"end":{"line":48,"column":70}},"loc":{"start":{"line":48,"column":76},"end":{"line":48,"column":93}},"line":48},"9":{"name":"(anonymous_9)","decl":{"start":{"line":49,"column":69},"end":{"line":49,"column":70}},"loc":{"start":{"line":49,"column":76},"end":{"line":49,"column":93}},"line":49},"10":{"name":"(anonymous_10)","decl":{"start":{"line":57,"column":18},"end":{"line":57,"column":19}},"loc":{"start":{"line":57,"column":29},"end":{"line":75,"column":1}},"line":57},"11":{"name":"(anonymous_11)","decl":{"start":{"line":60,"column":79},"end":{"line":60,"column":80}},"loc":{"start":{"line":60,"column":85},"end":{"line":71,"column":7}},"line":60},"12":{"name":"(anonymous_12)","decl":{"start":{"line":77,"column":17},"end":{"line":77,"column":18}},"loc":{"start":{"line":77,"column":28},"end":{"line":87,"column":1}},"line":77},"13":{"name":"(anonymous_13)","decl":{"start":{"line":82,"column":71},"end":{"line":82,"column":72}},"loc":{"start":{"line":82,"column":78},"end":{"line":84,"column":5}},"line":82},"14":{"name":"(anonymous_14)","decl":{"start":{"line":89,"column":16},"end":{"line":89,"column":17}},"loc":{"start":{"line":89,"column":100},"end":{"line":186,"column":1}},"line":89},"15":{"name":"(anonymous_15)","decl":{"start":{"line":111,"column":17},"end":{"line":111,"column":18}},"loc":{"start":{"line":111,"column":25},"end":{"line":111,"column":102}},"line":111},"16":{"name":"(anonymous_16)","decl":{"start":{"line":142,"column":37},"end":{"line":142,"column":38}},"loc":{"start":{"line":142,"column":44},"end":{"line":182,"column":9}},"line":142}},"branchMap":{"0":{"loc":{"start":{"line":67,"column":8},"end":{"line":70,"column":9}},"type":"if","locations":[{"start":{"line":67,"column":8},"end":{"line":70,"column":9}},{"start":{},"end":{}}],"line":67},"1":{"loc":{"start":{"line":85,"column":43},"end":{"line":85,"column":126}},"type":"cond-expr","locations":[{"start":{"line":85,"column":57},"end":{"line":85,"column":74}},{"start":{"line":85,"column":77},"end":{"line":85,"column":126}}],"line":85},"2":{"loc":{"start":{"line":91,"column":2},"end":{"line":91,"column":40}},"type":"if","locations":[{"start":{"line":91,"column":2},"end":{"line":91,"column":40}},{"start":{},"end":{}}],"line":91},"3":{"loc":{"start":{"line":144,"column":26},"end":{"line":144,"column":72}},"type":"cond-expr","locations":[{"start":{"line":144,"column":37},"end":{"line":144,"column":60}},{"start":{"line":144,"column":63},"end":{"line":144,"column":72}}],"line":144},"4":{"loc":{"start":{"line":150,"column":10},"end":{"line":181,"column":11}},"type":"if","locations":[{"start":{"line":150,"column":10},"end":{"line":181,"column":11}},{"start":{"line":168,"column":17},"end":{"line":181,"column":11}}],"line":150},"5":{"loc":{"start":{"line":150,"column":14},"end":{"line":151,"column":59}},"type":"binary-expr","locations":[{"start":{"line":150,"column":14},"end":{"line":150,"column":34}},{"start":{"line":150,"column":38},"end":{"line":150,"column":61}},{"start":{"line":150,"column":65},"end":{"line":150,"column":117}},{"start":{"line":151,"column":10},"end":{"line":151,"column":26}},{"start":{"line":151,"column":30},"end":{"line":151,"column":42}},{"start":{"line":151,"column":46},"end":{"line":151,"column":59}}],"line":150},"6":{"loc":{"start":{"line":152,"column":12},"end":{"line":167,"column":13}},"type":"if","locations":[{"start":{"line":152,"column":12},"end":{"line":167,"column":13}},{"start":{},"end":{}}],"line":152}},"s":{"0":1,"1":4,"2":4,"3":20,"4":0,"5":0,"6":0,"7":0,"8":0,"9":0,"10":0,"11":0,"12":0,"13":0,"14":1,"15":1,"16":0,"17":0,"18":0,"19":0,"20":0,"21":0,"22":0,"23":0,"24":0,"25":0,"26":0,"27":1,"28":1,"29":4,"30":0,"31":0,"32":0,"33":0,"34":0,"35":0,"36":0,"37":1,"38":4,"39":4,"40":0,"41":1,"42":4,"43":4,"44":4,"45":4,"46":0,"47":0,"48":0,"49":0,"50":0,"51":0,"52":0,"53":0,"54":0,"55":0,"56":0,"57":0,"58":0,"59":0,"60":0},"f":{"0":4,"1":20,"2":0,"3":0,"4":0,"5":0,"6":0,"7":0,"8":0,"9":0,"10":4,"11":0,"12":4,"13":0,"14":4,"15":0,"16":0},"b":{"0":[0,0],"1":[0,4],"2":[4,0],"3":[0,0],"4":[0,0],"5":[0,0,0,0,0,0],"6":[0,0]},"_coverageSchema":"1a1c01bbd47fc00a2c39e90264f33305004495a9","hash":"01f675620ee356df9131dd12b7c665861ffe5c94"}
,"/home/yytt77/HackReactor/FEC/client/src/Ratings/ProductBreakdown.jsx": {"path":"/home/yytt77/HackReactor/FEC/client/src/Ratings/ProductBreakdown.jsx","statementMap":{"0":{"start":{"line":3,"column":17},"end":{"line":22,"column":1}},"1":{"start":{"line":4,"column":13},"end":{"line":4,"column":33}},"2":{"start":{"line":5,"column":21},"end":{"line":5,"column":34}},"3":{"start":{"line":6,"column":2},"end":{"line":21,"column":3}},"4":{"start":{"line":24,"column":23},"end":{"line":31,"column":1}},"5":{"start":{"line":25,"column":14},"end":{"line":25,"column":52}},"6":{"start":{"line":26,"column":2},"end":{"line":30,"column":3}},"7":{"start":{"line":28,"column":38},"end":{"line":28,"column":111}}},"fnMap":{"0":{"name":"(anonymous_0)","decl":{"start":{"line":3,"column":17},"end":{"line":3,"column":18}},"loc":{"start":{"line":3,"column":44},"end":{"line":22,"column":1}},"line":3},"1":{"name":"(anonymous_1)","decl":{"start":{"line":24,"column":23},"end":{"line":24,"column":24}},"loc":{"start":{"line":24,"column":55},"end":{"line":31,"column":1}},"line":24},"2":{"name":"(anonymous_2)","decl":{"start":{"line":28,"column":30},"end":{"line":28,"column":31}},"loc":{"start":{"line":28,"column":38},"end":{"line":28,"column":111}},"line":28}},"branchMap":{"0":{"loc":{"start":{"line":25,"column":14},"end":{"line":25,"column":52}},"type":"cond-expr","locations":[{"start":{"line":25,"column":32},"end":{"line":25,"column":47}},{"start":{"line":25,"column":50},"end":{"line":25,"column":52}}],"line":25}},"s":{"0":1,"1":0,"2":0,"3":0,"4":1,"5":4,"6":4,"7":0},"f":{"0":0,"1":4,"2":0},"b":{"0":[0,4]},"_coverageSchema":"1a1c01bbd47fc00a2c39e90264f33305004495a9","hash":"9134a3f03e460ea757b0db3571f822ac50f2ad6d"}
,"/home/yytt77/HackReactor/FEC/client/src/Ratings/RatingBreakdown.jsx": {"path":"/home/yytt77/HackReactor/FEC/client/src/Ratings/RatingBreakdown.jsx","statementMap":{"0":{"start":{"line":4,"column":15},"end":{"line":4,"column":16}},"1":{"start":{"line":6,"column":17},"end":{"line":22,"column":1}},"2":{"start":{"line":7,"column":2},"end":{"line":7,"column":15}},"3":{"start":{"line":8,"column":17},"end":{"line":8,"column":18}},"4":{"start":{"line":9,"column":2},"end":{"line":12,"column":3}},"5":{"start":{"line":10,"column":4},"end":{"line":10,"column":39}},"6":{"start":{"line":11,"column":4},"end":{"line":11,"column":45}},"7":{"start":{"line":14,"column":2},"end":{"line":14,"column":39}},"8":{"start":{"line":14,"column":28},"end":{"line":14,"column":39}},"9":{"start":{"line":15,"column":12},"end":{"line":15,"column":53}},"10":{"start":{"line":17,"column":2},"end":{"line":21,"column":3}},"11":{"start":{"line":18,"column":4},"end":{"line":18,"column":21}},"12":{"start":{"line":20,"column":4},"end":{"line":20,"column":35}},"13":{"start":{"line":25,"column":21},"end":{"line":34,"column":1}},"14":{"start":{"line":26,"column":16},"end":{"line":26,"column":34}},"15":{"start":{"line":27,"column":17},"end":{"line":27,"column":34}},"16":{"start":{"line":28,"column":2},"end":{"line":28,"column":48}},"17":{"start":{"line":29,"column":2},"end":{"line":33,"column":3}},"18":{"start":{"line":36,"column":17},"end":{"line":55,"column":1}},"19":{"start":{"line":37,"column":13},"end":{"line":37,"column":35}},"20":{"start":{"line":38,"column":2},"end":{"line":54,"column":11}},"21":{"start":{"line":40,"column":6},"end":{"line":46,"column":7}},"22":{"start":{"line":41,"column":23},"end":{"line":41,"column":34}},"23":{"start":{"line":42,"column":13},"end":{"line":46,"column":7}},"24":{"start":{"line":43,"column":23},"end":{"line":43,"column":56}},"25":{"start":{"line":45,"column":23},"end":{"line":45,"column":45}},"26":{"start":{"line":47,"column":6},"end":{"line":47,"column":28}},"27":{"start":{"line":57,"column":17},"end":{"line":64,"column":1}},"28":{"start":{"line":58,"column":2},"end":{"line":63,"column":9}},"29":{"start":{"line":59,"column":71},"end":{"line":59,"column":105}},"30":{"start":{"line":61,"column":6},"end":{"line":61,"column":31}},"31":{"start":{"line":66,"column":22},"end":{"line":84,"column":1}},"32":{"start":{"line":67,"column":16},"end":{"line":67,"column":40}},"33":{"start":{"line":68,"column":12},"end":{"line":68,"column":28}},"34":{"start":{"line":69,"column":16},"end":{"line":69,"column":112}},"35":{"start":{"line":70,"column":2},"end":{"line":83,"column":3}},"36":{"start":{"line":79,"column":69},"end":{"line":79,"column":159}}},"fnMap":{"0":{"name":"(anonymous_0)","decl":{"start":{"line":6,"column":17},"end":{"line":6,"column":18}},"loc":{"start":{"line":6,"column":38},"end":{"line":22,"column":1}},"line":6},"1":{"name":"(anonymous_1)","decl":{"start":{"line":25,"column":21},"end":{"line":25,"column":22}},"loc":{"start":{"line":25,"column":32},"end":{"line":34,"column":1}},"line":25},"2":{"name":"(anonymous_2)","decl":{"start":{"line":36,"column":17},"end":{"line":36,"column":18}},"loc":{"start":{"line":36,"column":52},"end":{"line":55,"column":1}},"line":36},"3":{"name":"(anonymous_3)","decl":{"start":{"line":39,"column":63},"end":{"line":39,"column":64}},"loc":{"start":{"line":39,"column":70},"end":{"line":48,"column":5}},"line":39},"4":{"name":"(anonymous_4)","decl":{"start":{"line":57,"column":17},"end":{"line":57,"column":18}},"loc":{"start":{"line":57,"column":46},"end":{"line":64,"column":1}},"line":57},"5":{"name":"(anonymous_5)","decl":{"start":{"line":59,"column":51},"end":{"line":59,"column":52}},"loc":{"start":{"line":59,"column":71},"end":{"line":59,"column":105}},"line":59},"6":{"name":"(anonymous_6)","decl":{"start":{"line":60,"column":42},"end":{"line":60,"column":43}},"loc":{"start":{"line":60,"column":48},"end":{"line":62,"column":5}},"line":60},"7":{"name":"(anonymous_7)","decl":{"start":{"line":66,"column":22},"end":{"line":66,"column":23}},"loc":{"start":{"line":66,"column":57},"end":{"line":84,"column":1}},"line":66},"8":{"name":"(anonymous_8)","decl":{"start":{"line":79,"column":62},"end":{"line":79,"column":63}},"loc":{"start":{"line":79,"column":69},"end":{"line":79,"column":159}},"line":79}},"branchMap":{"0":{"loc":{"start":{"line":6,"column":26},"end":{"line":6,"column":36}},"type":"default-arg","locations":[{"start":{"line":6,"column":34},"end":{"line":6,"column":36}}],"line":6},"1":{"loc":{"start":{"line":14,"column":2},"end":{"line":14,"column":39}},"type":"if","locations":[{"start":{"line":14,"column":2},"end":{"line":14,"column":39}},{"start":{},"end":{}}],"line":14},"2":{"loc":{"start":{"line":17,"column":2},"end":{"line":21,"column":3}},"type":"if","locations":[{"start":{"line":17,"column":2},"end":{"line":21,"column":3}},{"start":{"line":19,"column":9},"end":{"line":21,"column":3}}],"line":17},"3":{"loc":{"start":{"line":40,"column":6},"end":{"line":46,"column":7}},"type":"if","locations":[{"start":{"line":40,"column":6},"end":{"line":46,"column":7}},{"start":{"line":42,"column":13},"end":{"line":46,"column":7}}],"line":40},"4":{"loc":{"start":{"line":42,"column":13},"end":{"line":46,"column":7}},"type":"if","locations":[{"start":{"line":42,"column":13},"end":{"line":46,"column":7}},{"start":{"line":44,"column":13},"end":{"line":46,"column":7}}],"line":42},"5":{"loc":{"start":{"line":69,"column":16},"end":{"line":69,"column":112}},"type":"cond-expr","locations":[{"start":{"line":69,"column":22},"end":{"line":69,"column":105}},{"start":{"line":69,"column":108},"end":{"line":69,"column":112}}],"line":69},"6":{"loc":{"start":{"line":74,"column":39},"end":{"line":74,"column":51}},"type":"binary-expr","locations":[{"start":{"line":74,"column":39},"end":{"line":74,"column":46}},{"start":{"line":74,"column":50},"end":{"line":74,"column":51}}],"line":74},"7":{"loc":{"start":{"line":77,"column":7},"end":{"line":77,"column":120}},"type":"cond-expr","locations":[{"start":{"line":77,"column":24},"end":{"line":77,"column":83}},{"start":{"line":77,"column":86},"end":{"line":77,"column":120}}],"line":77},"8":{"loc":{"start":{"line":79,"column":9},"end":{"line":79,"column":160}},"type":"cond-expr","locations":[{"start":{"line":79,"column":25},"end":{"line":79,"column":29}},{"start":{"line":79,"column":32},"end":{"line":79,"column":160}}],"line":79},"9":{"loc":{"start":{"line":81,"column":37},"end":{"line":81,"column":49}},"type":"binary-expr","locations":[{"start":{"line":81,"column":37},"end":{"line":81,"column":44}},{"start":{"line":81,"column":48},"end":{"line":81,"column":49}}],"line":81}},"s":{"0":1,"1":1,"2":4,"3":4,"4":4,"5":0,"6":0,"7":4,"8":4,"9":0,"10":0,"11":0,"12":0,"13":1,"14":4,"15":4,"16":4,"17":4,"18":1,"19":0,"20":0,"21":0,"22":0,"23":0,"24":0,"25":0,"26":0,"27":1,"28":0,"29":0,"30":0,"31":1,"32":4,"33":4,"34":4,"35":4,"36":0},"f":{"0":4,"1":4,"2":0,"3":0,"4":0,"5":0,"6":0,"7":4,"8":0},"b":{"0":[4],"1":[4,0],"2":[0,0],"3":[0,0],"4":[0,0],"5":[0,4],"6":[4,4],"7":[0,4],"8":[4,0],"9":[4,4]},"_coverageSchema":"1a1c01bbd47fc00a2c39e90264f33305004495a9","hash":"b9e399401f30a0df2a687fb617f2276fba5786cb"}
,"/home/yytt77/HackReactor/FEC/client/src/Ratings/RatingContainer.jsx": {"path":"/home/yytt77/HackReactor/FEC/client/src/Ratings/RatingContainer.jsx","statementMap":{"0":{"start":{"line":11,"column":4},"end":{"line":11,"column":17}},"1":{"start":{"line":12,"column":4},"end":{"line":21,"column":6}},"2":{"start":{"line":22,"column":4},"end":{"line":22,"column":42}},"3":{"start":{"line":23,"column":4},"end":{"line":30,"column":5}},"4":{"start":{"line":34,"column":4},"end":{"line":47,"column":5}},"5":{"start":{"line":35,"column":6},"end":{"line":35,"column":34}},"6":{"start":{"line":37,"column":6},"end":{"line":37,"column":32}},"7":{"start":{"line":37,"column":25},"end":{"line":37,"column":32}},"8":{"start":{"line":38,"column":20},"end":{"line":38,"column":43}},"9":{"start":{"line":39,"column":6},"end":{"line":43,"column":7}},"10":{"start":{"line":40,"column":8},"end":{"line":40,"column":50}},"11":{"start":{"line":42,"column":8},"end":{"line":42,"column":28}},"12":{"start":{"line":44,"column":6},"end":{"line":46,"column":8}},"13":{"start":{"line":51,"column":4},"end":{"line":51,"column":21}},"14":{"start":{"line":52,"column":4},"end":{"line":58,"column":6}},"15":{"start":{"line":57,"column":27},"end":{"line":57,"column":44}},"16":{"start":{"line":62,"column":4},"end":{"line":68,"column":6}},"17":{"start":{"line":67,"column":27},"end":{"line":67,"column":37}},"18":{"start":{"line":72,"column":4},"end":{"line":88,"column":5}},"19":{"start":{"line":73,"column":6},"end":{"line":79,"column":7}},"20":{"start":{"line":74,"column":8},"end":{"line":78,"column":11}},"21":{"start":{"line":75,"column":10},"end":{"line":77,"column":12}},"22":{"start":{"line":80,"column":11},"end":{"line":88,"column":5}},"23":{"start":{"line":81,"column":6},"end":{"line":87,"column":7}},"24":{"start":{"line":82,"column":8},"end":{"line":86,"column":11}},"25":{"start":{"line":83,"column":10},"end":{"line":85,"column":12}},"26":{"start":{"line":93,"column":4},"end":{"line":101,"column":5}},"27":{"start":{"line":94,"column":6},"end":{"line":96,"column":8}},"28":{"start":{"line":98,"column":6},"end":{"line":100,"column":8}},"29":{"start":{"line":105,"column":4},"end":{"line":147,"column":6}},"30":{"start":{"line":115,"column":22},"end":{"line":115,"column":46}},"31":{"start":{"line":116,"column":22},"end":{"line":116,"column":46}},"32":{"start":{"line":117,"column":27},"end":{"line":117,"column":66}},"33":{"start":{"line":118,"column":8},"end":{"line":144,"column":10}},"34":{"start":{"line":126,"column":23},"end":{"line":126,"column":39}},"35":{"start":{"line":127,"column":12},"end":{"line":141,"column":14}},"36":{"start":{"line":132,"column":34},"end":{"line":132,"column":55}},"37":{"start":{"line":133,"column":16},"end":{"line":139,"column":18}},"38":{"start":{"line":151,"column":4},"end":{"line":151,"column":34}},"39":{"start":{"line":155,"column":4},"end":{"line":159,"column":5}},"40":{"start":{"line":156,"column":28},"end":{"line":156,"column":51}},"41":{"start":{"line":158,"column":28},"end":{"line":158,"column":115}},"42":{"start":{"line":158,"column":64},"end":{"line":158,"column":114}},"43":{"start":{"line":162,"column":4},"end":{"line":183,"column":5}}},"fnMap":{"0":{"name":"(anonymous_0)","decl":{"start":{"line":10,"column":2},"end":{"line":10,"column":3}},"loc":{"start":{"line":10,"column":21},"end":{"line":31,"column":3}},"line":10},"1":{"name":"(anonymous_1)","decl":{"start":{"line":33,"column":2},"end":{"line":33,"column":3}},"loc":{"start":{"line":33,"column":23},"end":{"line":48,"column":3}},"line":33},"2":{"name":"(anonymous_2)","decl":{"start":{"line":50,"column":2},"end":{"line":50,"column":3}},"loc":{"start":{"line":50,"column":21},"end":{"line":59,"column":3}},"line":50},"3":{"name":"(anonymous_3)","decl":{"start":{"line":57,"column":15},"end":{"line":57,"column":16}},"loc":{"start":{"line":57,"column":27},"end":{"line":57,"column":44}},"line":57},"4":{"name":"(anonymous_4)","decl":{"start":{"line":61,"column":2},"end":{"line":61,"column":3}},"loc":{"start":{"line":61,"column":32},"end":{"line":69,"column":3}},"line":61},"5":{"name":"(anonymous_5)","decl":{"start":{"line":67,"column":15},"end":{"line":67,"column":16}},"loc":{"start":{"line":67,"column":27},"end":{"line":67,"column":37}},"line":67},"6":{"name":"(anonymous_6)","decl":{"start":{"line":71,"column":2},"end":{"line":71,"column":3}},"loc":{"start":{"line":71,"column":23},"end":{"line":89,"column":3}},"line":71},"7":{"name":"(anonymous_7)","decl":{"start":{"line":74,"column":46},"end":{"line":74,"column":47}},"loc":{"start":{"line":74,"column":52},"end":{"line":78,"column":9}},"line":74},"8":{"name":"(anonymous_8)","decl":{"start":{"line":82,"column":45},"end":{"line":82,"column":46}},"loc":{"start":{"line":82,"column":51},"end":{"line":86,"column":9}},"line":82},"9":{"name":"(anonymous_9)","decl":{"start":{"line":92,"column":2},"end":{"line":92,"column":3}},"loc":{"start":{"line":92,"column":16},"end":{"line":102,"column":3}},"line":92},"10":{"name":"(anonymous_10)","decl":{"start":{"line":104,"column":2},"end":{"line":104,"column":3}},"loc":{"start":{"line":104,"column":25},"end":{"line":148,"column":3}},"line":104},"11":{"name":"(anonymous_11)","decl":{"start":{"line":114,"column":15},"end":{"line":114,"column":16}},"loc":{"start":{"line":114,"column":23},"end":{"line":146,"column":7}},"line":114},"12":{"name":"(anonymous_12)","decl":{"start":{"line":125,"column":19},"end":{"line":125,"column":20}},"loc":{"start":{"line":125,"column":27},"end":{"line":143,"column":11}},"line":125},"13":{"name":"(anonymous_13)","decl":{"start":{"line":131,"column":23},"end":{"line":131,"column":24}},"loc":{"start":{"line":131,"column":31},"end":{"line":140,"column":15}},"line":131},"14":{"name":"(anonymous_14)","decl":{"start":{"line":150,"column":2},"end":{"line":150,"column":3}},"loc":{"start":{"line":150,"column":22},"end":{"line":152,"column":3}},"line":150},"15":{"name":"(anonymous_15)","decl":{"start":{"line":154,"column":2},"end":{"line":154,"column":3}},"loc":{"start":{"line":154,"column":11},"end":{"line":184,"column":3}},"line":154},"16":{"name":"(anonymous_16)","decl":{"start":{"line":158,"column":54},"end":{"line":158,"column":55}},"loc":{"start":{"line":158,"column":64},"end":{"line":158,"column":114}},"line":158}},"branchMap":{"0":{"loc":{"start":{"line":34,"column":4},"end":{"line":47,"column":5}},"type":"if","locations":[{"start":{"line":34,"column":4},"end":{"line":47,"column":5}},{"start":{"line":36,"column":11},"end":{"line":47,"column":5}}],"line":34},"1":{"loc":{"start":{"line":37,"column":6},"end":{"line":37,"column":32}},"type":"if","locations":[{"start":{"line":37,"column":6},"end":{"line":37,"column":32}},{"start":{},"end":{}}],"line":37},"2":{"loc":{"start":{"line":39,"column":6},"end":{"line":43,"column":7}},"type":"if","locations":[{"start":{"line":39,"column":6},"end":{"line":43,"column":7}},{"start":{"line":41,"column":13},"end":{"line":43,"column":7}}],"line":39},"3":{"loc":{"start":{"line":72,"column":4},"end":{"line":88,"column":5}},"type":"if","locations":[{"start":{"line":72,"column":4},"end":{"line":88,"column":5}},{"start":{"line":80,"column":11},"end":{"line":88,"column":5}}],"line":72},"4":{"loc":{"start":{"line":73,"column":6},"end":{"line":79,"column":7}},"type":"if","locations":[{"start":{"line":73,"column":6},"end":{"line":79,"column":7}},{"start":{},"end":{}}],"line":73},"5":{"loc":{"start":{"line":80,"column":11},"end":{"line":88,"column":5}},"type":"if","locations":[{"start":{"line":80,"column":11},"end":{"line":88,"column":5}},{"start":{},"end":{}}],"line":80},"6":{"loc":{"start":{"line":81,"column":6},"end":{"line":87,"column":7}},"type":"if","locations":[{"start":{"line":81,"column":6},"end":{"line":87,"column":7}},{"start":{},"end":{}}],"line":81},"7":{"loc":{"start":{"line":93,"column":4},"end":{"line":101,"column":5}},"type":"if","locations":[{"start":{"line":93,"column":4},"end":{"line":101,"column":5}},{"start":{"line":97,"column":11},"end":{"line":101,"column":5}}],"line":93},"8":{"loc":{"start":{"line":117,"column":27},"end":{"line":117,"column":66}},"type":"cond-expr","locations":[{"start":{"line":117,"column":48},"end":{"line":117,"column":62}},{"start":{"line":117,"column":65},"end":{"line":117,"column":66}}],"line":117},"9":{"loc":{"start":{"line":155,"column":4},"end":{"line":159,"column":5}},"type":"if","locations":[{"start":{"line":155,"column":4},"end":{"line":159,"column":5}},{"start":{"line":157,"column":11},"end":{"line":159,"column":5}}],"line":155}},"s":{"0":4,"1":4,"2":4,"3":4,"4":0,"5":0,"6":0,"7":0,"8":0,"9":0,"10":0,"11":0,"12":0,"13":0,"14":0,"15":0,"16":0,"17":0,"18":0,"19":0,"20":0,"21":0,"22":0,"23":0,"24":0,"25":0,"26":0,"27":0,"28":0,"29":4,"30":4,"31":4,"32":4,"33":4,"34":4,"35":4,"36":4,"37":0,"38":4,"39":4,"40":4,"41":0,"42":0,"43":4},"f":{"0":4,"1":0,"2":0,"3":0,"4":0,"5":0,"6":0,"7":0,"8":0,"9":0,"10":4,"11":4,"12":4,"13":4,"14":4,"15":4,"16":0},"b":{"0":[0,0],"1":[0,0],"2":[0,0],"3":[0,0],"4":[0,0],"5":[0,0],"6":[0,0],"7":[0,0],"8":[0,4],"9":[4,0]},"_coverageSchema":"1a1c01bbd47fc00a2c39e90264f33305004495a9","hash":"3508e0010c0490319cf9128c098ddb5f81c34539"}
,"/home/yytt77/HackReactor/FEC/client/src/Ratings/ReviewTile.jsx": {"path":"/home/yytt77/HackReactor/FEC/client/src/Ratings/ReviewTile.jsx","statementMap":{"0":{"start":{"line":6,"column":17},"end":{"line":21,"column":1}},"1":{"start":{"line":7,"column":2},"end":{"line":20,"column":3}},"2":{"start":{"line":10,"column":8},"end":{"line":12,"column":9}},"3":{"start":{"line":15,"column":8},"end":{"line":17,"column":9}},"4":{"start":{"line":24,"column":17},"end":{"line":83,"column":1}},"5":{"start":{"line":25,"column":20},"end":{"line":25,"column":83}},"6":{"start":{"line":26,"column":21},"end":{"line":26,"column":92}},"7":{"start":{"line":27,"column":2},"end":{"line":41,"column":3}},"8":{"start":{"line":28,"column":21},"end":{"line":38,"column":10}},"9":{"start":{"line":33,"column":10},"end":{"line":33,"column":36}},"10":{"start":{"line":34,"column":10},"end":{"line":34,"column":54}},"11":{"start":{"line":35,"column":10},"end":{"line":35,"column":34}},"12":{"start":{"line":40,"column":21},"end":{"line":40,"column":63}},"13":{"start":{"line":43,"column":14},"end":{"line":43,"column":57}},"14":{"start":{"line":45,"column":2},"end":{"line":82,"column":3}},"15":{"start":{"line":73,"column":10},"end":{"line":73,"column":35}},"16":{"start":{"line":78,"column":10},"end":{"line":78,"column":34}}},"fnMap":{"0":{"name":"(anonymous_0)","decl":{"start":{"line":6,"column":17},"end":{"line":6,"column":18}},"loc":{"start":{"line":6,"column":31},"end":{"line":21,"column":1}},"line":6},"1":{"name":"(anonymous_1)","decl":{"start":{"line":9,"column":30},"end":{"line":9,"column":31}},"loc":{"start":{"line":9,"column":49},"end":{"line":13,"column":7}},"line":9},"2":{"name":"(anonymous_2)","decl":{"start":{"line":14,"column":34},"end":{"line":14,"column":35}},"loc":{"start":{"line":14,"column":52},"end":{"line":18,"column":7}},"line":14},"3":{"name":"(anonymous_3)","decl":{"start":{"line":24,"column":17},"end":{"line":24,"column":18}},"loc":{"start":{"line":24,"column":134},"end":{"line":83,"column":1}},"line":24},"4":{"name":"(anonymous_4)","decl":{"start":{"line":32,"column":17},"end":{"line":32,"column":18}},"loc":{"start":{"line":32,"column":24},"end":{"line":36,"column":9}},"line":32},"5":{"name":"(anonymous_5)","decl":{"start":{"line":72,"column":59},"end":{"line":72,"column":60}},"loc":{"start":{"line":72,"column":65},"end":{"line":74,"column":9}},"line":72},"6":{"name":"(anonymous_6)","decl":{"start":{"line":77,"column":59},"end":{"line":77,"column":60}},"loc":{"start":{"line":77,"column":65},"end":{"line":79,"column":9}},"line":77}},"branchMap":{"0":{"loc":{"start":{"line":25,"column":20},"end":{"line":25,"column":83}},"type":"cond-expr","locations":[{"start":{"line":25,"column":42},"end":{"line":25,"column":73}},{"start":{"line":25,"column":76},"end":{"line":25,"column":83}}],"line":25},"1":{"loc":{"start":{"line":26,"column":21},"end":{"line":26,"column":92}},"type":"cond-expr","locations":[{"start":{"line":26,"column":43},"end":{"line":26,"column":85}},{"start":{"line":26,"column":88},"end":{"line":26,"column":92}}],"line":26},"2":{"loc":{"start":{"line":27,"column":2},"end":{"line":41,"column":3}},"type":"if","locations":[{"start":{"line":27,"column":2},"end":{"line":41,"column":3}},{"start":{"line":39,"column":9},"end":{"line":41,"column":3}}],"line":27},"3":{"loc":{"start":{"line":43,"column":14},"end":{"line":43,"column":57}},"type":"cond-expr","locations":[{"start":{"line":43,"column":28},"end":{"line":43,"column":43}},{"start":{"line":43,"column":46},"end":{"line":43,"column":57}}],"line":43},"4":{"loc":{"start":{"line":63,"column":7},"end":{"line":63,"column":107}},"type":"cond-expr","locations":[{"start":{"line":63,"column":19},"end":{"line":63,"column":100}},{"start":{"line":63,"column":103},"end":{"line":63,"column":107}}],"line":63},"5":{"loc":{"start":{"line":65,"column":7},"end":{"line":68,"column":19}},"type":"cond-expr","locations":[{"start":{"line":65,"column":18},"end":{"line":68,"column":12}},{"start":{"line":68,"column":15},"end":{"line":68,"column":19}}],"line":65}},"s":{"0":1,"1":0,"2":0,"3":0,"4":1,"5":0,"6":0,"7":0,"8":0,"9":0,"10":0,"11":0,"12":0,"13":0,"14":0,"15":0,"16":0},"f":{"0":0,"1":0,"2":0,"3":0,"4":0,"5":0,"6":0},"b":{"0":[0,0],"1":[0,0],"2":[0,0],"3":[0,0],"4":[0,0],"5":[0,0]},"_coverageSchema":"1a1c01bbd47fc00a2c39e90264f33305004495a9","hash":"e9109e9ae56c4e7add2d3aba97f570b8518f72c3"}
,"/home/yytt77/HackReactor/FEC/client/src/Ratings/ReviewsList.jsx": {"path":"/home/yytt77/HackReactor/FEC/client/src/Ratings/ReviewsList.jsx","statementMap":{"0":{"start":{"line":8,"column":18},"end":{"line":46,"column":1}},"1":{"start":{"line":10,"column":15},"end":{"line":10,"column":124}},"2":{"start":{"line":11,"column":21},"end":{"line":11,"column":111}},"3":{"start":{"line":12,"column":20},"end":{"line":15,"column":3}},"4":{"start":{"line":16,"column":2},"end":{"line":45,"column":3}},"5":{"start":{"line":21,"column":8},"end":{"line":37,"column":9}},"6":{"start":{"line":48,"column":18},"end":{"line":66,"column":1}},"7":{"start":{"line":49,"column":15},"end":{"line":62,"column":3}},"8":{"start":{"line":63,"column":10},"end":{"line":63,"column":31}},"9":{"start":{"line":64,"column":27},"end":{"line":64,"column":39}},"10":{"start":{"line":65,"column":2},"end":{"line":65,"column":67}}},"fnMap":{"0":{"name":"(anonymous_0)","decl":{"start":{"line":8,"column":18},"end":{"line":8,"column":19}},"loc":{"start":{"line":8,"column":165},"end":{"line":46,"column":1}},"line":8},"1":{"name":"(anonymous_1)","decl":{"start":{"line":20,"column":42},"end":{"line":20,"column":43}},"loc":{"start":{"line":20,"column":52},"end":{"line":37,"column":10}},"line":20},"2":{"name":"(anonymous_2)","decl":{"start":{"line":48,"column":18},"end":{"line":48,"column":19}},"loc":{"start":{"line":48,"column":28},"end":{"line":66,"column":1}},"line":48}},"branchMap":{"0":{"loc":{"start":{"line":10,"column":15},"end":{"line":10,"column":124}},"type":"cond-expr","locations":[{"start":{"line":10,"column":66},"end":{"line":10,"column":117}},{"start":{"line":10,"column":120},"end":{"line":10,"column":124}}],"line":10},"1":{"loc":{"start":{"line":10,"column":15},"end":{"line":10,"column":63}},"type":"binary-expr","locations":[{"start":{"line":10,"column":15},"end":{"line":10,"column":29}},{"start":{"line":10,"column":33},"end":{"line":10,"column":63}}],"line":10},"2":{"loc":{"start":{"line":11,"column":21},"end":{"line":11,"column":111}},"type":"cond-expr","locations":[{"start":{"line":11,"column":38},"end":{"line":11,"column":104}},{"start":{"line":11,"column":107},"end":{"line":11,"column":111}}],"line":11},"3":{"loc":{"start":{"line":19,"column":16},"end":{"line":19,"column":68}},"type":"cond-expr","locations":[{"start":{"line":19,"column":36},"end":{"line":19,"column":47}},{"start":{"line":19,"column":50},"end":{"line":19,"column":68}}],"line":19},"4":{"loc":{"start":{"line":65,"column":29},"end":{"line":65,"column":56}},"type":"cond-expr","locations":[{"start":{"line":65,"column":44},"end":{"line":65,"column":47}},{"start":{"line":65,"column":50},"end":{"line":65,"column":56}}],"line":65}},"s":{"0":1,"1":4,"2":4,"3":4,"4":4,"5":0,"6":1,"7":0,"8":0,"9":0,"10":0},"f":{"0":4,"1":0,"2":0},"b":{"0":[0,4],"1":[4,0],"2":[0,4],"3":[0,4],"4":[0,0]},"_coverageSchema":"1a1c01bbd47fc00a2c39e90264f33305004495a9","hash":"a39831a0b6dda48d1cfd1640ae4adb95c81c1341"}
,"/home/yytt77/HackReactor/FEC/client/src/Ratings/SortReviews.jsx": {"path":"/home/yytt77/HackReactor/FEC/client/src/Ratings/SortReviews.jsx","statementMap":{"0":{"start":{"line":3,"column":18},"end":{"line":15,"column":1}},"1":{"start":{"line":4,"column":2},"end":{"line":14,"column":8}},"2":{"start":{"line":7,"column":22},"end":{"line":7,"column":50}},"3":{"start":{"line":8,"column":6},"end":{"line":8,"column":31}}},"fnMap":{"0":{"name":"(anonymous_0)","decl":{"start":{"line":3,"column":18},"end":{"line":3,"column":19}},"loc":{"start":{"line":4,"column":2},"end":{"line":14,"column":8}},"line":4},"1":{"name":"(anonymous_1)","decl":{"start":{"line":6,"column":60},"end":{"line":6,"column":61}},"loc":{"start":{"line":6,"column":67},"end":{"line":9,"column":5}},"line":6}},"branchMap":{},"s":{"0":1,"1":0,"2":0,"3":0},"f":{"0":0,"1":0},"b":{},"_coverageSchema":"1a1c01bbd47fc00a2c39e90264f33305004495a9","hash":"21e2f4b3e69ca8e82aa0c9896cf41d95e7327e4a"}
,"/home/yytt77/HackReactor/FEC/client/src/Related/Card.jsx": {"path":"/home/yytt77/HackReactor/FEC/client/src/Related/Card.jsx","statementMap":{"0":{"start":{"line":14,"column":4},"end":{"line":14,"column":17}},"1":{"start":{"line":15,"column":4},"end":{"line":21,"column":5}},"2":{"start":{"line":26,"column":4},"end":{"line":26,"column":19}},"3":{"start":{"line":27,"column":4},"end":{"line":27,"column":104}},"4":{"start":{"line":34,"column":12},"end":{"line":37,"column":3}},"5":{"start":{"line":35,"column":4},"end":{"line":36,"column":53}},"6":{"start":{"line":54,"column":17},"end":{"line":79,"column":3}},"7":{"start":{"line":55,"column":4},"end":{"line":78,"column":5}},"8":{"start":{"line":56,"column":21},"end":{"line":56,"column":25}},"9":{"start":{"line":57,"column":20},"end":{"line":57,"column":61}},"10":{"start":{"line":58,"column":19},"end":{"line":58,"column":39}},"11":{"start":{"line":59,"column":25},"end":{"line":59,"column":86}},"12":{"start":{"line":59,"column":46},"end":{"line":59,"column":72}},"13":{"start":{"line":60,"column":25},"end":{"line":60,"column":78}},"14":{"start":{"line":60,"column":51},"end":{"line":60,"column":77}},"15":{"start":{"line":61,"column":6},"end":{"line":61,"column":57}},"16":{"start":{"line":64,"column":6},"end":{"line":69,"column":7}},"17":{"start":{"line":65,"column":8},"end":{"line":65,"column":77}},"18":{"start":{"line":67,"column":27},"end":{"line":67,"column":56}},"19":{"start":{"line":68,"column":8},"end":{"line":68,"column":121}},"20":{"start":{"line":70,"column":6},"end":{"line":70,"column":45}},"21":{"start":{"line":73,"column":6},"end":{"line":74,"column":134}},"22":{"start":{"line":75,"column":6},"end":{"line":75,"column":61}},"23":{"start":{"line":77,"column":6},"end":{"line":77,"column":23}},"24":{"start":{"line":81,"column":16},"end":{"line":83,"column":3}},"25":{"start":{"line":82,"column":4},"end":{"line":82,"column":50}},"26":{"start":{"line":86,"column":17},"end":{"line":86,"column":38}},"27":{"start":{"line":87,"column":21},"end":{"line":87,"column":37}},"28":{"start":{"line":88,"column":4},"end":{"line":90,"column":5}},"29":{"start":{"line":91,"column":4},"end":{"line":122,"column":5}},"30":{"start":{"line":92,"column":6},"end":{"line":99,"column":7}},"31":{"start":{"line":93,"column":90},"end":{"line":93,"column":129}},"32":{"start":{"line":101,"column":6},"end":{"line":121,"column":7}}},"fnMap":{"0":{"name":"(anonymous_0)","decl":{"start":{"line":13,"column":2},"end":{"line":13,"column":3}},"loc":{"start":{"line":13,"column":21},"end":{"line":22,"column":3}},"line":13},"1":{"name":"(anonymous_1)","decl":{"start":{"line":24,"column":2},"end":{"line":24,"column":3}},"loc":{"start":{"line":24,"column":22},"end":{"line":28,"column":3}},"line":24},"2":{"name":"(anonymous_2)","decl":{"start":{"line":34,"column":12},"end":{"line":34,"column":13}},"loc":{"st
[...]
"column":78}},"loc":{"start":{"line":93,"column":90},"end":{"line":93,"column":129}},"line":93}},"branchMap":{"0":{"loc":{"start":{"line":35,"column":4},"end":{"line":36,"column":53}},"type":"cond-expr","locations":[{"start":{"line":35,"column":35},"end":{"line":35,"column":81}},{"start":{"line":36,"column":6},"end":{"line":36,"column":53}}],"line":35},"1":{"loc":{"start":{"line":59,"column":25},"end":{"line":59,"column":86}},"type":"binary-expr","locations":[{"start":{"line":59,"column":25},"end":{"line":59,"column":73}},{"start":{"line":59,"column":77},"end":{"line":59,"column":86}}],"line":59},"2":{"loc":{"start":{"line":61,"column":21},"end":{"line":61,"column":56}},"type":"cond-expr","locations":[{"start":{"line":61,"column":40},"end":{"line":61,"column":41}},{"start":{"line":61,"column":44},"end":{"line":61,"column":56}}],"line":61},"3":{"loc":{"start":{"line":64,"column":6},"end":{"line":69,"column":7}},"type":"if","locations":[{"start":{"line":64,"column":6},"end":{"line":69,"column":7}},{"start":{"line":66,"column":13},"end":{"line":69,"column":7}}],"line":64},"4":{"loc":{"start":{"line":73,"column":6},"end":{"line":74,"column":133}},"type":"cond-expr","locations":[{"start":{"line":74,"column":8},"end":{"line":74,"column":96}},{"start":{"line":74,"column":99},"end":{"line":74,"column":133}}],"line":73},"5":{"loc":{"start":{"line":88,"column":4},"end":{"line":90,"column":5}},"type":"if","locations":[{"start":{"line":88,"column":4},"end":{"line":90,"column":5}},{"start":{},"end":{}}],"line":88},"6":{"loc":{"start":{"line":91,"column":4},"end":{"line":122,"column":5}},"type":"if","locations":[{"start":{"line":91,"column":4},"end":{"line":122,"column":5}},{"start":{"line":100,"column":11},"end":{"line":122,"column":5}}],"line":91}},"s":{"0":2,"1":2,"2":2,"3":2,"4":2,"5":2,"6":2,"7":2,"8":2,"9":2,"10":0,"11":0,"12":0,"13":0,"14":0,"15":0,"16":0,"17":0,"18":0,"19":0,"20":0,"21":0,"22":0,"23":0,"24":2,"25":0,"26":4,"27":4,"28":4,"29":4,"30":4,"31":0,"32":0},"f":{"0":2,"1":2,"2":2,"3":2,"4":0,"5":0,"6":0,"7":4,"8":0},"b":{"0":[2,0],"1":[0,0],"2":[0,0],"3":[0,0],"4":[0,0],"5":[0,4],"6":[4,0]},"_coverageSchema":"1a1c01bbd47fc00a2c39e90264f33305004495a9","hash":"ecf0185e779ff8c62678d75c7c088d7be9a24f40"}
,"/home/yytt77/HackReactor/FEC/client/src/Related/Compare.jsx": {"path":"/home/yytt77/HackReactor/FEC/client/src/Related/Compare.jsx","statementMap":{"0":{"start":{"line":5,"column":16},"end":{"line":26,"column":1}},"1":{"start":{"line":6,"column":2},"end":{"line":25,"column":3}}},"fnMap":{"0":{"name":"(anonymous_0)","decl":{"start":{"line":5,"column":16},"end":{"line":5,"column":17}},"loc":{"start":{"line":5,"column":27},"end":{"line":26,"column":1}},"line":5}},"branchMap":{},"s":{"0":1,"1":2},"f":{"0":2},"b":{},"_coverageSchema":"1a1c01bbd47fc00a2c39e90264f33305004495a9","hash":"5814916ff2d1ce194a10c283e8283d0adbc3f6ee"}
,"/home/yytt77/HackReactor/FEC/client/src/Related/OutfitList.jsx": {"path":"/home/yytt77/HackReactor/FEC/client/src/Related/OutfitList.jsx","statementMap":{"0":{"start":{"line":14,"column":4},"end":{"line":14,"column":17}},"1":{"start":{"line":15,"column":4},"end":{"line":19,"column":5}},"2":{"start":{"line":23,"column":4},"end":{"line":23,"column":22}},"3":{"start":{"line":26,"column":15},"end":{"line":37,"column":3}},"4":{"start":{"line":27,"column":4},"end":{"line":36,"column":5}},"5":{"start":{"line":28,"column":20},"end":{"line":28,"column":75}},"6":{"start":{"line":29,"column":17},"end":{"line":29,"column":29}},"7":{"start":{"line":30,"column":6},"end":{"line":33,"column":9}},"8":{"start":{"line":32,"column":8},"end":{"line":32,"column":67}},"9":{"start":{"line":35,"column":6},"end":{"line":35,"column":23}},"10":{"start":{"line":39,"column":14},"end":{"line":52,"column":3}},"11":{"start":{"line":40,"column":4},"end":{"line":50,"column":5}},"12":{"start":{"line":41,"column":19},"end":{"line":41,"column":60}},"13":{"start":{"line":42,"column":6},"end":{"line":47,"column":7}},"14":{"start":{"line":43,"column":8},"end":{"line":43,"column":72}},"15":{"start":{"line":45,"column":27},"end":{"line":45,"column":64}},"16":{"start":{"line":46,"column":8},"end":{"line":46,"column":105}},"17":{"start":{"line":49,"column":6},"end":{"line":49,"column":23}},"18":{"start":{"line":51,"column":4},"end":{"line":51,"column":19}},"19":{"start":{"line":71,"column":11},"end":{"line":75,"column":3}},"20":{"start":{"line":72,"column":17},"end":{"line":72,"column":62}},"21":{"start":{"line":72,"column":48},"end":{"line":72,"column":61}},"22":{"start":{"line":73,"column":26},"end":{"line":73,"column":79}},"23":{"start":{"line":73,"column":62},"end":{"line":73,"column":78}},"24":{"start":{"line":74,"column":4},"end":{"line":74,"column":48}},"25":{"start":{"line":77,"column":13},"end":{"line":84,"column":3}},"26":{"start":{"line":78,"column":4},"end":{"line":78,"column":27}},"27":{"start":{"line":79,"column":4},"end":{"line":79,"column":54}},"28":{"start":{"line":80,"column":4},"end":{"line":82,"column":5}},"29":{"start":{"line":80,"column":40},"end":{"line":80,"column":60}},"30":{"start":{"line":81,"column":6},"end":{"line":81,"column":66}},"31":{"start":{"line":83,"column":4},"end":{"line":83,"column":53}},"32":{"start":{"line":87,"column":4},"end":{"line":100,"column":5}},"33":{"start":{"line":92,"column":12},"end":{"line":93,"column":67}}},"fnMap":{"0":{"name":"(anonymous_0)","decl":{"start":{"line":13,"column":2},"end":{"line":13,"column":3}},"loc":{"start":{"line":13,"column":21},"end":{"line":20,"column":3}},"line":13},"1":{"name":"(anonymous_1)","decl":{"start":{"line":22,"column":2},"end":{"line":22,"column":3}},"loc":{"start":{"line":22,"column":22},"end":{"line":24,"column":3}},"line":22},"2":{"name":"(anonymous_2)","decl":{"start":{"line":26,"column":15},"end":{"line":26,"column":16}},"loc":{"start":{"line":26,"column":27},"end":{"line":37,"column":3}},"line":26},"3":{"name":"(anonymous_3)","decl":{"start":{"line":30,"column":19},"end":{"line":30,"column":20}},"loc":{"start":{"line":30,"column":29},"end":{"line":33,"column":7}},"line":30},"4":{"name":"(anonymous_4)","decl":{"start":{"line":39,"column":14},"end":{"line":39,"column":15}},"loc":{"start":{"line":39,"column":37},"end":{"line":52,"column":3}},"line":39},"5":{"name":"(anonymous_5)","decl":{"start":{"line":71,"column":11},"end":{"line":71,"column":12}},"loc":{"start":{"line":71,"column":19},"end":{"line":75,"column":3}},"line":71},"6":{"name":"(anonymous_6)","decl":{"start":{"line":72,"column":41},"end":{"line":72,"column":42}},"loc":{"start":{"line":72,"column":48},"end":{"line":72,"column":61}},"line":72},"7":{"name":"(anonymous_7)","decl":{"start":{"line":73,"column":52},"end":{"line":73,"column":53}},"loc":{"start":{"line":73,"column":62},"end":{"line":73,"column":78}},"line":73},"8":{"name":"(anonymous_8)","decl":{"start":{"line":77,"column":13},"end":{"line":77,"column":14}},"loc":{"start":{"line":77,"column":25},"end":{"line":84,"column":3}},"line":77},"9":{"name":"(anonymous_9)","decl":{"start":{"line":80,"column":33},"end":{"line":80,"column":34}},"loc":{"start":{"line":80,"column":40},"end":{"line":80,"column":60}},"line":80},"10":{"name":"(anonymous_10)","decl":{"start":{"line":86,"column":2},"end":{"line":86,"column":3}},"loc":{"start":{"line":86,"column":11},"end":{"line":101,"column":3}},"line":86},"11":{"name":"(anonymous_11)","decl":{"start":{"line":91,"column":34},"end":{"line":91,"column":35}},"loc":{"start":{"line":92,"column":12},"end":{"line":93,"column":67}},"line":92}},"branchMap":{"0":{"loc":{"start":{"line":42,"column":6},"end":{"line":47,"column":7}},"type":"if","locations":[{"start":{"line":42,"column":6},"end":{"line":47,"column":7}},{"start":{"line":44,"column":13},"end":{"line":47,"column":7}}],"line":42},"1":{"loc":{"start":{"line":80,"column":4},"end":{"line":82,"column":5}},"type":"if","locations":[{"start":{"line":80,"column":4},"end":{"line":82,"column":5}},{"start":{},"end":{}}],"line":80}},"s":{"0":2,"1":2,"2":2,"3":2,"4":2,"5":2,"6":0,"7":0,"8":0,"9":0,"10":2,"11":0,"12":0,"13":0,"14":0,"15":0,"16":0,"17":0,"18":0,"19":2,"20":0,"21":0,"22":0,"23":0,"24":0,"25":2,"26":0,"27":0,"28":0,"29":0,"30":0,"31":0,"32":2,"33":2},"f":{"0":2,"1":2,"2":2,"3":0,"4":0,"5":0,"6":0,"7":0,"8":0,"9":0,"10":2,"11":2},"b":{"0":[0,0],"1":[0,0]},"_coverageSchema":"1a1c01bbd47fc00a2c39e90264f33305004495a9","hash":"9dc9202fb53429eb86a09b64c079d87fa1b8104a"}
,"/home/yytt77/HackReactor/FEC/client/src/Related/Price.jsx": {"path":"/home/yytt77/HackReactor/FEC/client/src/Related/Price.jsx","statementMap":{"0":{"start":{"line":3,"column":14},"end":{"line":18,"column":1}},"1":{"start":{"line":4,"column":2},"end":{"line":17,"column":3}},"2":{"start":{"line":5,"column":4},"end":{"line":10,"column":5}},"3":{"start":{"line":12,"column":4},"end":{"line":16,"column":5}}},"fnMap":{"0":{"name":"(anonymous_0)","decl":{"start":{"line":3,"column":14},"end":{"line":3,"column":15}},"loc":{"start":{"line":3,"column":25},"end":{"line":18,"column":1}},"line":3}},"branchMap":{"0":{"loc":{"start":{"line":4,"column":2},"end":{"line":17,"column":3}},"type":"if","locations":[{"start":{"line":4,"column":2},"end":{"line":17,"column":3}},{"start":{"line":11,"column":9},"end":{"line":17,"column":3}}],"line":4}},"s":{"0":2,"1":0,"2":0,"3":0},"f":{"0":0},"b":{"0":[0,0]},"_coverageSchema":"1a1c01bbd47fc00a2c39e90264f33305004495a9","hash":"ed4fafab4181952b6d1dcfd9ab27682eb1c81f92"}
,"/home/yytt77/HackReactor/FEC/client/src/Related/RelatedList.jsx": {"path":"/home/yytt77/HackReactor/FEC/client/src/Related/RelatedList.jsx","statementMap":{"0":{"start":{"line":15,"column":4},"end":{"line":15,"column":17}},"1":{"start":{"line":16,"column":4},"end":{"line":33,"column":5}},"2":{"start":{"line":38,"column":4},"end":{"line":38,"column":25}},"3":{"start":{"line":39,"column":4},"end":{"line":39,"column":29}},"4":{"start":{"line":40,"column":4},"end":{"line":40,"column":31}},"5":{"start":{"line":51,"column":21},"end":{"line":56,"column":3}},"6":{"start":{"line":52,"column":4},"end":{"line":55,"column":6}},"7":{"start":{"line":53,"column":6},"end":{"line":53,"column":55}},"8":{"start":{"line":54,"column":6},"end":{"line":54,"column":30}},"9":{"start":{"line":58,"column":22},"end":{"line":63,"column":3}},"10":{"start":{"line":59,"column":4},"end":{"line":62,"column":6}},"11":{"start":{"line":60,"column":27},"end":{"line":60,"column":43}},"12":{"start":{"line":61,"column":6},"end":{"line":61,"column":56}},"13":{"start":{"line":65,"column":19},"end":{"line":70,"column":3}},"14":{"start":{"line":66,"column":4},"end":{"line":69,"column":6}},"15":{"start":{"line":67,"column":24},"end":{"line":67,"column":40}},"16":{"start":{"line":68,"column":6},"end":{"line":68,"column":50}},"17":{"start":{"line":72,"column":18},"end":{"line":85,"column":3}},"18":{"start":{"line":73,"column":21},"end":{"line":73,"column":23}},"19":{"start":{"line":74,"column":4},"end":{"line":84,"column":5}},"20":{"start":{"line":75,"column":16},"end":{"line":75,"column":83}},"21":{"start":{"line":76,"column":17},"end":{"line":76,"column":25}},"22":{"start":{"line":77,"column":6},"end":{"line":80,"column":8}},"23":{"start":{"line":78,"column":8},"end":{"line":78,"column":28}},"24":{"start":{"line":79,"column":8},"end":{"line":79,"column":36}},"25":{"start":{"line":81,"column":6},"end":{"line":81,"column":48}},"26":{"start":{"line":83,"column":6},"end":{"line":83,"column":29}},"27":{"start":{"line":87,"column":23},"end":{"line":96,"column":3}},"28":{"start":{"line":88,"column":4},"end":{"line":95,"column":5}},"29":{"start":{"line":89,"column":20},"end":{"line":89,"column":54}},"30":{"start":{"line":90,"column":17},"end":{"line":90,"column":29}},"31":{"start":{"line":92,"column":6},"end":{"line":92,"column":80}},"32":{"start":{"line":94,"column":6},"end":{"line":94,"column":23}},"33":{"start":{"line":98,"column":14},"end":{"line":111,"column":3}},"34":{"start":{"line":99,"column":4},"end":{"line":109,"column":5}},"35":{"start":{"line":100,"column":19},"end":{"line":100,"column":60}},"36":{"start":{"line":101,"column":6},"end":{"line":106,"column":7}},"37":{"start":{"line":102,"column":8},"end":{"line":102,"column":69}},"38":{"start":{"line":104,"column":27},"end":{"line":104,"column":64}},"39":{"start":{"line":105,"column":8},"end":{"line":105,"column":105}},"40":{"start":{"line":108,"column":6},"end":{"line":108,"column":23}},"41":{"start":{"line":110,"column":4},"end":{"line":110,"column":19}},"42":{"start":{"line":113,"column":14},"end":{"line":119,"column":3}},"43":{"start":{"line":114,"column":4},"end":{"line":114,"column":28}},"44":{"start":{"line":115,"column":4},"end":{"line":115,"column":38}},"45":{"start":{"line":116,"column":4},"end":{"line":116,"column":35}},"46":{"start":{"line":117,"column":4},"end":{"line":117,"column":87}},"47":{"start":{"line":118,"column":4},"end":{"line":118,"column":21}},"48":{"start":{"line":121,"column":14},"end":{"line":131,"column":3}},"49":{"start":{"line":122,"column":4},"end":{"line":130,"column":6}},"50":{"start":{"line":123,"column":6},"end":{"line":123,"column":34}},"51":{"start":{"line":125,"column":6},"end":{"line":129,"column":7}},"52":{"start":{"line":126,"column":8},"end":{"line":126,"column":42}},"53":{"start":{"line":127,"column":8},"end":{"line":127,"column":39}},"54":{"start":{"line":128,"column":8},"end":{"line":128,"column":89}},"55":{"start":{"line":134,"column":4},"end":{"line":153,"column":5}},"56":{"start":{"line":140,"column":14},"end":{"line":141,"column":72}}},"fnMap":{"0":{"name":"(anonymous_0)","decl":{"start":{"line":14,"column":2},"end":{"line":14,"column":3}},"loc":{"start":{"line":14,"column":21},"end":{"line":35,"column":3}},"line":14},"1":{"name":"(anonymous_1)","decl":{"start":{"line":37,"column":2},"end":{"line":37,"column":3}},"loc":{"start":{"line":37,"column":22},"end":{"line":41,"column":3}},"line":37},"2":{"name":"(anonymous_2)","decl":{"start":{"line":51,"column":21},"end":{"line":51,"column":22}},"loc":{"start":{"line":51,"column":29},"end":{"line":56,"column":3}},"line":51},"3":{"name":"(anonymous_3)","decl":{"start":{"line":52,"column":29},"end":{"line":52,"column":30}},"loc":{"start":{"line":52,"column":37},"end":{"line":55,"column":5}},"line":52},"4":{"name":"(anonymous_4)","decl":{"start":{"line":58,"column":22},"end":{"line":58,"column":23}},"loc":{"start":{"line":58,"column":28},"end":{"line":63,"column":3}},"line":58},"5":{"name":"(anonymous_5)","decl":{"start":{"line":59,"column":54},"end":{"line":59,"column":55}},"loc":{"start":{"line":59,"column":62},"end":{"line":62,"column":5}},"line":59},"6":{"name":"(anonymous_6)","decl":{"start":{"line":65,"column":19},"end":{"line":65,"column":20}},"loc":{"start":{"line":65,"column":27},"end":{"line":70,"column":3}},"line":65},"7":{"name":"(anonymous_7)","decl":{"start":{"line":66,"column":29},"end":{"line":66,"column":30}},"loc":{"start":{"line":66,"column":37},"end":{"line":69,"column":5}},"line":66},"8":{"name":"(anonymous_8)","decl":{"start":{"line":72,"column":18},"end":{"line":72,"column":19}},"loc":{"start":{"line":72,"column":30},"end":{"line":85,"column":3}},"line":72},"9":{"name":"(anonymous_9)","decl":{"start":{"line":77,"column":19},"end":{"line":77,"column":20}},"loc":{"start":{"line":77,"column":25},"end":{"line":80,"column":7}},"line":77},"10":{"name":"(anonymous_10)","decl":{"start":{"line":87,"column":23},"end":{"line":87,"column":24}},"loc":{"start":{"line":87,"column":37},"end":{"line":96,"column":3}},"line":87},"11":{"name":"(anonymous_11)","decl":{"start":{"line":98,"column":14},"end":{"line":98,"column":15}},"loc":{"start":{"line":98,"column":37},"end":{"line":111,"column":3}},"line":98},"12":{"name":"(anonymous_12)","decl":{"start":{"line":113,"column":14},"end":{"line":113,"column":15}},"loc":{"start":{"line":113,"column":22},"end":{"line":119,"column":3}},"line":113},"13":{"name":"(anonymous_13)","decl":{"start":{"line":121,"column":14},"end":{"line":121,"column":15}},"loc":{"start":{"line":121,"column":20},"end":{"line":131,"column":3}},"line":121},"14":{"name":"(anonymous_14)","decl":{"start":{"line":122,"column":50},"end":{"line":122,"column":51}},"loc":{"start":{"line":122,"column":57},"end":{"line":130,"column":5}},"line":122},"15":{"name":"(anonymous_15)","decl":{"start":{"line":133,"column":2},"end":{"line":133,"column":3}},"loc":{"start":{"line":133,"column":11},"end":{"line":154,"column":3}},"line":133},"16":{"name":"(anonymous_16)","decl":{"start":{"line":139,"column":44},"end":{"line":139,"column":45}},"loc":{"start":{"line":140,"column":14},"end":{"line":141,"column":72}},"line":140}},"branchMap":{"0":{"loc":{"start":{"line":101,"column":6},"end":{"line":106,"column":7}},"type":"if","locations":[{"start":{"line":101,"column":6},"end":{"line":106,"column":7}},{"start":{"line":103,"column":13},"end":{"line":106,"column":7}}],"line":101},"1":{"loc":{"start":{"line":125,"column":6},"end":{"line":129,"column":7}},"type":"if","locations":[{"start":{"line":125,"column":6},"end":{"line":129,"column":7}},{"start":{},"end":{}}],"line":125}},"s":{"0":2,"1":2,"2":2,"3":2,"4":2,"5":2,"6":0,"7":0,"8":0,"9":2,"10":2,"11":0,"12":0,"13":2,"14":2,"15":0,"16":0,"17":2,"18":2,"19":2,"20":2,"21":0,"22":0,"23":0,"24":0,"25":0,"26":0,"27":2,"28":0,"29":0,"30":0,"31":0,"32":0,"33":2,"34":0,"35":0,"36":0,"37":0,"38":0,"39":0,"40":0,"41":0,"42":2,"43":0,"44":0,"45":0,"46":0,"47":0,"48":2,"49":0,"50":0,"51":0,"52":0,"53":0,"54":0,"55":2,"56":0},"f":{"0":2,"1":2,"2":0,"3":0,"4":2,"5":0,"6":2,"7":0,"8":2,"9":0,"10":0,"11":0,"12":0,"13":0,"14":0,"15":2,"16":0},"b":{"0":[0,0],"1":[0,0]},"_coverageSchema":"1a1c01bbd47fc00a2c39e90264f33305004495a9","hash":"b15ae30ff462bfe91648b93051f834e2dc6b102a"}
,"/home/yytt77/HackReactor/FEC/server/routes/RelatedFakeData.js": {"path":"/home/yytt77/HackReactor/FEC/server/routes/RelatedFakeData.js","statementMap":{"0":{"start":{"line":1,"column":19},"end":{"line":56,"column":1}},"1":{"start":{"line":58,"column":24},"end":{"line":259,"column":1}},"2":{"start":{"line":261,"column":18},"end":{"line":265,"column":1}},"3":{"start":{"line":267,"column":18},"end":{"line":397,"column":1}},"4":{"start":{"line":399,"column":25},"end":{"line":1641,"column":1}},"5":{"start":{"line":1643,"column":0},"end":{"line":1643,"column":43}},"6":{"start":{"line":1644,"column":0},"end":{"line":1644,"column":53}},"7":{"start":{"line":1645,"column":0},"end":{"line":1645,"column":41}},"8":{"start":{"line":1646,"column":0},"end":{"line":1646,"column":41}},"9":{"start":{"line":1647,"column":0},"end":{"line":1647,"column":55}}},"fnMap":{},"branchMap":{},"s":{"0":1,"1":1,"2":1,"3":1,"4":1,"5":1,"6":1,"7":1,"8":1,"9":1},"f":{},"b":{},"_coverageSchema":"1a1c01bbd47fc00a2c39e90264f33305004495a9","hash":"47b753e09555150dd06519f0d96133385a729618"}
,"/home/yytt77/HackReactor/FEC/server/routes/ReviewsfakeData.js": {"path":"/home/yytt77/HackReactor/FEC/server/routes/ReviewsfakeData.js","statementMap":{"0":{"start":{"line":1,"column":18},"end":{"line":1,"column":64}},"1":{"start":{"line":1,"column":46},"end":{"line":1,"column":53}},"2":{"start":{"line":2,"column":18},"end":{"line":2,"column":65}},"3":{"start":{"line":2,"column":45},"end":{"line":2,"column":54}},"4":{"start":{"line":4,"column":18},"end":{"line":146,"column":1}},"5":{"start":{"line":148,"column":19},"end":{"line":172,"column":1}},"6":{"start":{"line":174,"column":0},"end":{"line":174,"column":41}},"7":{"start":{"line":175,"column":0},"end":{"line":175,"column":43}}},"fnMap":{"0":{"name":"(anonymous_0)","decl":{"start":{"line":1,"column":38},"end":{"line":1,"column":39}},"loc":{"start":{"line":1,"column":46},"end":{"line":1,"column":53}},"line":1},"1":{"name":"(anonymous_1)","decl":{"start":{"line":2,"column":37},"end":{"line":2,"column":38}},"loc":{"start":{"line":2,"column":45},"end":{"line":2,"column":54}},"line":2}},"branchMap":{},"s":{"0":1,"1":255,"2":1,"3":10,"4":1,"5":1,"6":1,"7":1},"f":{"0":255,"1":10},"b":{},"_coverageSchema":"1a1c01bbd47fc00a2c39e90264f33305004495a9","hash":"9d3a33bd8bd803f560e002a655fc739e33bce627"}
}
