{"/home/yytt77/HackReactor/FEC/config.js": {"path":"/home/yytt77/HackReactor/FEC/config.js","statementMap":{"0":{"start":{"line":1,"column":22},"end":{"line":1,"column":32}},"1":{"start":{"line":5,"column":0},"end":{"line":5,"column":31}}},"fnMap":{},"branchMap":{},"s":{"0":1,"1":1},"f":{},"b":{},"_coverageSchema":"1a1c01bbd47fc00a2c39e90264f33305004495a9","hash":"d63d86af8cc87eeb5bedc5129fa5e0bcc740458b"}
,"/home/yytt77/HackReactor/FEC/client/src/Overview/Practice.js": {"path":"/home/yytt77/HackReactor/FEC/client/src/Overview/Practice.js","statementMap":{"0":{"start":{"line":4,"column":15},"end":{"line":6,"column":1}},"1":{"start":{"line":5,"column":2},"end":{"line":5,"column":77}}},"fnMap":{"0":{"name":"(anonymous_0)","decl":{"start":{"line":4,"column":15},"end":{"line":4,"column":16}},"loc":{"start":{"line":4,"column":26},"end":{"line":6,"column":1}},"line":4}},"branchMap":{},"s":{"0":1,"1":0},"f":{"0":0},"b":{},"_coverageSchema":"1a1c01bbd47fc00a2c39e90264f33305004495a9","hash":"8864979afb65a59fcfc078b9ab015ca829e64131"}
,"/home/yytt77/HackReactor/FEC/client/src/Q&A/AddQuestions.jsx": {"path":"/home/yytt77/HackReactor/FEC/client/src/Q&A/AddQuestions.jsx","statementMap":{"0":{"start":{"line":3,"column":21},"end":{"line":15,"column":1}},"1":{"start":{"line":5,"column":2},"end":{"line":14,"column":3}},"2":{"start":{"line":8,"column":8},"end":{"line":11,"column":14}}},"fnMap":{"0":{"name":"(anonymous_0)","decl":{"start":{"line":3,"column":21},"end":{"line":3,"column":22}},"loc":{"start":{"line":3,"column":32},"end":{"line":15,"column":1}},"line":3},"1":{"name":"(anonymous_1)","decl":{"start":{"line":7,"column":26},"end":{"line":7,"column":27}},"loc":{"start":{"line":8,"column":8},"end":{"line":11,"column":14}},"line":8}},"branchMap":{},"s":{"0":1,"1":0,"2":0},"f":{"0":0,"1":0},"b":{},"_coverageSchema":"1a1c01bbd47fc00a2c39e90264f33305004495a9","hash":"a0f8ddd40adb19ba8b9e96e5129215f172436e43"}
,"/home/yytt77/HackReactor/FEC/client/src/Q&A/AnswerModal.jsx": {"path":"/home/yytt77/HackReactor/FEC/client/src/Q&A/AnswerModal.jsx","statementMap":{"0":{"start":{"line":4,"column":20},"end":{"line":89,"column":1}},"1":{"start":{"line":5,"column":32},"end":{"line":5,"column":47}},"2":{"start":{"line":6,"column":26},"end":{"line":6,"column":37}},"3":{"start":{"line":7,"column":26},"end":{"line":7,"column":41}},"4":{"start":{"line":9,"column":21},"end":{"line":13,"column":3}},"5":{"start":{"line":10,"column":4},"end":{"line":12,"column":5}},"6":{"start":{"line":11,"column":6},"end":{"line":11,"column":122}},"7":{"start":{"line":11,"column":61},"end":{"line":11,"column":82}},"8":{"start":{"line":15,"column":26},"end":{"line":17,"column":3}},"9":{"start":{"line":16,"column":4},"end":{"line":16,"column":126}},"10":{"start":{"line":16,"column":69},"end":{"line":16,"column":86}},"11":{"start":{"line":19,"column":26},"end":{"line":22,"column":3}},"12":{"start":{"line":20,"column":4},"end":{"line":20,"column":22}},"13":{"start":{"line":21,"column":4},"end":{"line":21,"column":15}},"14":{"start":{"line":24,"column":15},"end":{"line":67,"column":3}},"15":{"start":{"line":25,"column":17},"end":{"line":25,"column":19}},"16":{"start":{"line":26,"column":4},"end":{"line":28,"column":5}},"17":{"start":{"line":27,"column":6},"end":{"line":27,"column":43}},"18":{"start":{"line":30,"column":4},"end":{"line":32,"column":7}},"19":{"start":{"line":31,"column":6},"end":{"line":31,"column":59}},"20":{"start":{"line":34,"column":4},"end":{"line":36,"column":7}},"21":{"start":{"line":35,"column":6},"end":{"line":35,"column":88}},"22":{"start":{"line":38,"column":4},"end":{"line":42,"column":5}},"23":{"start":{"line":39,"column":22},"end":{"line":39,"column":40}},"24":{"start":{"line":41,"column":22},"end":{"line":41,"column":28}},"25":{"start":{"line":44,"column":19},"end":{"line":48,"column":5}},"26":{"start":{"line":45,"column":6},"end":{"line":45,"column":24}},"27":{"start":{"line":46,"column":6},"end":{"line":46,"column":38}},"28":{"start":{"line":47,"column":6},"end":{"line":47,"column":29}},"29":{"start":{"line":50,"column":20},"end":{"line":56,"column":5}},"30":{"start":{"line":51,"column":6},"end":{"line":55,"column":7}},"31":{"start":{"line":52,"column":30},"end":{"line":52,"column":60}},"32":{"start":{"line":53,"column":8},"end":{"line":53,"column":45}},"33":{"start":{"line":54,"column":8},"end":{"line":54,"column":32}},"34":{"start":{"line":58,"column":4},"end":{"line":66,"column":5}},"35":{"start":{"line":59,"column":6},"end":{"line":65,"column":12}},"36":{"start":{"line":63,"column":12},"end":{"line":63,"column":74}},"37":{"start":{"line":64,"column":241},"end":{"line":64,"column":268}},"38":{"start":{"line":64,"column":418},"end":{"line":64,"column":444}},"39":{"start":{"line":69,"column":24},"end":{"line":72,"column":3}},"40":{"start":{"line":70,"column":4},"end":{"line":70,"column":21}},"41":{"start":{"line":71,"column":4},"end":{"line":71,"column":39}},"42":{"start":{"line":74,"column":24},"end":{"line":78,"column":3}},"43":{"start":{"line":75,"column":15},"end":{"line":75,"column":29}},"44":{"start":{"line":76,"column":24},"end":{"line":76,"column":54}},"45":{"start":{"line":77,"column":4},"end":{"line":77,"column":79}},"46":{"start":{"line":80,"column":2},"end":{"line":87,"column":3}}},"fnMap":{"0":{"name":"(anonymous_0)","decl":{"start":{"line":4,"column":20},"end":{"line":4,"column":21}},"loc":{"start":{"line":4,"column":82},"end":{"line":89,"column":1}},"line":4},"1":{"name":"(anonymous_1)","decl":{"start":{"line":9,"column":21},"end":{"line":9,"column":22}},"loc":{"start":{"line":9,"column":27},"end":{"line":13,"column":3}},"line":9},"2":{"name":"(anonymous_2)","decl":{"start":{"line":11,"column":55},"end":{"line":11,"column":56}},"loc":{"start":{"line":11,"column":61},"end":{"line":11,"column":82}},"line":11},"3":{"name":"(anonymous_3)","decl":{"start":{"line":15,"column":26},"end":{"line":15,"column":27}},"loc":{"start":{"line":15,"column":32},"end":{"line":17,"column":3}},"line":15},"4":{"name":"(anonymous_4)","decl":{"start":{"line":16,"column":63},"end":{"line":16,"column":64}},"loc":{"start":{"line":16,"column":69},"end":{"line":16,"column":86}},"line":16},"5":{"name":"(anonymous_5)","decl":{"start":{"line":19,"column":26},"end":{"line":19,"column":27}},"loc":{"start":{"line":19,"column":32},"end":{"line":22,"column":3}},"line":19},"6":{"name":"(anonymous_6)","decl":{"start":{"line":24,"column":15},"end":{"line":24,"column":16}},"loc":{"start":{"line":24,"column":43},"end":{"line":67,"column":3}},"line":24},"7":{"name":"(anonymous_7)","decl":{"start":{"line":30,"column":16},"end":{"line":30,"column":17}},"loc":{"start":{"line":30,"column":31},"end":{"line":32,"column":5}},"line":30},"8":{"name":"(anonymous_8)","decl":{"start":{"line":34,"column":16},"end":{"line":34,"column":17}},"loc":{"start":{"line":34,"column":31},"end":{"line":36,"column":5}},"line":34},"9":{"name":"(anonymous_9)","decl":{"start":{"line":44,"column":19},"end":{"line":44,"column":20}},"loc":{"start":{"line":44,"column":36},"end":{"line":48,"column":5}},"line":44},"10":{"name":"(anonymous_10)","decl":{"start":{"line":50,"column":20},"end":{"line":50,"column":21}},"loc":{"start":{"line":50,"column":37},"end":{"line":56,"column":5}},"line":50},"11":{"name":"(anonymous_11)","decl":{"start":{"line":58,"column":25},"end":{"line":58,"column":26}},"loc":{"start":{"line":59,"column":6},"end":{"line":65,"column":12}},"line":59},"12":{"name":"(anonymous_12)","decl":{"start":{"line":62,"column":35},"end":{"line":62,"column":36}},"loc":{"start":{"line":63,"column":12},"end":{"line":63,"column":74}},"line":63},"13":{"name":"(anonymous_13)","decl":{"start":{"line":64,"column":234},"end":{"line":64,"column":235}},"loc":{"start":{"line":64,"column":241},"end":{"line":64,"column":268}},"line":64},"14":{"name":"(anonymous_14)","decl":{"start":{"line":64,"column":411},"end":{"line":64,"column":412}},"loc":{"start":{"line":64,"column":418},"end":{"line":64,"column":444}},"line":64},"15":{"name":"(anonymous_15)","decl":{"start":{"line":69,"column":24},"end":{"line":69,"column":25}},"loc":{"start":{"line":69,"column":36},"end":{"line":72,"column":3}},"line":69},"16":{"name":"(anonymous_16)","decl":{"start":{"line":74,"column":24},"end":{"line":74,"column":25}},"loc":{"start":{"line":74,"column":34},"end":{"line":78,"column":3}},"line":74}},"branchMap":{"0":{"loc":{"start":{"line":10,"column":4},"end":{"line":12,"column":5}},"type":"if","locations":[{"start":{"line":10,"column":4},"end":{"line":12,"column":5}},{"start":{},"end":{}}],"line":10},"1":{"loc":{"start":{"line":38,"column":4},"end":{"line":42,"column":5}},"type":"if","locations":[{"start":{"line":38,"column":4},"end":{"line":42,"column":5}},{"start":{"line":40,"column":11},"end":{"line":42,"column":5}}],"line":38},"2":{"loc":{"start":{"line":51,"column":6},"end":{"line":55,"column":7}},"type":"if","locations":[{"start":{"line":51,"column":6},"end":{"line":55,"column":7}},{"start":{},"end":{}}],"line":51},"3":{"loc":{"start":{"line":61,"column":9},"end":{"line":63,"column":80}},"type":"cond-expr","locations":[{"start":{"line":62,"column":10},"end":{"line":63,"column":75}},{"start":{"line":63,"column":78},"end":{"line":63,"column":80}}],"line":61},"4":{"loc":{"start":{"line":83,"column":11},"end":{"line":83,"column":76}},"type":"cond-expr","locations":[{"start":{"line":83,"column":43},"end":{"line":83,"column":61}},{"start":{"line":83,"column":64},"end":{"line":83,"column":76}}],"line":83},"5":{"loc":{"start":{"line":83,"column":11},"end":{"line":83,"column":40}},"type":"binary-expr","locations":[{"start":{"line":83,"column":11},"end":{"line":83,"column":28}},{"start":{"line":83,"column":32},"end":{"line":83,"column":40}}],"line":83},"6":{"loc":{"start":{"line":85,"column":9},"end":{"line":85,"column":61}},"type":"cond-expr","locations":[{"start":{"line":85,"column":29},"end":{"line":85,"column":41}},{"start":{"line":85,"column":44},"end":{"line":85,"column":61}}],"line":85}},"s":{"0":1,"1":0,"2":0,"3":0,"4":0,"5":0,"6":0,"7":0,"8":0,"9":0,"10":0,"11":0,"12":0,"13":0,"14":0,"15":0,"16":0,"17":0,"18":0,"19":0,"20":0,"21":0,"22":0,"23":0,"24":0,"25":0,"26":0,"27":0,"28":0,"29":0,"30":0,"31":0,"32":0,"33":0,"34":0,"35":0,"36":0,"37":0,"38":0,"39":0,"40":0,"41":0,"42":0,"43":0,"44":0,"45":0,"46":0},"f":{"0":0,"1":0,"2":0,"3":0,"4":0,"5":0,"6":0,"7":0,"8":0,"9":0,"10":0,"11":0,"12":0,"13":0,"14":0,"15":0,"16":0},"b":{"0":[0,0],"1":[0,0],"2":[0,0],"3":[0,0],"4":[0,0],"5":[0,0],"6":[0,0]},"_coverageSchema":"1a1c01bbd47fc00a2c39e90264f33305004495a9","hash":"9f414985fba15e079e2a3af35837d9266e13065f"}
,"/home/yytt77/HackReactor/FEC/client/src/Q&A/AskNewQuestion.jsx": {"path":"/home/yytt77/HackReactor/FEC/client/src/Q&A/AskNewQuestion.jsx","statementMap":{"0":{"start":{"line":4,"column":23},"end":{"line":161,"column":1}},"1":{"start":{"line":6,"column":26},"end":{"line":6,"column":37}},"2":{"start":{"line":7,"column":34},"end":{"line":7,"column":46}},"3":{"start":{"line":8,"column":34},"end":{"line":8,"column":46}},"4":{"start":{"line":9,"column":28},"end":{"line":9,"column":40}},"5":{"start":{"line":10,"column":42},"end":{"line":10,"column":54}},"6":{"start":{"line":11,"column":28},"end":{"line":11,"column":40}},"7":{"start":{"line":12,"column":38},"end":{"line":12,"column":50}},"8":{"start":{"line":13,"column":36},"end":{"line":13,"column":48}},"9":{"start":{"line":14,"column":44},"end":{"line":14,"column":56}},"10":{"start":{"line":15,"column":34},"end":{"line":15,"column":62}},"11":{"start":{"line":16,"column":18},"end":{"line":16,"column":26}},"12":{"start":{"line":18,"column":31},"end":{"line":23,"column":3}},"13":{"start":{"line":20,"column":26},"end":{"line":20,"column":40}},"14":{"start":{"line":21,"column":4},"end":{"line":21,"column":33}},"15":{"start":{"line":22,"column":4},"end":{"line":22,"column":36}},"16":{"start":{"line":25,"column":31},"end":{"line":27,"column":3}},"17":{"start":{"line":26,"column":4},"end":{"line":26,"column":32}},"18":{"start":{"line":29,"column":28},"end":{"line":31,"column":3}},"19":{"start":{"line":30,"column":4},"end":{"line":30,"column":29}},"20":{"start":{"line":33,"column":19},"end":{"line":65,"column":3}},"21":{"start":{"line":34,"column":21},"end":{"line":34,"column":23}},"22":{"start":{"line":35,"column":20},"end":{"line":35,"column":22}},"23":{"start":{"line":36,"column":24},"end":{"line":36,"column":26}},"24":{"start":{"line":37,"column":4},"end":{"line":39,"column":5}},"25":{"start":{"line":38,"column":6},"end":{"line":38,"column":79}},"26":{"start":{"line":40,"column":4},"end":{"line":45,"column":5}},"27":{"start":{"line":41,"column":6},"end":{"line":41,"column":48}},"28":{"start":{"line":43,"column":9},"end":{"line":45,"column":5}},"29":{"start":{"line":44,"column":6},"end":{"line":44,"column":23}},"30":{"start":{"line":46,"column":4},"end":{"line":51,"column":5}},"31":{"start":{"line":47,"column":6},"end":{"line":47,"column":52}},"32":{"start":{"line":49,"column":9},"end":{"line":51,"column":5}},"33":{"start":{"line":50,"column":6},"end":{"line":50,"column":27}},"34":{"start":{"line":52,"column":4},"end":{"line":55,"column":5}},"35":{"start":{"line":53,"column":6},"end":{"line":53,"column":38}},"36":{"start":{"line":54,"column":6},"end":{"line":54,"column":19}},"37":{"start":{"line":56,"column":4},"end":{"line":59,"column":5}},"38":{"start":{"line":57,"column":6},"end":{"line":57,"column":30}},"39":{"start":{"line":58,"column":6},"end":{"line":58,"column":19}},"40":{"start":{"line":60,"column":4},"end":{"line":63,"column":5}},"41":{"start":{"line":61,"column":6},"end":{"line":61,"column":32}},"42":{"start":{"line":62,"column":6},"end":{"line":62,"column":19}},"43":{"start":{"line":64,"column":4},"end":{"line":64,"column":16}},"44":{"start":{"line":67,"column":19},"end":{"line":79,"column":3}},"45":{"start":{"line":68,"column":4},"end":{"line":68,"column":23}},"46":{"start":{"line":69,"column":13},"end":{"line":69,"column":29}},"47":{"start":{"line":70,"column":20},"end":{"line":70,"column":30}},"48":{"start":{"line":71,"column":4},"end":{"line":78,"column":5}},"49":{"start":{"line":72,"column":6},"end":{"line":72,"column":123}},"50":{"start":{"line":73,"column":6},"end":{"line":73,"column":19}},"51":{"start":{"line":74,"column":6},"end":{"line":74,"column":22}},"52":{"start":{"line":75,"column":6},"end":{"line":75,"column":22}},"53":{"start":{"line":76,"column":6},"end":{"line":76,"column":19}},"54":{"start":{"line":77,"column":6},"end":{"line":77,"column":29}},"55":{"start":{"line":81,"column":28},"end":{"line":105,"column":3}},"56":{"start":{"line":83,"column":15},"end":{"line":83,"column":29}},"57":{"start":{"line":84,"column":4},"end":{"line":84,"column":46}},"58":{"start":{"line":85,"column":14},"end":{"line":85,"column":16}},"59":{"start":{"line":86,"column":18},"end":{"line":86,"column":20}},"60":{"start":{"line":89,"column":4},"end":{"line":89,"column":34}},"61":{"start":{"line":90,"column":4},"end":{"line":100,"column":5}},"62":{"start":{"line":91,"column":6},"end":{"line":94,"column":7}},"63":{"start":{"line":91,"column":18},"end":{"line":91,"column":19}},"64":{"start":{"line":92,"column":8},"end":{"line":92,"column":25}},"65":{"start":{"line":93,"column":8},"end":{"line":93,"column":50}},"66":{"start":{"line":96,"column":6},"end":{"line":99,"column":7}},"67":{"start":{"line":96,"column":18},"end":{"line":96,"column":19}},"68":{"start":{"line":97,"column":8},"end":{"line":97,"column":25}},"69":{"start":{"line":98,"column":8},"end":{"line":98,"column":50}},"70":{"start":{"line":102,"column":4},"end":{"line":102,"column":29}},"71":{"start":{"line":103,"column":4},"end":{"line":103,"column":30}},"72":{"start":{"line":107,"column":29},"end":{"line":112,"column":3}},"73":{"start":{"line":108,"column":16},"end":{"line":108,"column":36}},"74":{"start":{"line":109,"column":6},"end":{"line":111,"column":8}},"75":{"start":{"line":110,"column":8},"end":{"line":110,"column":106}},"76":{"start":{"line":115,"column":2},"end":{"line":160,"column":9}},"77":{"start":{"line":122,"column":118},"end":{"line":122,"column":141}},"78":{"start":{"line":131,"column":113},"end":{"line":131,"column":136}},"79":{"start":{"line":139,"column":107},"end":{"line":139,"column":127}},"80":{"start":{"line":147,"column":152},"end":{"line":147,"column":172}},"81":{"start":{"line":148,"column":71},"end":{"line":148,"column":90}},"82":{"start":{"line":148,"column":91},"end":{"line":148,"column":114}},"83":{"start":{"line":155,"column":57},"end":{"line":155,"column":75}},"84":{"start":{"line":157,"column":53},"end":{"line":157,"column":76}}},"fnMap":{"0":{"name":"(anonymous_0)","decl":{"start":{"line":4,"column":23},"end":{"line":4,"column":24}},"loc":{"start":{"line":4,"column":34},"end":{"line":161,"column":1}},"line":4},"1":{"name":"(anonymous_1)","decl":{"start":{"line":18,"column":31},"end":{"line":18,"column":32}},"loc":{"start":{"line":18,"column":38},"end":{"line":23,"column":3}},"line":18},"2":{"name":"(anonymous_2)","decl":{"start":{"line":25,"column":31},"end":{"line":25,"column":32}},"loc":{"start":{"line":25,"column":38},"end":{"line":27,"column":3}},"line":25},"3":{"name":"(anonymous_3)","decl":{"start":{"line":29,"column":28},"end":{"line":29,"column":29}},"loc":{"start":{"line":29,"column":35},"end":{"line":31,"column":3}},"line":29},"4":{"name":"(anonymous_4)","decl":{"start":{"line":33,"column":19},"end":{"line":33,"column":20}},"loc":{"start":{"line":33,"column":25},"end":{"line":65,"column":3}},"line":33},"5":{"name":"(anonymous_5)","decl":{"start":{"line":67,"column":19},"end":{"line":67,"column":20}},"loc":{"start":{"line":67,"column":33},"end":{"line":79,"column":3}},"line":67},"6":{"name":"(anonymous_6)","decl":{"start":{"line":81,"column":28},"end":{"line":81,"column":29}},"loc":{"start":{"line":81,"column":35},"end":{"line":105,"column":3}},"line":81},"7":{"name":"(anonymous_7)","decl":{"start":{"line":107,"column":29},"end":{"line":107,"column":30}},"loc":{"start":{"line":107,"column":40},"end":{"line":112,"column":3}},"line":107},"8":{"name":"(anonymous_8)","decl":{"start":{"line":109,"column":23},"end":{"line":109,"column":24}},"loc":{"start":{"line":109,"column":32},"end":{"line":111,"column":7}},"line":109},"9":{"name":"(anonymous_9)","decl":{"start":{"line":122,"column":111},"end":{"line":122,"column":112}},"loc":{"start":{"line":122,"column":118},"end":{"line":122,"column":141}},"line":122},"10":{"name":"(anonymous_10)","decl":{"start":{"line":131,"column":106},"end":{"line":131,"column":107}},"loc":{"start":{"line":131,"column":113},"end":{"line":131,"column":136}},"line":131},"11":{"name":"(anonymous_11)","decl":{"start":{"line":139,"column":100},"end":{"line":139,"column":101}},"loc":{"start":{"line":139,"column":107},"end":{"line":139,"column":127}},"line":139},"12":{"name":"(anonymous_12)","decl":{"start":{"line":147,"column":147},"end":{"line":147,"column":148}},"loc":{"start":{"line":147,"column":152},"end":{"line":147,"column":172}},"line":147},"13":{"name":"(anonymous_13)","decl":{"start":{"line":148,"column":63},"end":{"line":148,"column":64}},"loc":{"start":{"line":148,"column":70},"end":{"line":148,"column":115}},"line":148},"14":{"name":"(anonymous_14)","decl":{"start":{"line":155,"column":50},"end":{"line":155,"column":51}},"loc":{"start":{"line":155,"column":57},"end":{"line":155,"column":75}},"line":155},"15":{"name":"(anonymous_15)","decl":{"start":{"line":157,"column":47},"end":{"line":157,"column":48}},"loc":{"start":{"line":157,"column":53},"end":{"line":157,"column":76}},"line":157}},"branchMap":{"0":{"loc":{"start":{"line":37,"column":4},"end":{"line":39,"column":5}},"type":"if","locations":[{"start":{"line":37,"column":4},"end":{"line":39,"column":5}},{"start":{},"end":{}}],"line":37},"1":{"loc":{"start":{"line":40,"column":4},"end":{"line":45,"column":5}},"type":"if","locations":[{"start":{"line":40,"column":4},"end":{"line":45,"column":5}},{"start":{"line":43,"column":9},"end":{"line":45,"column":5}}],"line":40},"2":{"loc":{"start":{"line":43,"column":9},"end":{"line":45,"column":5}},"type":"if","locations":[{"start":{"line":43,"column":9},"end":{"line":45,"column":5}},{"start":{},"end":{}}],"line":43},"3":{"loc":{"start":{"line":46,"column":4},"end":{"line":51,"column":5}},"type":"if","locations":[{"start":{"line":46,"column":4},"end":{"line":51,"column":5}},{"start":{"line":49,"column":9},"end":{"line":51,"column":5}}],"line":46},"4":{"loc":{"start":{"line":49,"column":9},"end":{"line":51,"column":5}},"type":"if","locations":[{"start":{"line":49,"column":9},"end":{"line":51,"column":5}},{"start":{},"end":{}}],"line":49},"5":{"loc":{"start":{"line":52,"column":4},"end":{"line":55,"column":5}},"type":"if","locations":[{"start":{"line":52,"column":4},"end":{"line":55,"column":5}},{"start":{},"end":{}}],"line":52},"6":{"loc":{"start":{"line":56,"column":4},"end":{"line":59,"column":5}},"type":"if","locations":[{"start":{"line":56,"column":4},"end":{"line":59,"column":5}},{"start":{},"end":{}}],"line":56},"7":{"loc":{"start":{"line":60,"column":4},"end":{"line":63,"column":5}},"type":"if","locations":[{"start":{"line":60,"column":4},"end":{"line":63,"column":5}},{"start":{},"end":{}}],"line":60},"8":{"loc":{"start":{"line":71,"column":4},"end":{"line":78,"column":5}},"type":"if","locations":[{"start":{"line":71,"column":4},"end":{"line":78,"column":5}},{"start":{},"end":{}}],"line":71},"9":{"loc":{"start":{"line":90,"column":4},"end":{"line":100,"column":5}},"type":"if","locations":[{"start":{"line":90,"column":4},"end":{"line":100,"column":5}},{"start":{"line":95,"column":11},"end":{"line":100,"column":5}}],"line":90},"10":{"loc":{"start":{"line":115,"column":9},"end":{"line":160,"column":8}},"type":"cond-expr","locations":[{"start":{"line":116,"column":4},"end":{"line":159,"column":10}},{"start":{"line":160,"column":6},"end":{"line":160,"column":8}}],"line":115},"11":{"loc":{"start":{"line":120,"column":13},"end":{"line":120,"column":110}},"type":"cond-expr","locations":[{"start":{"line":120,"column":47},"end":{"line":120,"column":76}},{"start":{"line":120,"column":79},"end":{"line":120,"column":110}}],"line":120},"12":{"loc":{"start":{"line":126,"column":13},"end":{"line":126,"column":97}},"type":"cond-expr","locations":[{"start":{"line":126,"column":29},"end":{"line":126,"column":90}},{"start":{"line":126,"column":93},"end":{"line":126,"column":97}}],"line":126},"13":{"loc":{"start":{"line":133,"column":13},"end":{"line":133,"column":89}},"type":"cond-expr","locations":[{"start":{"line":133,"column":25},"end":{"line":133,"column":82}},{"start":{"line":133,"column":85},"end":{"line":133,"column":89}}],"line":133},"14":{"loc":{"start":{"line":141,"column":13},"end":{"line":141,"column":91}},"type":"cond-expr","locations":[{"start":{"line":141,"column":26},"end":{"line":141,"column":84}},{"start":{"line":141,"column":87},"end":{"line":141,"column":91}}],"line":141},"15":{"loc":{"start":{"line":143,"column":14},"end":{"line":151,"column":29}},"type":"cond-expr","locations":[{"start":{"line":144,"column":16},"end":{"line":151,"column":22}},{"start":{"line":151,"column":25},"end":{"line":151,"column":29}}],"line":143}},"s":{"0":1,"1":1,"2":1,"3":1,"4":1,"5":1,"6":1,"7":1,"8":1,"9":1,"10":1,"11":1,"12":1,"13":0,"14":0,"15":0,"16":1,"17":0,"18":1,"19":0,"20":1,"21":0,"22":0,"23":0,"24":0,"25":0,"26":0,"27":0,"28":0,"29":0,"30":0,"31":0,"32":0,"33":0,"34":0,"35":0,"36":0,"37":0,"38":0,"39":0,"40":0,"41":0,"42":0,"43":0,"44":1,"45":0,"46":0,"47":0,"48":0,"49":0,"50":0,"51":0,"52":0,"53":0,"54":0,"55":1,"56":0,"57":0,"58":0,"59":0,"60":0,"61":0,"62":0,"63":0,"64":0,"65":0,"66":0,"67":0,"68":0,"69":0,"70":0,"71":0,"72":1,"73":0,"74":0,"75":0,"76":1,"77":0,"78":0,"79":0,"80":0,"81":0,"82":0,"83":0,"84":0},"f":{"0":1,"1":0,"2":0,"3":0,"4":0,"5":0,"6":0,"7":0,"8":0,"9":0,"10":0,"11":0,"12":0,"13":0,"14":0,"15":0},"b":{"0":[0,0],"1":[0,0],"2":[0,0],"3":[0,0],"4":[0,0],"5":[0,0],"6":[0,0],"7":[0,0],"8":[0,0],"9":[0,0],"10":[0,1],"11":[0,0],"12":[0,0],"13":[0,0],"14":[0,0],"15":[0,0]},"_coverageSchema":"1a1c01bbd47fc00a2c39e90264f33305004495a9","hash":"f435dbe55e5b5e85b1c608ca7e5930c7944910a8"}
,"/home/yytt77/HackReactor/FEC/client/src/Q&A/IndividualQuestion.jsx": {"path":"/home/yytt77/HackReactor/FEC/client/src/Q&A/IndividualQuestion.jsx","statementMap":{"0":{"start":{"line":6,"column":27},"end":{"line":117,"column":1}},"1":{"start":{"line":7,"column":32},"end":{"line":7,"column":47}},"2":{"start":{"line":8,"column":48},"end":{"line":8,"column":59}},"3":{"start":{"line":9,"column":40},"end":{"line":9,"column":55}},"4":{"start":{"line":10,"column":40},"end":{"line":10,"column":55}},"5":{"start":{"line":11,"column":42},"end":{"line":11,"column":54}},"6":{"start":{"line":12,"column":38},"end":{"line":12,"column":49}},"7":{"start":{"line":14,"column":21},"end":{"line":18,"column":3}},"8":{"start":{"line":15,"column":4},"end":{"line":17,"column":5}},"9":{"start":{"line":16,"column":6},"end":{"line":16,"column":117}},"10":{"start":{"line":16,"column":64},"end":{"line":16,"column":81}},"11":{"start":{"line":20,"column":26},"end":{"line":22,"column":3}},"12":{"start":{"line":21,"column":4},"end":{"line":21,"column":110}},"13":{"start":{"line":21,"column":61},"end":{"line":21,"column":80}},"14":{"start":{"line":24,"column":28},"end":{"line":27,"column":3}},"15":{"start":{"line":25,"column":4},"end":{"line":25,"column":22}},"16":{"start":{"line":26,"column":4},"end":{"line":26,"column":26}},"17":{"start":{"line":29,"column":26},"end":{"line":32,"column":3}},"18":{"start":{"line":30,"column":4},"end":{"line":30,"column":44}},"19":{"start":{"line":31,"column":4},"end":{"line":31,"column":21}},"20":{"start":{"line":34,"column":18},"end":{"line":42,"column":3}},"21":{"start":{"line":36,"column":4},"end":{"line":40,"column":5}},"22":{"start":{"line":37,"column":28},"end":{"line":37,"column":58}},"23":{"start":{"line":38,"column":6},"end":{"line":38,"column":43}},"24":{"start":{"line":39,"column":6},"end":{"line":39,"column":40}},"25":{"start":{"line":44,"column":25},"end":{"line":47,"column":3}},"26":{"start":{"line":45,"column":4},"end":{"line":45,"column":37}},"27":{"start":{"line":46,"column":4},"end":{"line":46,"column":42}},"28":{"start":{"line":54,"column":15},"end":{"line":106,"column":3}},"29":{"start":{"line":55,"column":19},"end":{"line":55,"column":33}},"30":{"start":{"line":56,"column":4},"end":{"line":58,"column":7}},"31":{"start":{"line":57,"column":6},"end":{"line":57,"column":71}},"32":{"start":{"line":60,"column":4},"end":{"line":67,"column":5}},"33":{"start":{"line":61,"column":24},"end":{"line":61,"column":58}},"34":{"start":{"line":66,"column":24},"end":{"line":66,"column":32}},"35":{"start":{"line":69,"column":4},"end":{"line":105,"column":5}},"36":{"start":{"line":71,"column":8},"end":{"line":75,"column":9}},"37":{"start":{"line":72,"column":10},"end":{"line":72,"column":26}},"38":{"start":{"line":73,"column":15},"end":{"line":75,"column":9}},"39":{"start":{"line":74,"column":10},"end":{"line":74,"column":26}},"40":{"start":{"line":77,"column":10},"end":{"line":89,"column":16}},"41":{"start":{"line":80,"column":176},"end":{"line":80,"column":215}},"42":{"start":{"line":81,"column":109},"end":{"line":81,"column":130}},"43":{"start":{"line":81,"column":131},"end":{"line":81,"column":157}},"44":{"start":{"line":81,"column":158},"end":{"line":81,"column":193}},"45":{"start":{"line":82,"column":130},"end":{"line":82,"column":173}},"46":{"start":{"line":87,"column":127},"end":{"line":87,"column":149}},"47":{"start":{"line":87,"column":174},"end":{"line":87,"column":195}},"48":{"start":{"line":108,"column":2},"end":{"line":116,"column":3}},"49":{"start":{"line":113,"column":60},"end":{"line":113,"column":81}},"50":{"start":{"line":113,"column":82},"end":{"line":113,"column":109}}},"fnMap":{"0":{"name":"(anonymous_0)","decl":{"start":{"line":6,"column":27},"end":{"line":6,"column":28}},"loc":{"start":{"line":6,"column":38},"end":{"line":117,"column":1}},"line":6},"1":{"name":"(anonymous_1)","decl":{"start":{"line":14,"column":21},"end":{"line":14,"column":22}},"loc":{"start":{"line":14,"column":32},"end":{"line":18,"column":3}},"line":14},"2":{"name":"(anonymous_2)","decl":{"start":{"line":16,"column":58},"end":{"line":16,"column":59}},"loc":{"start":{"line":16,"column":64},"end":{"line":16,"column":81}},"line":16},"3":{"name":"(anonymous_3)","decl":{"start":{"line":20,"column":26},"end":{"line":20,"column":27}},"loc":{"start":{"line":20,"column":32},"end":{"line":22,"column":3}},"line":20},"4":{"name":"(anonymous_4)","decl":{"start":{"line":21,"column":55},"end":{"line":21,"column":56}},"loc":{"start":{"line":21,"column":61},"end":{"line":21,"column":80}},"line":21},"5":{"name":"(anonymous_5)","decl":{"start":{"line":24,"column":28},"end":{"line":24,"column":29}},"loc":{"start":{"line":24,"column":34},"end":{"line":27,"column":3}},"line":24},"6":{"name":"(anonymous_6)","decl":{"start":{"line":29,"column":26},"end":{"line":29,"column":27}},"loc":{"start":{"line":29,"column":40},"end":{"line":32,"column":3}},"line":29},"7":{"name":"(anonymous_7)","decl":{"start":{"line":34,"column":18},"end":{"line":34,"column":19}},"loc":{"start":{"line":34,"column":44},"end":{"line":42,"column":3}},"line":34},"8":{"name":"(anonymous_8)","decl":{"start":{"line":44,"column":25},"end":{"line":44,"column":26}},"loc":{"start":{"line":44,"column":48},"end":{"line":47,"column":3}},"line":44},"9":{"name":"(anonymous_9)","decl":{"start":{"line":54,"column":15},"end":{"line":54,"column":16}},"loc":{"start":{"line":54,"column":39},"end":{"line":106,"column":3}},"line":54},"10":{"name":"(anonymous_10)","decl":{"start":{"line":56,"column":18},"end":{"line":56,"column":19}},"loc":{"start":{"line":56,"column":33},"end":{"line":58,"column":5}},"line":56},"11":{"name":"(anonymous_11)","decl":{"start":{"line":70,"column":25},"end":{"line":70,"column":26}},"loc":{"start":{"line":70,"column":39},"end":{"line":76,"column":7}},"line":70},"12":{"name":"(anonymous_12)","decl":{"start":{"line":76,"column":13},"end":{"line":76,"column":14}},"loc":{"start":{"line":77,"column":10},"end":{"line":89,"column":16}},"line":77},"13":{"name":"(anonymous_13)","decl":{"start":{"line":80,"column":169},"end":{"line":80,"column":170}},"loc":{"start":{"line":80,"column":176},"end":{"line":80,"column":215}},"line":80},"14":{"name":"(anonymous_14)","decl":{"start":{"line":81,"column":102},"end":{"line":81,"column":103}},"loc":{"start":{"line":81,"column":108},"end":{"line":81,"column":194}},"line":81},"15":{"name":"(anonymous_15)","decl":{"start":{"line":82,"column":124},"end":{"line":82,"column":125}},"loc":{"start":{"line":82,"column":130},"end":{"line":82,"column":173}},"line":82},"16":{"name":"(anonymous_16)","decl":{"start":{"line":87,"column":120},"end":{"line":87,"column":121}},"loc":{"start":{"line":87,"column":127},"end":{"line":87,"column":149}},"line":87},"17":{"name":"(anonymous_17)","decl":{"start":{"line":87,"column":167},"end":{"line":87,"column":168}},"loc":{"start":{"line":87,"column":174},"end":{"line":87,"column":195}},"line":87},"18":{"name":"(anonymous_18)","decl":{"start":{"line":113,"column":53},"end":{"line":113,"column":54}},"loc":{"start":{"line":113,"column":59},"end":{"line":113,"column":110}},"line":113}},"branchMap":{"0":{"loc":{"start":{"line":15,"column":4},"end":{"line":17,"column":5}},"type":"if","locations":[{"start":{"line":15,"column":4},"end":{"line":17,"column":5}},{"start":{},"end":{}}],"line":15},"1":{"loc":{"start":{"line":36,"column":4},"end":{"line":40,"column":5}},"type":"if","locations":[{"start":{"line":36,"column":4},"end":{"line":40,"column":5}},{"start":{},"end":{}}],"line":36},"2":{"loc":{"start":{"line":60,"column":4},"end":{"line":67,"column":5}},"type":"if","locations":[{"start":{"line":60,"column":4},"end":{"line":67,"column":5}},{"start":{"line":63,"column":11},"end":{"line":67,"column":5}}],"line":60},"3":{"loc":{"start":{"line":71,"column":8},"end":{"line":75,"column":9}},"type":"if","locations":[{"start":{"line":71,"column":8},"end":{"line":75,"column":9}},{"start":{"line":73,"column":15},"end":{"line":75,"column":9}}],"line":71},"4":{"loc":{"start":{"line":73,"column":15},"end":{"line":75,"column":9}},"type":"if","locations":[{"start":{"line":73,"column":15},"end":{"line":75,"column":9}},{"start":{},"end":{}}],"line":73},"5":{"loc":{"start":{"line":111,"column":7},"end":{"line":111,"column":109}},"type":"cond-expr","locations":[{"start":{"line":111,"column":78},"end":{"line":111,"column":95}},{"start":{"line":111,"column":98},"end":{"line":111,"column":109}}],"line":111},"6":{"loc":{"start":{"line":111,"column":7},"end":{"line":111,"column":76}},"type":"binary-expr","locations":[{"start":{"line":111,"column":7},"end":{"line":111,"column":46}},{"start":{"line":111,"column":50},"end":{"line":111,"column":76}}],"line":111},"7":{"loc":{"start":{"line":112,"column":7},"end":{"line":112,"column":65}},"type":"cond-expr","locations":[{"start":{"line":112,"column":28},"end":{"line":112,"column":45}},{"start":{"line":112,"column":48},"end":{"line":112,"column":65}}],"line":112}},"s":{"0":1,"1":1,"2":1,"3":1,"4":1,"5":1,"6":1,"7":1,"8":1,"9":0,"10":0,"11":1,"12":0,"13":0,"14":1,"15":0,"16":0,"17":1,"18":0,"19":0,"20":1,"21":0,"22":0,"23":0,"24":0,"25":1,"26":0,"27":0,"28":1,"29":1,"30":1,"31":0,"32":1,"33":1,"34":0,"35":1,"36":0,"37":0,"38":0,"39":0,"40":0,"41":0,"42":0,"43":0,"44":0,"45":0,"46":0,"47":0,"48":1,"49":0,"50":0},"f":{"0":1,"1":1,"2":0,"3":0,"4":0,"5":0,"6":0,"7":0,"8":0,"9":1,"10":0,"11":0,"12":0,"13":0,"14":0,"15":0,"16":0,"17":0,"18":0},"b":{"0":[0,1],"1":[0,0],"2":[1,0],"3":[0,0],"4":[0,0],"5":[1,0],"6":[1,1],"7":[1,0]},"_coverageSchema":"1a1c01bbd47fc00a2c39e90264f33305004495a9","hash":"63053ab72de4cb6f021da358857aa13939c8682c"}
,"/home/yytt77/HackReactor/FEC/client/src/Q&A/QandA.jsx": {"path":"/home/yytt77/HackReactor/FEC/client/src/Q&A/QandA.jsx","statementMap":{"0":{"start":{"line":14,"column":4},"end":{"line":14,"column":17}},"1":{"start":{"line":15,"column":4},"end":{"line":21,"column":6}},"2":{"start":{"line":22,"column":4},"end":{"line":22,"column":61}},"3":{"start":{"line":27,"column":4},"end":{"line":38,"column":5}},"4":{"start":{"line":28,"column":6},"end":{"line":33,"column":8}},"5":{"start":{"line":32,"column":8},"end":{"line":32,"column":40}},"6":{"start":{"line":35,"column":6},"end":{"line":37,"column":8}},"7":{"start":{"line":43,"column":4},"end":{"line":43,"column":37}},"8":{"start":{"line":44,"column":15},"end":{"line":44,"column":19}},"9":{"start":{"line":45,"column":4},"end":{"line":58,"column":6}},"10":{"start":{"line":50,"column":19},"end":{"line":50,"column":31}},"11":{"start":{"line":51,"column":6},"end":{"line":57,"column":7}},"12":{"start":{"line":52,"column":8},"end":{"line":56,"column":10}},"13":{"start":{"line":62,"column":15},"end":{"line":62,"column":19}},"14":{"start":{"line":63,"column":4},"end":{"line":75,"column":6}},"15":{"start":{"line":68,"column":21},"end":{"line":68,"column":33}},"16":{"start":{"line":69,"column":6},"end":{"line":69,"column":38}},"17":{"start":{"line":70,"column":6},"end":{"line":74,"column":8}},"18":{"start":{"line":79,"column":25},"end":{"line":79,"column":75}},"19":{"start":{"line":80,"column":35},"end":{"line":80,"column":48}},"20":{"start":{"line":81,"column":20},"end":{"line":81,"column":22}},"21":{"start":{"line":82,"column":19},"end":{"line":82,"column":21}},"22":{"start":{"line":84,"column":4},"end":{"line":104,"column":5}},"23":{"start":{"line":85,"column":6},"end":{"line":103,"column":7}},"24":{"start":{"line":85,"column":19},"end":{"line":85,"column":20}},"25":{"start":{"line":86,"column":23},"end":{"line":86,"column":37}},"26":{"start":{"line":87,"column":8},"end":{"line":87,"column":47}},"27":{"start":{"line":88,"column":8},"end":{"line":88,"column":67}},"28":{"start":{"line":89,"column":8},"end":{"line":102,"column":9}},"29":{"start":{"line":98,"column":12},"end":{"line":98,"column":41}},"30":{"start":{"line":100,"column":12},"end":{"line":100,"column":31}},"31":{"start":{"line":106,"column":4},"end":{"line":108,"column":6}},"32":{"start":{"line":107,"column":6},"end":{"line":107,"column":23}},"33":{"start":{"line":114,"column":15},"end":{"line":114,"column":45}},"34":{"start":{"line":115,"column":4},"end":{"line":115,"column":26}},"35":{"start":{"line":116,"column":4},"end":{"line":118,"column":6}},"36":{"start":{"line":119,"column":4},"end":{"line":128,"column":6}},"37":{"start":{"line":124,"column":6},"end":{"line":124,"column":30}},"38":{"start":{"line":127,"column":6},"end":{"line":127,"column":25}},"39":{"start":{"line":133,"column":4},"end":{"line":142,"column":6}},"40":{"start":{"line":138,"column":6},"end":{"line":138,"column":30}},"41":{"start":{"line":141,"column":6},"end":{"line":141,"column":25}},"42":{"start":{"line":146,"column":15},"end":{"line":146,"column":43}},"43":{"start":{"line":147,"column":4},"end":{"line":147,"column":24}},"44":{"start":{"line":148,"column":4},"end":{"line":150,"column":6}},"45":{"start":{"line":151,"column":4},"end":{"line":160,"column":6}},"46":{"start":{"line":156,"column":6},"end":{"line":156,"column":30}},"47":{"start":{"line":159,"column":6},"end":{"line":159,"column":25}},"48":{"start":{"line":161,"column":4},"end":{"line":161,"column":38}},"49":{"start":{"line":165,"column":4},"end":{"line":165,"column":36}},"50":{"start":{"line":166,"column":4},"end":{"line":175,"column":6}},"51":{"start":{"line":171,"column":6},"end":{"line":171,"column":30}},"52":{"start":{"line":174,"column":6},"end":{"line":174,"column":25}},"53":{"start":{"line":180,"column":4},"end":{"line":180,"column":30}},"54":{"start":{"line":181,"column":15},"end":{"line":181,"column":19}},"55":{"start":{"line":182,"column":21},"end":{"line":182,"column":39}},"56":{"start":{"line":183,"column":4},"end":{"line":183,"column":47}},"57":{"start":{"line":184,"column":4},"end":{"line":220,"column":3}},"58":{"start":{"line":185,"column":6},"end":{"line":199,"column":6}},"59":{"start":{"line":195,"column":6},"end":{"line":195,"column":30}},"60":{"start":{"line":198,"column":6},"end":{"line":198,"column":25}},"61":{"start":{"line":201,"column":4},"end":{"line":219,"column":6}},"62":{"start":{"line":203,"column":6},"end":{"line":203,"column":34}},"63":{"start":{"line":204,"column":6},"end":{"line":215,"column":10}},"64":{"start":{"line":214,"column":10},"end":{"line":214,"column":34}},"65":{"start":{"line":218,"column":6},"end":{"line":218,"column":25}},"66":{"start":{"line":224,"column":4},"end":{"line":224,"column":30}},"67":{"start":{"line":228,"column":4},"end":{"line":237,"column":5}},"68":{"start":{"line":231,"column":77},"end":{"line":231,"column":91}},"69":{"start":{"line":232,"column":87},"end":{"line":232,"column":110}},"70":{"start":{"line":232,"column":137},"end":{"line":232,"column":159}},"71":{"start":{"line":233,"column":32},"end":{"line":233,"column":53}},"72":{"start":{"line":234,"column":84},"end":{"line":234,"column":106}},"73":{"start":{"line":234,"column":131},"end":{"line":234,"column":151}}},"fnMap":{"0":{"name":"(anonymous_0)","decl":{"start":{"line":13,"column":2},"end":{"line":13,"column":3}},"loc":{"start":{"line":13,"column":21},"end":{"line":23,"column":3}},"line":13},"1":{"name":"(anonymous_1)","decl":{"start":{"line":26,"column":2},"end":{"line":26,"column":3}},"loc":{"start":{"line":26,"column":16},"end":{"line":39,"column":3}},"line":26},"2":{"name":"(anonymous_2)","decl":{"start":{"line":30,"column":9},"end":{"line":30,"column":10}},"loc":{"start":{"line":30,"column":15},"end":{"line":33,"column":7}},"line":30},"3":{"name":"(anonymous_3)","decl":{"start":{"line":42,"column":2},"end":{"line":42,"column":3}},"loc":{"start":{"line":42,"column":27},"end":{"line":59,"column":3}},"line":42},"4":{"name":"(anonymous_4)","decl":{"start":{"line":49,"column":10},"end":{"line":49,"column":11}},"loc":{"start":{"line":49,"column":23},"end":{"line":58,"column":5}},"line":49},"5":{"name":"(anonymous_5)","decl":{"start":{"line":54,"column":11},"end":{"line":54,"column":12}},"loc":{"start":{"line":54,"column":17},"end":{"line":56,"column":9}},"line":54},"6":{"name":"(anonymous_6)","decl":{"start":{"line":61,"column":2},"end":{"line":61,"column":3}},"loc":{"start":{"line":61,"column":23},"end":{"line":76,"column":3}},"line":61},"7":{"name":"(anonymous_7)","decl":{"start":{"line":67,"column":10},"end":{"line":67,"column":11}},"loc":{"start":{"line":67,"column":23},"end":{"line":75,"column":5}},"line":67},"8":{"name":"(anonymous_8)","decl":{"start":{"line":72,"column":9},"end":{"line":72,"column":10}},"loc":{"start":{"line":72,"column":15},"end":{"line":74,"column":7}},"line":72},"9":{"name":"(anonymous_9)","decl":{"start":{"line":78,"column":2},"end":{"line":78,"column":3}},"loc":{"start":{"line":78,"column":22},"end":{"line":111,"column":3}},"line":78},"10":{"name":"(anonymous_10)","decl":{"start":{"line":97,"column":18},"end":{"line":97,"column":19}},"loc":{"start":{"line":97,"column":32},"end":{"line":99,"column":11}},"line":97},"11":{"name":"(anonymous_11)","decl":{"start":{"line":99,"column":19},"end":{"line":99,"column":20}},"loc":{"start":{"line":99,"column":32},"end":{"line":101,"column":11}},"line":99},"12":{"name":"(anonymous_12)","decl":{"start":{"line":106,"column":38},"end":{"line":106,"column":39}},"loc":{"start":{"line":106,"column":44},"end":{"line":108,"column":5}},"line":106},"13":{"name":"(anonymous_13)","decl":{"start":{"line":113,"column":2},"end":{"line":113,"column":3}},"loc":{"start":{"line":113,"column":30},"end":{"line":129,"column":3}},"line":113},"14":{"name":"(anonymous_14)","decl":{"start":{"line":123,"column":10},"end":{"line":123,"column":11}},"loc":{"start":{"line":123,"column":23},"end":{"line":125,"column":5}},"line":123},"15":{"name":"(anonymous_15)","decl":{"start":{"line":126,"column":11},"end":{"line":126,"column":12}},"loc":{"start":{"line":126,"column":20},"end":{"line":128,"column":5}},"line":126},"16":{"name":"(anonymous_16)","decl":{"start":{"line":131,"column":2},"end":{"line":131,"column":3}},"loc":{"start":{"line":131,"column":29},"end":{"line":143,"column":3}},"line":131},"17":{"name":"(anonymous_17)","decl":{"start":{"line":137,"column":10},"end":{"line":137,"column":11}},"loc":{"start":{"line":137,"column":23},"end":{"line":139,"column":5}},"line":137},"18":{"name":"(anonymous_18)","decl":{"start":{"line":140,"column":11},"end":{"line":140,"column":12}},"loc":{"start":{"line":140,"column":20},"end":{"line":142,"column":5}},"line":140},"19":{"name":"(anonymous_19)","decl":{"start":{"line":145,"column":2},"end":{"line":145,"column":3}},"loc":{"start":{"line":145,"column":26},"end":{"line":162,"column":3}},"line":145},"20":{"name":"(anonymous_20)","decl":{"start":{"line":155,"column":10},"end":{"line":155,"column":11}},"loc":{"start":{"line":155,"column":23},"end":{"line":157,"column":5}},"line":155},"21":{"name":"(anonymous_21)","decl":{"start":{"line":158,"column":11},"end":{"line":158,"column":12}},"loc":{"start":{"line":158,"column":20},"end":{"line":160,"column":5}},"line":158},"22":{"name":"(anonymous_22)","decl":{"start":{"line":164,"column":2},"end":{"line":164,"column":3}},"loc":{"start":{"line":164,"column":25},"end":{"line":176,"column":3}},"line":164},"23":{"name":"(anonymous_23)","decl":{"start":{"line":170,"column":10},"end":{"line":170,"column":11}},"loc":{"start":{"line":170,"column":23},"end":{"line":172,"column":5}},"line":170},"24":{"name":"(anonymous_24)","decl":{"start":{"line":173,"column":11},"end":{"line":173,"column":12}},"loc":{"start":{"line":173,"column":20},"end":{"line":175,"column":5}},"line":173},"25":{"name":"(anonymous_25)","decl":{"start":{"line":179,"column":2},"end":{"line":179,"column":3}},"loc":{"start":{"line":179,"column":23},"end":{"line":221,"column":1}},"line":179},"26":{"name":"(anonymous_26)","decl":{"start":{"line":194,"column":10},"end":{"line":194,"column":11}},"loc":{"start":{"line":194,"column":23},"end":{"line":196,"column":5}},"line":194},"27":{"name":"(anonymous_27)","decl":{"start":{"line":197,"column":11},"end":{"line":197,"column":12}},"loc":{"start":{"line":197,"column":20},"end":{"line":199,"column":5}},"line":197},"28":{"name":"(anonymous_28)","decl":{"start":{"line":202,"column":10},"end":{"line":202,"column":11}},"loc":{"start":{"line":202,"column":20},"end":{"line":216,"column":7}},"line":202},"29":{"name":"(anonymous_29)","decl":{"start":{"line":213,"column":12},"end":{"line":213,"column":13}},"loc":{"start":{"line":213,"column":25},"end":{"line":215,"column":9}},"line":213},"30":{"name":"(anonymous_30)","decl":{"start":{"line":217,"column":11},"end":{"line":217,"column":12}},"loc":{"start":{"line":217,"column":20},"end":{"line":219,"column":5}},"line":217},"31":{"name":"(anonymous_31)","decl":{"start":{"line":223,"column":2},"end":{"line":223,"column":3}},"loc":{"start":{"line":223,"column":23},"end":{"line":225,"column":3}},"line":223},"32":{"name":"(anonymous_32)","decl":{"start":{"line":227,"column":2},"end":{"line":227,"column":3}},"loc":{"start":{"line":227,"column":11},"end":{"line":238,"column":3}},"line":227},"33":{"name":"(anonymous_33)","decl":{"start":{"line":231,"column":70},"end":{"line":231,"column":71}},"loc":{"start":{"line":231,"column":77},"end":{"line":231,"column":91}},"line":231},"34":{"name":"(anonymous_34)","decl":{"start":{"line":232,"column":80},"end":{"line":232,"column":81}},"loc":{"start":{"line":232,"column":87},"end":{"line":232,"column":110}},"line":232},"35":{"name":"(anonymous_35)","decl":{"start":{"line":232,"column":130},"end":{"line":232,"column":131}},"loc":{"start":{"line":232,"column":137},"end":{"line":232,"column":159}},"line":232},"36":{"name":"(anonymous_36)","decl":{"start":{"line":233,"column":25},"end":{"line":233,"column":26}},"loc":{"start":{"line":233,"column":32},"end":{"line":233,"column":53}},"line":233},"37":{"name":"(anonymous_37)","decl":{"start":{"line":234,"column":77},"end":{"line":234,"column":78}},"loc":{"start":{"line":234,"column":84},"end":{"line":234,"column":106}},"line":234},"38":{"name":"(anonymous_38)","decl":{"start":{"line":234,"column":124},"end":{"line":234,"column":125}},"loc":{"start":{"line":234,"column":131},"end":{"line":234,"column":151}},"line":234}},"branchMap":{"0":{"loc":{"start":{"line":27,"column":4},"end":{"line":38,"column":5}},"type":"if","locations":[{"start":{"line":27,"column":4},"end":{"line":38,"column":5}},{"start":{"line":34,"column":11},"end":{"line":38,"column":5}}],"line":27},"1":{"loc":{"start":{"line":51,"column":6},"end":{"line":57,"column":7}},"type":"if","locations":[{"start":{"line":51,"column":6},"end":{"line":57,"column":7}},{"start":{},"end":{}}],"line":51},"2":{"loc":{"start":{"line":84,"column":4},"end":{"line":104,"column":5}},"type":"if","locations":[{"start":{"line":84,"column":4},"end":{"line":104,"column":5}},{"start":{},"end":{}}],"line":84},"3":{"loc":{"start":{"line":184,"column":4},"end":{"line":220,"column":3}},"type":"if","locations":[{"start":{"line":184,"column":4},"end":{"line":220,"column":3}},{"start":{"line":200,"column":9},"end":{"line":220,"column":3}}],"line":184}},"s":{"0":1,"1":1,"2":1,"3":0,"4":0,"5":0,"6":0,"7":0,"8":0,"9":0,"10":0,"11":0,"12":0,"13":1,"14":1,"15":0,"16":0,"17":0,"18":0,"19":0,"20":0,"21":0,"22":0,"23":0,"24":0,"25":0,"26":0,"27":0,"28":0,"29":0,"30":0,"31":0,"32":0,"33":0,"34":0,"35":0,"36":0,"37":0,"38":0,"39":0,"40":0,"41":0,"42":0,"43":0,"44":0,"45":0,"46":0,"47":0,"48":0,"49":0,"50":0,"51":0,"52":0,"53":0,"54":0,"55":0,"56":0,"57":0,"58":0,"59":0,"60":0,"61":0,"62":0,"63":0,"64":0,"65":0,"66":1,"67":1,"68":0,"69":0,"70":0,"71":0,"72":0,"73":0},"f":{"0":1,"1":0,"2":0,"3":0,"4":0,"5":0,"6":1,"7":0,"8":0,"9":0,"10":0,"11":0,"12":0,"13":0,"14":0,"15":0,"16":0,"17":0,"18":0,"19":0,"20":0,"21":0,"22":0,"23":0,"24":0,"25":0,"26":0,"27":0,"28":0,"29":0,"30":0,"31":1,"32":1,"33":0,"34":0,"35":0,"36":0,"37":0,"38":0},"b":{"0":[0,0],"1":[0,0],"2":[0,0],"3":[0,0]},"_coverageSchema":"1a1c01bbd47fc00a2c39e90264f33305004495a9","hash":"d08ae2a4fb07cc5ea751faad21323054e46c3c0e"}
,"/home/yytt77/HackReactor/FEC/client/src/Q&A/SearchQuestions.jsx": {"path":"/home/yytt77/HackReactor/FEC/client/src/Q&A/SearchQuestions.jsx","statementMap":{"0":{"start":{"line":6,"column":23},"end":{"line":27,"column":1}},"1":{"start":{"line":8,"column":23},"end":{"line":11,"column":3}},"2":{"start":{"line":9,"column":4},"end":{"line":9,"column":21}},"3":{"start":{"line":10,"column":4},"end":{"line":10,"column":33}},"4":{"start":{"line":13,"column":19},"end":{"line":15,"column":3}},"5":{"start":{"line":14,"column":4},"end":{"line":14,"column":23}},"6":{"start":{"line":17,"column":2},"end":{"line":26,"column":3}},"7":{"start":{"line":21,"column":103},"end":{"line":21,"column":125}}},"fnMap":{"0":{"name":"(anonymous_0)","decl":{"start":{"line":6,"column":23},"end":{"line":6,"column":24}},"loc":{"start":{"line":6,"column":34},"end":{"line":27,"column":1}},"line":6},"1":{"name":"(anonymous_1)","decl":{"start":{"line":8,"column":23},"end":{"line":8,"column":24}},"loc":{"start":{"line":8,"column":37},"end":{"line":11,"column":3}},"line":8},"2":{"name":"(anonymous_2)","decl":{"start":{"line":13,"column":19},"end":{"line":13,"column":20}},"loc":{"start":{"line":13,"column":26},"end":{"line":15,"column":3}},"line":13},"3":{"name":"(anonymous_3)","decl":{"start":{"line":21,"column":96},"end":{"line":21,"column":97}},"loc":{"start":{"line":21,"column":103},"end":{"line":21,"column":125}},"line":21}},"branchMap":{},"s":{"0":1,"1":2,"2":0,"3":0,"4":2,"5":0,"6":2,"7":0},"f":{"0":2,"1":0,"2":0,"3":0},"b":{},"_coverageSchema":"1a1c01bbd47fc00a2c39e90264f33305004495a9","hash":"a53d7c56d8f91a2518184388beda7184d0f51832"}
}
