TN:
SF:client/src/Overview/Practice.js
FN:4,(anonymous_0)
FNF:1
FNH:0
FNDA:0,(anonymous_0)
DA:4,1
DA:5,0
LF:2
LH:1
BRF:0
BRH:0
end_of_record
TN:
SF:client/src/Q&A/AddAnswerModal.jsx
FN:3,(anonymous_0)
FN:10,(anonymous_1)
FN:12,(anonymous_2)
FN:16,(anonymous_3)
FN:17,(anonymous_4)
FN:20,(anonymous_5)
FN:25,(anonymous_6)
FN:31,(anonymous_7)
FN:35,(anonymous_8)
FN:45,(anonymous_9)
FN:50,(anonymous_10)
FN:60,(anonymous_11)
FN:64,(anonymous_12)
FN:66,(anonymous_13)
FN:72,(anonymous_14)
FN:77,(anonymous_15)
FNF:16
FNH:0
FNDA:0,(anonymous_0)
FNDA:0,(anonymous_1)
FNDA:0,(anonymous_2)
FNDA:0,(anonymous_3)
FNDA:0,(anonymous_4)
FNDA:0,(anonymous_5)
FNDA:0,(anonymous_6)
FNDA:0,(anonymous_7)
FNDA:0,(anonymous_8)
FNDA:0,(anonymous_9)
FNDA:0,(anonymous_10)
FNDA:0,(anonymous_11)
FNDA:0,(anonymous_12)
FNDA:0,(anonymous_13)
FNDA:0,(anonymous_14)
FNDA:0,(anonymous_15)
DA:3,1
DA:4,0
DA:5,0
DA:6,0
DA:10,0
DA:11,0
DA:12,0
DA:16,0
DA:17,0
DA:20,0
DA:21,0
DA:22,0
DA:25,0
DA:26,0
DA:27,0
DA:28,0
DA:31,0
DA:32,0
DA:35,0
DA:36,0
DA:39,0
DA:40,0
DA:42,0
DA:45,0
DA:46,0
DA:47,0
DA:50,0
DA:53,0
DA:54,0
DA:55,0
DA:56,0
DA:60,0
DA:61,0
DA:65,0
DA:66,0
DA:72,0
DA:73,0
DA:74,0
DA:77,0
DA:78,0
DA:79,0
DA:80,0
DA:83,0
LF:43
LH:1
BRDA:11,0,0,0
BRDA:11,0,1,0
BRDA:39,1,0,0
BRDA:39,1,1,0
BRDA:53,2,0,0
BRDA:53,2,1,0
BRDA:63,3,0,0
BRDA:63,3,1,0
BRDA:86,4,0,0
BRDA:86,4,1,0
BRDA:86,5,0,0
BRDA:86,5,1,0
BRDA:88,6,0,0
BRDA:88,6,1,0
BRF:14
BRH:0
end_of_record
TN:
SF:client/src/Q&A/AddQuestions.jsx
FN:3,(anonymous_0)
FN:7,(anonymous_1)
FNF:2
FNH:0
FNDA:0,(anonymous_0)
FNDA:0,(anonymous_1)
DA:3,1
DA:5,0
DA:8,0
LF:3
LH:1
BRF:0
BRH:0
end_of_record
TN:
SF:client/src/Q&A/IndividualQuestion.jsx
FN:4,(anonymous_0)
FN:11,(anonymous_1)
FN:14,(anonymous_2)
FN:18,(anonymous_3)
FN:19,(anonymous_4)
FN:22,(anonymous_5)
FN:27,(anonymous_6)
FN:34,(anonymous_7)
FN:44,(anonymous_8)
FN:46,(anonymous_9)
FN:62,(anonymous_10)
FN:66,(anonymous_11)
FN:69,(anonymous_12)
FNF:13
FNH:0
FNDA:0,(anonymous_0)
FNDA:0,(anonymous_1)
FNDA:0,(anonymous_2)
FNDA:0,(anonymous_3)
FNDA:0,(anonymous_4)
FNDA:0,(anonymous_5)
FNDA:0,(anonymous_6)
FNDA:0,(anonymous_7)
FNDA:0,(anonymous_8)
FNDA:0,(anonymous_9)
FNDA:0,(anonymous_10)
FNDA:0,(anonymous_11)
FNDA:0,(anonymous_12)
DA:4,1
DA:5,0
DA:6,0
DA:11,0
DA:13,0
DA:14,0
DA:18,0
DA:19,0
DA:22,0
DA:23,0
DA:24,0
DA:27,0
DA:28,0
DA:30,0
DA:34,0
DA:36,0
DA:37,0
DA:38,0
DA:39,0
DA:44,0
DA:45,0
DA:46,0
DA:47,0
DA:52,0
DA:53,0
DA:58,0
DA:61,0
DA:63,0
DA:66,0
DA:69,0
DA:78,0
LF:31
LH:1
BRDA:13,0,0,0
BRDA:13,0,1,0
BRDA:36,1,0,0
BRDA:36,1,1,0
BRDA:52,2,0,0
BRDA:52,2,1,0
BRDA:81,3,0,0
BRDA:81,3,1,0
BRDA:81,4,0,0
BRDA:81,4,1,0
BRDA:82,5,0,0
BRDA:82,5,1,0
BRF:12
BRH:0
end_of_record
TN:
SF:client/src/Q&A/QandA.jsx
FN:13,(anonymous_0)
FN:26,(anonymous_1)
FN:31,(anonymous_2)
FN:38,(anonymous_3)
FN:45,(anonymous_4)
FN:52,(anonymous_5)
FN:58,(anonymous_6)
FN:63,(anonymous_7)
FN:69,(anonymous_8)
FN:77,(anonymous_9)
FN:86,(anonymous_10)
FN:90,(anonymous_11)
FN:94,(anonymous_12)
FN:95,(anonymous_13)
FN:95,(anonymous_14)
FNF:15
FNH:0
FNDA:0,(anonymous_0)
FNDA:0,(anonymous_1)
FNDA:0,(anonymous_2)
FNDA:0,(anonymous_3)
FNDA:0,(anonymous_4)
FNDA:0,(anonymous_5)
FNDA:0,(anonymous_6)
FNDA:0,(anonymous_7)
FNDA:0,(anonymous_8)
FNDA:0,(anonymous_9)
FNDA:0,(anonymous_10)
FNDA:0,(anonymous_11)
FNDA:0,(anonymous_12)
FNDA:0,(anonymous_13)
FNDA:0,(anonymous_14)
DA:14,0
DA:15,0
DA:22,0
DA:32,0
DA:33,0
DA:34,0
DA:39,0
DA:42,0
DA:43,0
DA:53,0
DA:54,0
DA:59,0
DA:60,0
DA:61,0
DA:70,0
DA:71,0
DA:72,0
DA:78,0
DA:79,0
DA:80,0
DA:87,0
DA:91,0
DA:94,0
DA:95,0
LF:24
LH:0
BRDA:42,0,0,0
BRDA:42,0,1,0
BRF:2
BRH:0
end_of_record
TN:
SF:client/src/Q&A/SearchQuestions.jsx
FN:4,(anonymous_0)
FN:8,(anonymous_1)
FN:14,(anonymous_2)
FNF:3
FNH:0
FNDA:0,(anonymous_0)
FNDA:0,(anonymous_1)
FNDA:0,(anonymous_2)
DA:4,1
DA:5,0
DA:8,1
DA:10,0
DA:14,0
LF:5
LH:2
BRF:0
BRH:0
end_of_record
TN:
SF:client/src/Ratings/AddReview.jsx
FN:6,(anonymous_0)
FN:10,(anonymous_1)
FN:12,(anonymous_2)
FN:19,(anonymous_3)
FN:24,(anonymous_4)
FNF:5
FNH:2
FNDA:10,(anonymous_0)
FNDA:18,(anonymous_1)
FNDA:0,(anonymous_2)
FNDA:0,(anonymous_3)
FNDA:0,(anonymous_4)
DA:6,1
DA:7,10
DA:10,18
DA:12,10
DA:13,0
DA:14,0
DA:15,0
DA:18,10
DA:20,0
DA:25,0
LF:10
LH:5
BRDA:10,0,0,10
BRDA:10,0,1,6
BRF:2
BRH:2
end_of_record
TN:
SF:client/src/Ratings/ImageModal.jsx
FN:4,(anonymous_0)
FN:9,(anonymous_1)
FN:9,(anonymous_2)
FN:15,(anonymous_3)
FNF:4
FNH:4
FNDA:18,(anonymous_0)
FNDA:16,(anonymous_1)
FNDA:1,(anonymous_2)
FNDA:1,(anonymous_3)
DA:4,1
DA:5,18
DA:6,18
DA:7,18
DA:9,16
DA:10,1
DA:11,1
DA:15,1
LF:8
LH:8
BRF:0
BRH:0
end_of_record
TN:
SF:client/src/Ratings/NewReview.jsx
FN:6,(anonymous_0)
FN:16,(anonymous_1)
FN:16,(anonymous_2)
FN:33,(anonymous_3)
FN:43,(anonymous_4)
FN:53,(anonymous_5)
FN:54,(anonymous_6)
FN:55,(anonymous_7)
FN:56,(anonymous_8)
FN:57,(anonymous_9)
FN:64,(anonymous_10)
FN:67,(anonymous_11)
FN:82,(anonymous_12)
FN:87,(anonymous_13)
FN:94,(anonymous_14)
FN:116,(anonymous_15)
FN:147,(anonymous_16)
FNF:17
FNH:7
FNDA:10,(anonymous_0)
FNDA:50,(anonymous_1)
FNDA:0,(anonymous_2)
FNDA:18,(anonymous_3)
FNDA:0,(anonymous_4)
FNDA:0,(anonymous_5)
FNDA:0,(anonymous_6)
FNDA:0,(anonymous_7)
FNDA:0,(anonymous_8)
FNDA:0,(anonymous_9)
FNDA:10,(anonymous_10)
FNDA:0,(anonymous_11)
FNDA:10,(anonymous_12)
FNDA:0,(anonymous_13)
FNDA:10,(anonymous_14)
FNDA:18,(anonymous_15)
FNDA:0,(anonymous_16)
DA:6,1
DA:7,10
DA:14,10
DA:16,50
DA:17,0
DA:18,0
DA:19,0
DA:21,0
DA:22,0
DA:24,0
DA:25,0
DA:26,0
DA:32,1
DA:33,1
DA:34,18
DA:42,18
DA:43,18
DA:44,0
DA:45,0
DA:46,0
DA:48,18
DA:53,0
DA:54,0
DA:55,0
DA:56,0
DA:57,0
DA:63,1
DA:64,1
DA:65,10
DA:68,0
DA:69,0
DA:70,0
DA:71,0
DA:72,0
DA:73,0
DA:74,0
DA:82,1
DA:83,10
DA:84,10
DA:88,0
DA:94,1
DA:95,10
DA:96,10
DA:97,10
DA:116,18
DA:148,0
DA:149,0
DA:150,0
DA:151,0
DA:152,0
DA:153,0
DA:155,0
DA:157,0
DA:159,0
DA:169,0
DA:170,0
DA:171,0
DA:174,0
DA:185,0
LF:59
LH:21
BRDA:72,0,0,0
BRDA:72,0,1,0
BRDA:90,1,0,0
BRDA:90,1,1,10
BRDA:96,2,0,4
BRDA:96,2,1,6
BRDA:149,3,0,0
BRDA:149,3,1,0
BRDA:155,4,0,0
BRDA:155,4,1,0
BRDA:155,5,0,0
BRDA:155,5,1,0
BRDA:155,5,2,0
BRDA:155,5,3,0
BRDA:155,5,4,0
BRDA:155,5,5,0
BRDA:157,6,0,0
BRDA:157,6,1,0
BRF:18
BRH:3
end_of_record
TN:
SF:client/src/Ratings/ProductBreakdown.jsx
FN:3,(anonymous_0)
FNF:1
FNH:1
FNDA:10,(anonymous_0)
DA:3,1
DA:4,10
LF:2
LH:2
BRF:0
BRH:0
end_of_record
TN:
SF:client/src/Ratings/RatingBreakdown.jsx
FN:3,(anonymous_0)
FNF:1
FNH:1
FNDA:10,(anonymous_0)
DA:3,1
DA:4,10
LF:2
LH:2
BRF:0
BRH:0
end_of_record
TN:
SF:client/src/Ratings/RatingContainer.jsx
FN:10,(anonymous_0)
FN:22,(anonymous_1)
FN:27,(anonymous_2)
FN:35,(anonymous_3)
FN:47,(anonymous_4)
FN:57,(anonymous_5)
FN:68,(anonymous_6)
FN:83,(anonymous_7)
FN:87,(anonymous_8)
FNF:9
FNH:7
FNDA:4,(anonymous_0)
FNDA:0,(anonymous_1)
FNDA:0,(anonymous_2)
FNDA:2,(anonymous_3)
FNDA:4,(anonymous_4)
FNDA:4,(anonymous_5)
FNDA:4,(anonymous_6)
FNDA:4,(anonymous_7)
FNDA:10,(anonymous_8)
DA:11,4
DA:12,4
DA:19,4
DA:23,0
DA:24,0
DA:28,0
DA:36,2
DA:37,2
DA:41,0
DA:48,4
DA:58,4
DA:59,4
DA:60,4
DA:61,4
DA:69,4
DA:70,4
DA:84,4
DA:88,10
LF:18
LH:14
BRDA:36,0,0,2
BRDA:36,0,1,0
BRDA:60,1,0,0
BRDA:60,1,1,4
BRF:4
BRH:2
end_of_record
TN:
SF:client/src/Ratings/ReviewTile.jsx
FN:6,(anonymous_0)
FN:9,(anonymous_1)
FN:14,(anonymous_2)
FN:24,(anonymous_3)
FN:32,(anonymous_4)
FN:72,(anonymous_5)
FNF:6
FNH:4
FNDA:16,(anonymous_0)
FNDA:48,(anonymous_1)
FNDA:32,(anonymous_2)
FNDA:16,(anonymous_3)
FNDA:0,(anonymous_4)
FNDA:0,(anonymous_5)
DA:6,1
DA:7,16
DA:10,48
DA:15,32
DA:24,1
DA:25,16
DA:26,16
DA:27,16
DA:28,6
DA:33,0
DA:34,0
DA:35,0
DA:40,10
DA:43,16
DA:45,16
DA:73,0
LF:16
LH:12
BRDA:25,0,0,6
BRDA:25,0,1,10
BRDA:26,1,0,6
BRDA:26,1,1,10
BRDA:27,2,0,6
BRDA:27,2,1,10
BRDA:43,3,0,0
BRDA:43,3,1,16
BRDA:63,4,0,6
BRDA:63,4,1,10
BRDA:65,5,0,10
BRDA:65,5,1,6
BRF:12
BRH:11
end_of_record
TN:
SF:client/src/Ratings/ReviewsList.jsx
FN:8,(anonymous_0)
FN:20,(anonymous_1)
FN:48,(anonymous_2)
FNF:3
FNH:3
FNDA:10,(anonymous_0)
FNDA:16,(anonymous_1)
FNDA:16,(anonymous_2)
DA:8,1
DA:10,10
DA:11,10
DA:12,10
DA:16,10
DA:21,16
DA:48,1
DA:49,16
DA:63,16
DA:64,16
DA:65,16
LF:11
LH:11
BRDA:10,0,0,6
BRDA:10,0,1,4
BRDA:10,1,0,10
BRDA:10,1,1,6
BRDA:11,2,0,6
BRDA:11,2,1,4
BRDA:19,3,0,2
BRDA:19,3,1,8
BRDA:65,4,0,16
BRDA:65,4,1,0
BRF:10
BRH:9
end_of_record
TN:
SF:client/src/Ratings/SortReviews.jsx
FN:3,(anonymous_0)
FNF:1
FNH:1
FNDA:6,(anonymous_0)
DA:3,1
DA:4,6
LF:2
LH:2
BRF:0
BRH:0
end_of_record
TN:
SF:client/src/Related/Card.jsx
FN:8,(anonymous_0)
FN:12,(anonymous_1)
FNF:2
FNH:0
FNDA:0,(anonymous_0)
FNDA:0,(anonymous_1)
DA:9,0
DA:13,0
LF:2
LH:0
BRF:0
BRH:0
end_of_record
TN:
SF:client/src/Related/OutfitList.jsx
FN:13,(anonymous_0)
FN:21,(anonymous_1)
FN:26,(anonymous_2)
FN:29,(anonymous_3)
FN:31,(anonymous_4)
FN:40,(anonymous_5)
FN:46,(anonymous_6)
FNF:7
FNH:4
FNDA:2,(anonymous_0)
FNDA:2,(anonymous_1)
FNDA:2,(anonymous_2)
FNDA:0,(anonymous_3)
FNDA:0,(anonymous_4)
FNDA:2,(anonymous_5)
FNDA:0,(anonymous_6)
DA:14,2
DA:15,2
DA:22,2
DA:26,2
DA:27,2
DA:28,2
DA:31,0
DA:33,0
DA:36,0
DA:41,2
DA:47,0
LF:11
LH:7
BRF:0
BRH:0
end_of_record
TN:
SF:client/src/Related/RelatedList.jsx
FN:13,(anonymous_0)
FN:28,(anonymous_1)
FN:34,(anonymous_2)
FN:35,(anonymous_3)
FN:42,(anonymous_4)
FN:43,(anonymous_5)
FN:49,(anonymous_6)
FN:50,(anonymous_7)
FN:58,(anonymous_8)
FN:61,(anonymous_9)
FN:62,(anonymous_10)
FN:64,(anonymous_11)
FN:69,(anonymous_12)
FN:72,(anonymous_13)
FN:76,(anonymous_14)
FN:82,(anonymous_15)
FNF:16
FNH:4
FNDA:2,(anonymous_0)
FNDA:2,(anonymous_1)
FNDA:0,(anonymous_2)
FNDA:0,(anonymous_3)
FNDA:0,(anonymous_4)
FNDA:0,(anonymous_5)
FNDA:0,(anonymous_6)
FNDA:0,(anonymous_7)
FNDA:2,(anonymous_8)
FNDA:0,(anonymous_9)
FNDA:0,(anonymous_10)
FNDA:0,(anonymous_11)
FNDA:0,(anonymous_12)
FNDA:0,(anonymous_13)
FNDA:2,(anonymous_14)
FNDA:0,(anonymous_15)
DA:14,2
DA:15,2
DA:31,2
DA:34,2
DA:35,0
DA:36,0
DA:37,0
DA:42,2
DA:43,0
DA:45,0
DA:49,2
DA:50,0
DA:51,0
DA:52,0
DA:54,0
DA:58,2
DA:59,2
DA:60,2
DA:62,0
DA:63,0
DA:65,0
DA:66,0
DA:69,0
DA:72,0
DA:77,2
DA:83,0
LF:26
LH:10
BRF:0
BRH:0
end_of_record
TN:
SF:server/routes/RelatedFakeData.js
FNF:0
FNH:0
DA:1,1
DA:58,1
DA:261,1
DA:267,1
DA:399,1
DA:1643,1
DA:1644,1
DA:1645,1
DA:1646,1
DA:1647,1
LF:10
LH:10
BRF:0
BRH:0
end_of_record
TN:
SF:server/routes/ReviewsfakeData.js
FN:1,(anonymous_0)
FN:2,(anonymous_1)
FNF:2
FNH:2
FNDA:255,(anonymous_0)
FNDA:10,(anonymous_1)
DA:1,255
DA:2,10
DA:4,1
DA:148,1
DA:174,1
DA:175,1
LF:6
LH:6
BRF:0
BRH:0
end_of_record
