TN:
SF:client/src/Overview/Practice.js
FN:4,(anonymous_0)
FNF:1
FNH:0
FNDA:0,(anonymous_0)
DA:4,1
DA:5,0
LF:2
LH:1
BRF:0
BRH:0
end_of_record
TN:
SF:client/src/Q&A/AddQuestions.jsx
FN:3,(anonymous_0)
FN:7,(anonymous_1)
FNF:2
FNH:0
FNDA:0,(anonymous_0)
FNDA:0,(anonymous_1)
DA:3,1
DA:5,0
DA:8,0
LF:3
LH:1
BRF:0
BRH:0
end_of_record
TN:
SF:client/src/Q&A/AnswerModal.jsx
FN:3,(anonymous_0)
FN:10,(anonymous_1)
FN:12,(anonymous_2)
FN:16,(anonymous_3)
FN:17,(anonymous_4)
FN:20,(anonymous_5)
FN:25,(anonymous_6)
FN:31,(anonymous_7)
FN:35,(anonymous_8)
FN:45,(anonymous_9)
FN:50,(anonymous_10)
FN:60,(anonymous_11)
FN:64,(anonymous_12)
FN:66,(anonymous_13)
FN:72,(anonymous_14)
FN:77,(anonymous_15)
FNF:16
FNH:0
FNDA:0,(anonymous_0)
FNDA:0,(anonymous_1)
FNDA:0,(anonymous_2)
FNDA:0,(anonymous_3)
FNDA:0,(anonymous_4)
FNDA:0,(anonymous_5)
FNDA:0,(anonymous_6)
FNDA:0,(anonymous_7)
FNDA:0,(anonymous_8)
FNDA:0,(anonymous_9)
FNDA:0,(anonymous_10)
FNDA:0,(anonymous_11)
FNDA:0,(anonymous_12)
FNDA:0,(anonymous_13)
FNDA:0,(anonymous_14)
FNDA:0,(anonymous_15)
DA:3,1
DA:4,0
DA:5,0
DA:6,0
DA:10,0
DA:11,0
DA:12,0
DA:16,0
DA:17,0
DA:20,0
DA:21,0
DA:22,0
DA:25,0
DA:26,0
DA:27,0
DA:28,0
DA:31,0
DA:32,0
DA:35,0
DA:36,0
DA:39,0
DA:40,0
DA:42,0
DA:45,0
DA:46,0
DA:47,0
DA:50,0
DA:53,0
DA:54,0
DA:55,0
DA:56,0
DA:60,0
DA:61,0
DA:65,0
DA:66,0
DA:72,0
DA:73,0
DA:74,0
DA:77,0
DA:78,0
DA:79,0
DA:80,0
DA:83,0
LF:43
LH:1
BRDA:11,0,0,0
BRDA:11,0,1,0
BRDA:39,1,0,0
BRDA:39,1,1,0
BRDA:53,2,0,0
BRDA:53,2,1,0
BRDA:63,3,0,0
BRDA:63,3,1,0
BRDA:86,4,0,0
BRDA:86,4,1,0
BRDA:86,5,0,0
BRDA:86,5,1,0
BRDA:88,6,0,0
BRDA:88,6,1,0
BRF:14
BRH:0
end_of_record
TN:
SF:client/src/Q&A/AskNewQuestion.jsx
FN:4,(anonymous_0)
FN:15,(anonymous_1)
FN:22,(anonymous_2)
FN:26,(anonymous_3)
FN:30,(anonymous_4)
FN:64,(anonymous_5)
FN:75,(anonymous_6)
FN:90,(anonymous_7)
FN:99,(anonymous_8)
FN:107,(anonymous_9)
FN:115,(anonymous_10)
FN:119,(anonymous_11)
FN:121,(anonymous_12)
FNF:13
FNH:0
FNDA:0,(anonymous_0)
FNDA:0,(anonymous_1)
FNDA:0,(anonymous_2)
FNDA:0,(anonymous_3)
FNDA:0,(anonymous_4)
FNDA:0,(anonymous_5)
FNDA:0,(anonymous_6)
FNDA:0,(anonymous_7)
FNDA:0,(anonymous_8)
FNDA:0,(anonymous_9)
FNDA:0,(anonymous_10)
FNDA:0,(anonymous_11)
FNDA:0,(anonymous_12)
DA:4,1
DA:6,0
DA:7,0
DA:8,0
DA:9,0
DA:10,0
DA:11,0
DA:12,0
DA:13,0
DA:15,0
DA:17,0
DA:18,0
DA:19,0
DA:22,0
DA:23,0
DA:26,0
DA:27,0
DA:30,0
DA:31,0
DA:32,0
DA:33,0
DA:34,0
DA:35,0
DA:37,0
DA:38,0
DA:40,0
DA:41,0
DA:43,0
DA:44,0
DA:46,0
DA:47,0
DA:49,0
DA:50,0
DA:51,0
DA:53,0
DA:54,0
DA:55,0
DA:57,0
DA:58,0
DA:59,0
DA:61,0
DA:64,0
DA:65,0
DA:66,0
DA:67,0
DA:69,0
DA:71,0
DA:75,0
DA:76,0
DA:77,0
DA:78,0
DA:83,0
DA:90,0
DA:99,0
DA:107,0
DA:115,0
DA:119,0
DA:121,0
LF:58
LH:1
BRDA:34,0,0,0
BRDA:34,0,1,0
BRDA:37,1,0,0
BRDA:37,1,1,0
BRDA:40,2,0,0
BRDA:40,2,1,0
BRDA:43,3,0,0
BRDA:43,3,1,0
BRDA:46,4,0,0
BRDA:46,4,1,0
BRDA:49,5,0,0
BRDA:49,5,1,0
BRDA:53,6,0,0
BRDA:53,6,1,0
BRDA:57,7,0,0
BRDA:57,7,1,0
BRDA:67,8,0,0
BRDA:67,8,1,0
BRDA:83,9,0,0
BRDA:83,9,1,0
BRDA:88,10,0,0
BRDA:88,10,1,0
BRDA:94,11,0,0
BRDA:94,11,1,0
BRDA:101,12,0,0
BRDA:101,12,1,0
BRDA:109,13,0,0
BRDA:109,13,1,0
BRDA:111,14,0,0
BRDA:111,14,1,0
BRF:30
BRH:0
end_of_record
TN:
SF:client/src/Q&A/IndividualQuestion.jsx
FN:5,(anonymous_0)
FN:16,(anonymous_1)
FN:19,(anonymous_2)
FN:23,(anonymous_3)
FN:24,(anonymous_4)
FN:27,(anonymous_5)
FN:32,(anonymous_6)
FN:39,(anonymous_7)
FN:49,(anonymous_8)
FN:51,(anonymous_9)
FN:65,(anonymous_10)
FN:69,(anonymous_11)
FN:69,(anonymous_12)
FN:73,(anonymous_13)
FN:85,(anonymous_14)
FNF:15
FNH:0
FNDA:0,(anonymous_0)
FNDA:0,(anonymous_1)
FNDA:0,(anonymous_2)
FNDA:0,(anonymous_3)
FNDA:0,(anonymous_4)
FNDA:0,(anonymous_5)
FNDA:0,(anonymous_6)
FNDA:0,(anonymous_7)
FNDA:0,(anonymous_8)
FNDA:0,(anonymous_9)
FNDA:0,(anonymous_10)
FNDA:0,(anonymous_11)
FNDA:0,(anonymous_12)
FNDA:0,(anonymous_13)
FNDA:0,(anonymous_14)
DA:5,1
DA:6,0
DA:7,0
DA:8,0
DA:9,0
DA:10,0
DA:11,0
DA:16,0
DA:18,0
DA:19,0
DA:23,0
DA:24,0
DA:27,0
DA:28,0
DA:29,0
DA:32,0
DA:33,0
DA:35,0
DA:39,0
DA:41,0
DA:42,0
DA:43,0
DA:44,0
DA:49,0
DA:50,0
DA:51,0
DA:52,0
DA:55,0
DA:56,0
DA:61,0
DA:64,0
DA:66,0
DA:69,0
DA:73,0
DA:81,0
DA:85,0
LF:36
LH:1
BRDA:18,0,0,0
BRDA:18,0,1,0
BRDA:41,1,0,0
BRDA:41,1,1,0
BRDA:55,2,0,0
BRDA:55,2,1,0
BRDA:83,3,0,0
BRDA:83,3,1,0
BRDA:83,4,0,0
BRDA:83,4,1,0
BRDA:84,5,0,0
BRDA:84,5,1,0
BRF:12
BRH:0
end_of_record
TN:
SF:client/src/Q&A/QandA.jsx
FN:13,(anonymous_0)
FN:26,(anonymous_1)
FN:31,(anonymous_2)
FN:38,(anonymous_3)
FN:45,(anonymous_4)
FN:52,(anonymous_5)
FN:58,(anonymous_6)
FN:63,(anonymous_7)
FN:69,(anonymous_8)
FN:77,(anonymous_9)
FN:85,(anonymous_10)
FN:100,(anonymous_11)
FN:103,(anonymous_12)
FN:115,(anonymous_13)
FN:118,(anonymous_14)
FN:124,(anonymous_15)
FN:128,(anonymous_16)
FN:132,(anonymous_17)
FN:133,(anonymous_18)
FN:133,(anonymous_19)
FN:134,(anonymous_20)
FNF:21
FNH:0
FNDA:0,(anonymous_0)
FNDA:0,(anonymous_1)
FNDA:0,(anonymous_2)
FNDA:0,(anonymous_3)
FNDA:0,(anonymous_4)
FNDA:0,(anonymous_5)
FNDA:0,(anonymous_6)
FNDA:0,(anonymous_7)
FNDA:0,(anonymous_8)
FNDA:0,(anonymous_9)
FNDA:0,(anonymous_10)
FNDA:0,(anonymous_11)
FNDA:0,(anonymous_12)
FNDA:0,(anonymous_13)
FNDA:0,(anonymous_14)
FNDA:0,(anonymous_15)
FNDA:0,(anonymous_16)
FNDA:0,(anonymous_17)
FNDA:0,(anonymous_18)
FNDA:0,(anonymous_19)
FNDA:0,(anonymous_20)
DA:14,0
DA:15,0
DA:22,0
DA:32,0
DA:33,0
DA:34,0
DA:39,0
DA:42,0
DA:43,0
DA:53,0
DA:54,0
DA:59,0
DA:60,0
DA:61,0
DA:70,0
DA:71,0
DA:72,0
DA:78,0
DA:79,0
DA:80,0
DA:86,0
DA:87,0
DA:88,0
DA:90,0
DA:91,0
DA:101,0
DA:104,0
DA:107,0
DA:116,0
DA:119,0
DA:125,0
DA:129,0
DA:132,0
DA:133,0
DA:134,0
LF:35
LH:0
BRDA:42,0,0,0
BRDA:42,0,1,0
BRDA:90,1,0,0
BRDA:90,1,1,0
BRF:4
BRH:0
end_of_record
TN:
SF:client/src/Q&A/SearchQuestions.jsx
FN:4,(anonymous_0)
FN:8,(anonymous_1)
FN:14,(anonymous_2)
FNF:3
FNH:0
FNDA:0,(anonymous_0)
FNDA:0,(anonymous_1)
FNDA:0,(anonymous_2)
DA:4,1
DA:5,0
DA:8,1
DA:10,0
DA:14,0
LF:5
LH:2
BRF:0
BRH:0
end_of_record
TN:
SF:client/src/Ratings/AddReview.jsx
FN:6,(anonymous_0)
FN:10,(anonymous_1)
FN:12,(anonymous_2)
FN:19,(anonymous_3)
FN:24,(anonymous_4)
FNF:5
FNH:1
FNDA:4,(anonymous_0)
FNDA:0,(anonymous_1)
FNDA:0,(anonymous_2)
FNDA:0,(anonymous_3)
FNDA:0,(anonymous_4)
DA:6,1
DA:7,4
DA:10,4
DA:12,4
DA:13,0
DA:14,0
DA:15,0
DA:18,4
DA:20,0
DA:25,0
LF:10
LH:5
BRDA:10,0,0,4
BRDA:10,0,1,0
BRF:2
BRH:1
end_of_record
TN:
SF:client/src/Ratings/ImageModal.jsx
FN:4,(anonymous_0)
FN:9,(anonymous_1)
FN:9,(anonymous_2)
FN:15,(anonymous_3)
FNF:4
FNH:0
FNDA:0,(anonymous_0)
FNDA:0,(anonymous_1)
FNDA:0,(anonymous_2)
FNDA:0,(anonymous_3)
DA:4,1
DA:5,0
DA:6,0
DA:7,0
DA:9,0
DA:10,0
DA:11,0
DA:15,0
LF:8
LH:1
BRF:0
BRH:0
end_of_record
TN:
SF:client/src/Ratings/NewReview.jsx
FN:6,(anonymous_0)
FN:16,(anonymous_1)
FN:16,(anonymous_2)
FN:33,(anonymous_3)
FN:35,(anonymous_4)
FN:45,(anonymous_5)
FN:46,(anonymous_6)
FN:47,(anonymous_7)
FN:48,(anonymous_8)
FN:49,(anonymous_9)
FN:57,(anonymous_10)
FN:60,(anonymous_11)
FN:77,(anonymous_12)
FN:82,(anonymous_13)
FN:89,(anonymous_14)
FN:111,(anonymous_15)
FN:142,(anonymous_16)
FNF:17
FNH:5
FNDA:4,(anonymous_0)
FNDA:20,(anonymous_1)
FNDA:0,(anonymous_2)
FNDA:0,(anonymous_3)
FNDA:0,(anonymous_4)
FNDA:0,(anonymous_5)
FNDA:0,(anonymous_6)
FNDA:0,(anonymous_7)
FNDA:0,(anonymous_8)
FNDA:0,(anonymous_9)
FNDA:4,(anonymous_10)
FNDA:0,(anonymous_11)
FNDA:4,(anonymous_12)
FNDA:0,(anonymous_13)
FNDA:4,(anonymous_14)
FNDA:0,(anonymous_15)
FNDA:0,(anonymous_16)
DA:6,1
DA:7,4
DA:14,4
DA:16,20
DA:17,0
DA:18,0
DA:19,0
DA:21,0
DA:22,0
DA:24,0
DA:25,0
DA:26,0
DA:32,1
DA:33,1
DA:34,0
DA:35,0
DA:36,0
DA:37,0
DA:38,0
DA:40,0
DA:45,0
DA:46,0
DA:47,0
DA:48,0
DA:49,0
DA:55,1
DA:57,1
DA:58,4
DA:61,0
DA:64,0
DA:65,0
DA:66,0
DA:67,0
DA:68,0
DA:69,0
DA:77,1
DA:78,4
DA:79,4
DA:83,0
DA:89,1
DA:90,4
DA:91,4
DA:92,4
DA:111,0
DA:143,0
DA:144,0
DA:145,0
DA:146,0
DA:147,0
DA:148,0
DA:150,0
DA:152,0
DA:154,0
DA:164,0
DA:165,0
DA:166,0
DA:169,0
DA:180,0
LF:58
LH:16
BRDA:67,0,0,0
BRDA:67,0,1,0
BRDA:85,1,0,0
BRDA:85,1,1,4
BRDA:91,2,0,4
BRDA:91,2,1,0
BRDA:144,3,0,0
BRDA:144,3,1,0
BRDA:150,4,0,0
BRDA:150,4,1,0
BRDA:150,5,0,0
BRDA:150,5,1,0
BRDA:150,5,2,0
BRDA:150,5,3,0
BRDA:150,5,4,0
BRDA:150,5,5,0
BRDA:152,6,0,0
BRDA:152,6,1,0
BRF:18
BRH:2
end_of_record
TN:
SF:client/src/Ratings/ProductBreakdown.jsx
FN:3,(anonymous_0)
FN:24,(anonymous_1)
FN:28,(anonymous_2)
FNF:3
FNH:1
FNDA:0,(anonymous_0)
FNDA:4,(anonymous_1)
FNDA:0,(anonymous_2)
DA:3,1
DA:4,0
DA:5,0
DA:6,0
DA:24,1
DA:25,4
DA:26,4
DA:28,0
LF:8
LH:4
BRDA:25,0,0,0
BRDA:25,0,1,4
BRF:2
BRH:1
end_of_record
TN:
SF:client/src/Ratings/RatingBreakdown.jsx
FN:6,(anonymous_0)
FN:25,(anonymous_1)
FN:36,(anonymous_2)
FN:39,(anonymous_3)
FN:57,(anonymous_4)
FN:59,(anonymous_5)
FN:60,(anonymous_6)
FN:66,(anonymous_7)
FN:79,(anonymous_8)
FNF:9
FNH:3
FNDA:4,(anonymous_0)
FNDA:4,(anonymous_1)
FNDA:0,(anonymous_2)
FNDA:0,(anonymous_3)
FNDA:0,(anonymous_4)
FNDA:0,(anonymous_5)
FNDA:0,(anonymous_6)
FNDA:4,(anonymous_7)
FNDA:0,(anonymous_8)
DA:4,1
DA:6,1
DA:7,4
DA:8,4
DA:9,4
DA:10,0
DA:11,0
DA:14,4
DA:15,0
DA:17,0
DA:18,0
DA:20,0
DA:25,1
DA:26,4
DA:27,4
DA:28,4
DA:29,4
DA:36,1
DA:37,0
DA:38,0
DA:40,0
DA:41,0
DA:42,0
DA:43,0
DA:45,0
DA:47,0
DA:57,1
DA:58,0
DA:59,0
DA:61,0
DA:66,1
DA:67,4
DA:68,4
DA:69,4
DA:70,4
DA:79,0
LF:36
LH:18
BRDA:6,0,0,4
BRDA:14,1,0,4
BRDA:14,1,1,0
BRDA:17,2,0,0
BRDA:17,2,1,0
BRDA:40,3,0,0
BRDA:40,3,1,0
BRDA:42,4,0,0
BRDA:42,4,1,0
BRDA:69,5,0,0
BRDA:69,5,1,4
BRDA:74,6,0,4
BRDA:74,6,1,4
BRDA:77,7,0,0
BRDA:77,7,1,4
BRDA:79,8,0,4
BRDA:79,8,1,0
BRDA:81,9,0,4
BRDA:81,9,1,4
BRF:19
BRH:9
end_of_record
TN:
SF:client/src/Ratings/RatingContainer.jsx
FN:10,(anonymous_0)
FN:33,(anonymous_1)
FN:50,(anonymous_2)
FN:57,(anonymous_3)
FN:61,(anonymous_4)
FN:67,(anonymous_5)
FN:71,(anonymous_6)
FN:74,(anonymous_7)
FN:82,(anonymous_8)
FN:92,(anonymous_9)
FN:104,(anonymous_10)
FN:114,(anonymous_11)
FN:125,(anonymous_12)
FN:131,(anonymous_13)
FN:150,(anonymous_14)
FN:154,(anonymous_15)
FN:158,(anonymous_16)
FNF:17
FNH:7
FNDA:4,(anonymous_0)
FNDA:0,(anonymous_1)
FNDA:0,(anonymous_2)
FNDA:0,(anonymous_3)
FNDA:0,(anonymous_4)
FNDA:0,(anonymous_5)
FNDA:0,(anonymous_6)
FNDA:0,(anonymous_7)
FNDA:0,(anonymous_8)
FNDA:0,(anonymous_9)
FNDA:4,(anonymous_10)
FNDA:4,(anonymous_11)
FNDA:4,(anonymous_12)
FNDA:4,(anonymous_13)
FNDA:4,(anonymous_14)
FNDA:4,(anonymous_15)
FNDA:0,(anonymous_16)
DA:11,4
DA:12,4
DA:22,4
DA:23,4
DA:34,0
DA:35,0
DA:37,0
DA:38,0
DA:39,0
DA:40,0
DA:42,0
DA:44,0
DA:51,0
DA:52,0
DA:57,0
DA:62,0
DA:67,0
DA:72,0
DA:73,0
DA:74,0
DA:75,0
DA:80,0
DA:81,0
DA:82,0
DA:83,0
DA:93,0
DA:94,0
DA:98,0
DA:105,4
DA:115,4
DA:116,4
DA:117,4
DA:118,4
DA:126,4
DA:127,4
DA:132,4
DA:133,0
DA:151,4
DA:155,4
DA:156,4
DA:158,0
DA:162,4
LF:42
LH:16
BRDA:34,0,0,0
BRDA:34,0,1,0
BRDA:37,1,0,0
BRDA:37,1,1,0
BRDA:39,2,0,0
BRDA:39,2,1,0
BRDA:72,3,0,0
BRDA:72,3,1,0
BRDA:73,4,0,0
BRDA:73,4,1,0
BRDA:80,5,0,0
BRDA:80,5,1,0
BRDA:81,6,0,0
BRDA:81,6,1,0
BRDA:93,7,0,0
BRDA:93,7,1,0
BRDA:117,8,0,0
BRDA:117,8,1,4
BRDA:155,9,0,4
BRDA:155,9,1,0
BRF:20
BRH:2
end_of_record
TN:
SF:client/src/Ratings/ReviewTile.jsx
FN:6,(anonymous_0)
FN:9,(anonymous_1)
FN:14,(anonymous_2)
FN:24,(anonymous_3)
FN:32,(anonymous_4)
FN:72,(anonymous_5)
FN:77,(anonymous_6)
FNF:7
FNH:0
FNDA:0,(anonymous_0)
FNDA:0,(anonymous_1)
FNDA:0,(anonymous_2)
FNDA:0,(anonymous_3)
FNDA:0,(anonymous_4)
FNDA:0,(anonymous_5)
FNDA:0,(anonymous_6)
DA:6,1
DA:7,0
DA:10,0
DA:15,0
DA:24,1
DA:25,0
DA:26,0
DA:27,0
DA:28,0
DA:33,0
DA:34,0
DA:35,0
DA:40,0
DA:43,0
DA:45,0
DA:73,0
DA:78,0
LF:17
LH:2
BRDA:25,0,0,0
BRDA:25,0,1,0
BRDA:26,1,0,0
BRDA:26,1,1,0
BRDA:27,2,0,0
BRDA:27,2,1,0
BRDA:43,3,0,0
BRDA:43,3,1,0
BRDA:63,4,0,0
BRDA:63,4,1,0
BRDA:65,5,0,0
BRDA:65,5,1,0
BRF:12
BRH:0
end_of_record
TN:
SF:client/src/Ratings/ReviewsList.jsx
FN:8,(anonymous_0)
FN:20,(anonymous_1)
FN:48,(anonymous_2)
FNF:3
FNH:1
FNDA:4,(anonymous_0)
FNDA:0,(anonymous_1)
FNDA:0,(anonymous_2)
DA:8,1
DA:10,4
DA:11,4
DA:12,4
DA:16,4
DA:21,0
DA:48,1
DA:49,0
DA:63,0
DA:64,0
DA:65,0
LF:11
LH:6
BRDA:10,0,0,0
BRDA:10,0,1,4
BRDA:10,1,0,4
BRDA:10,1,1,0
BRDA:11,2,0,0
BRDA:11,2,1,4
BRDA:19,3,0,0
BRDA:19,3,1,4
BRDA:65,4,0,0
BRDA:65,4,1,0
BRF:10
BRH:4
end_of_record
TN:
SF:client/src/Ratings/SortReviews.jsx
FN:3,(anonymous_0)
FN:6,(anonymous_1)
FNF:2
FNH:0
FNDA:0,(anonymous_0)
FNDA:0,(anonymous_1)
DA:3,1
DA:4,0
DA:7,0
DA:8,0
LF:4
LH:1
BRF:0
BRH:0
end_of_record
TN:
SF:client/src/Related/Card.jsx
FN:13,(anonymous_0)
FN:24,(anonymous_1)
FN:34,(anonymous_2)
FN:54,(anonymous_3)
FN:59,(anonymous_4)
FN:60,(anonymous_5)
FN:81,(anonymous_6)
FN:85,(anonymous_7)
FN:93,(anonymous_8)
FNF:9
FNH:5
FNDA:2,(anonymous_0)
FNDA:2,(anonymous_1)
FNDA:2,(anonymous_2)
FNDA:2,(anonymous_3)
FNDA:0,(anonymous_4)
FNDA:0,(anonymous_5)
FNDA:0,(anonymous_6)
FNDA:4,(anonymous_7)
FNDA:0,(anonymous_8)
DA:14,2
DA:15,2
DA:26,2
DA:27,2
DA:34,2
DA:35,2
DA:54,2
DA:55,2
DA:56,2
DA:57,2
DA:58,0
DA:59,0
DA:60,0
DA:61,0
DA:64,0
DA:65,0
DA:67,0
DA:68,0
DA:70,0
DA:73,0
DA:75,0
DA:77,0
DA:81,2
DA:82,0
DA:86,4
DA:87,4
DA:88,4
DA:91,4
DA:92,4
DA:93,0
DA:101,0
LF:31
LH:16
BRDA:35,0,0,2
BRDA:35,0,1,0
BRDA:59,1,0,0
BRDA:59,1,1,0
BRDA:61,2,0,0
BRDA:61,2,1,0
BRDA:64,3,0,0
BRDA:64,3,1,0
BRDA:73,4,0,0
BRDA:73,4,1,0
BRDA:88,5,0,0
BRDA:88,5,1,4
BRDA:91,6,0,4
BRDA:91,6,1,0
BRF:14
BRH:3
end_of_record
TN:
SF:client/src/Related/Compare.jsx
FN:5,(anonymous_0)
FNF:1
FNH:1
FNDA:2,(anonymous_0)
DA:5,1
DA:6,2
LF:2
LH:2
BRF:0
BRH:0
end_of_record
TN:
SF:client/src/Related/OutfitList.jsx
FN:13,(anonymous_0)
FN:22,(anonymous_1)
FN:26,(anonymous_2)
FN:30,(anonymous_3)
FN:39,(anonymous_4)
FN:71,(anonymous_5)
FN:72,(anonymous_6)
FN:73,(anonymous_7)
FN:77,(anonymous_8)
FN:80,(anonymous_9)
FN:86,(anonymous_10)
FN:91,(anonymous_11)
FNF:12
FNH:5
FNDA:2,(anonymous_0)
FNDA:2,(anonymous_1)
FNDA:2,(anonymous_2)
FNDA:0,(anonymous_3)
FNDA:0,(anonymous_4)
FNDA:0,(anonymous_5)
FNDA:0,(anonymous_6)
FNDA:0,(anonymous_7)
FNDA:0,(anonymous_8)
FNDA:0,(anonymous_9)
FNDA:2,(anonymous_10)
FNDA:2,(anonymous_11)
DA:14,2
DA:15,2
DA:23,2
DA:26,2
DA:27,2
DA:28,2
DA:29,0
DA:30,0
DA:32,0
DA:35,0
DA:39,2
DA:40,0
DA:41,0
DA:42,0
DA:43,0
DA:45,0
DA:46,0
DA:49,0
DA:51,0
DA:71,2
DA:72,0
DA:73,0
DA:74,0
DA:77,2
DA:78,0
DA:79,0
DA:80,0
DA:81,0
DA:83,0
DA:87,2
DA:92,2
LF:31
LH:11
BRDA:42,0,0,0
BRDA:42,0,1,0
BRDA:80,1,0,0
BRDA:80,1,1,0
BRF:4
BRH:0
end_of_record
TN:
SF:client/src/Related/Price.jsx
FN:3,(anonymous_0)
FNF:1
FNH:0
FNDA:0,(anonymous_0)
DA:3,2
DA:4,0
DA:5,0
DA:12,0
LF:4
LH:1
BRDA:4,0,0,0
BRDA:4,0,1,0
BRF:2
BRH:0
end_of_record
TN:
SF:client/src/Related/RelatedList.jsx
FN:14,(anonymous_0)
FN:37,(anonymous_1)
FN:51,(anonymous_2)
FN:52,(anonymous_3)
FN:58,(anonymous_4)
FN:59,(anonymous_5)
FN:65,(anonymous_6)
FN:66,(anonymous_7)
FN:72,(anonymous_8)
FN:77,(anonymous_9)
FN:87,(anonymous_10)
FN:98,(anonymous_11)
FN:113,(anonymous_12)
FN:121,(anonymous_13)
FN:122,(anonymous_14)
FN:133,(anonymous_15)
FN:139,(anonymous_16)
FNF:17
FNH:6
FNDA:2,(anonymous_0)
FNDA:2,(anonymous_1)
FNDA:0,(anonymous_2)
FNDA:0,(anonymous_3)
FNDA:2,(anonymous_4)
FNDA:0,(anonymous_5)
FNDA:2,(anonymous_6)
FNDA:0,(anonymous_7)
FNDA:2,(anonymous_8)
FNDA:0,(anonymous_9)
FNDA:0,(anonymous_10)
FNDA:0,(anonymous_11)
FNDA:0,(anonymous_12)
FNDA:0,(anonymous_13)
FNDA:0,(anonymous_14)
FNDA:2,(anonymous_15)
FNDA:0,(anonymous_16)
DA:15,2
DA:16,2
DA:38,2
DA:39,2
DA:40,2
DA:51,2
DA:52,0
DA:53,0
DA:54,0
DA:58,2
DA:59,2
DA:60,0
DA:61,0
DA:65,2
DA:66,2
DA:67,0
DA:68,0
DA:72,2
DA:73,2
DA:74,2
DA:75,2
DA:76,0
DA:77,0
DA:78,0
DA:79,0
DA:81,0
DA:83,0
DA:87,2
DA:88,0
DA:89,0
DA:90,0
DA:92,0
DA:94,0
DA:98,2
DA:99,0
DA:100,0
DA:101,0
DA:102,0
DA:104,0
DA:105,0
DA:108,0
DA:110,0
DA:113,2
DA:114,0
DA:115,0
DA:116,0
DA:117,0
DA:118,0
DA:121,2
DA:122,0
DA:123,0
DA:125,0
DA:126,0
DA:127,0
DA:128,0
DA:134,2
DA:140,0
LF:57
LH:19
BRDA:101,0,0,0
BRDA:101,0,1,0
BRDA:125,1,0,0
BRDA:125,1,1,0
BRF:4
BRH:0
end_of_record
TN:
SF:server/routes/RelatedFakeData.js
FNF:0
FNH:0
DA:1,1
DA:58,1
DA:261,1
DA:267,1
DA:399,1
DA:1643,1
DA:1644,1
DA:1645,1
DA:1646,1
DA:1647,1
LF:10
LH:10
BRF:0
BRH:0
end_of_record
TN:
SF:server/routes/ReviewsfakeData.js
FN:1,(anonymous_0)
FN:2,(anonymous_1)
FNF:2
FNH:2
FNDA:255,(anonymous_0)
FNDA:10,(anonymous_1)
DA:1,255
DA:2,10
DA:4,1
DA:148,1
DA:174,1
DA:175,1
LF:6
LH:6
BRF:0
BRH:0
end_of_record
